\BOOKMARK [0][-]{chapter.1}{\376\377\000T\000e\000r\000m\000o\000d\000i\000n\000a\000m\000i\000c\000a\000\040\000-\000\040\000I\000\040\000p\000r\000i\000n\000c\000i\000p\000i\000o}{}% 1
\BOOKMARK [1][-]{section.1.1}{\376\377\000T\000e\000r\000m\000o\000m\000e\000t\000r\000i\000a}{chapter.1}% 2
\BOOKMARK [2][-]{subsection.1.1.1}{\376\377\000V\000a\000r\000i\000a\000b\000i\000l\000i\000\040\000t\000e\000r\000m\000o\000d\000i\000n\000a\000m\000i\000c\000h\000e}{section.1.1}% 3
\BOOKMARK [1][-]{section.1.2}{\376\377\000E\000q\000u\000i\000l\000i\000b\000r\000i\000o\000\040\000t\000e\000r\000m\000i\000c\000o}{chapter.1}% 4
\BOOKMARK [2][-]{subsection.1.2.1}{\376\377\000T\000e\000r\000m\000o\000m\000e\000t\000r\000o\000\040\000a\000\040\000g\000a\000s}{section.1.2}% 5
\BOOKMARK [2][-]{subsection.1.2.2}{\376\377\000D\000i\000l\000a\000t\000a\000z\000i\000o\000n\000e\000\040\000t\000e\000r\000m\000i\000c\000a}{section.1.2}% 6
\BOOKMARK [1][-]{section.1.3}{\376\377\000E\000s\000p\000e\000r\000i\000m\000e\000n\000t\000i\000\040\000d\000i\000\040\000J\000o\000u\000l\000e}{chapter.1}% 7
\BOOKMARK [2][-]{subsection.1.3.1}{\376\377\000P\000r\000i\000m\000o\000\040\000p\000r\000i\000n\000c\000i\000p\000i\000o\000\040\000d\000e\000l\000l\000a\000\040\000t\000e\000r\000m\000o\000d\000i\000n\000a\000m\000i\000c\000a}{section.1.3}% 8
\BOOKMARK [2][-]{subsection.1.3.2}{\376\377\000E\000n\000e\000r\000g\000i\000a\000\040\000i\000n\000t\000e\000r\000n\000a}{section.1.3}% 9
\BOOKMARK [2][-]{subsection.1.3.3}{\376\377\000T\000r\000a\000s\000f\000o\000r\000m\000a\000z\000i\000o\000n\000i\000\040\000t\000e\000r\000m\000o\000d\000i\000n\000a\000m\000i\000c\000h\000e}{section.1.3}% 10
\BOOKMARK [1][-]{section.1.4}{\376\377\000C\000a\000l\000o\000r\000i\000m\000e\000t\000r\000i\000a}{chapter.1}% 11
\BOOKMARK [2][-]{subsection.1.4.1}{\376\377\000C\000a\000l\000o\000r\000e\000\040\000s\000p\000e\000c\000i\000f\000i\000c\000o}{section.1.4}% 12
\BOOKMARK [3][-]{equation.1.4.5}{\376\377\000M\000i\000s\000u\000r\000a\000\040\000d\000e\000l\000\040\000c\000a\000l\000o\000r\000e\000\040\000s\000p\000e\000c\000i\000f\000i\000c\000o}{subsection.1.4.1}% 13
\BOOKMARK [3][-]{equation.1.4.5}{\376\377\000P\000r\000o\000c\000e\000s\000s\000i\000\040\000i\000s\000o\000t\000e\000r\000m\000i\000:\000\040\000c\000a\000m\000b\000i\000a\000m\000e\000n\000t\000i\000\040\000d\000i\000\040\000f\000a\000s\000e}{subsection.1.4.1}% 14
\BOOKMARK [3][-]{equation.1.4.6}{\376\377\000S\000o\000r\000g\000e\000n\000t\000i\000\040\000d\000i\000\040\000c\000a\000l\000o\000r\000e}{subsection.1.4.1}% 15
\BOOKMARK [1][-]{section.1.5}{\376\377\000T\000r\000a\000s\000m\000i\000s\000s\000i\000o\000n\000e\000\040\000d\000e\000l\000\040\000c\000a\000l\000o\000r\000e}{chapter.1}% 16
\BOOKMARK [2][-]{subsection.1.5.1}{\376\377\000C\000o\000n\000d\000u\000z\000i\000o\000n\000e}{section.1.5}% 17
\BOOKMARK [2][-]{subsection.1.5.2}{\376\377\000C\000o\000n\000v\000e\000z\000i\000o\000n\000e}{section.1.5}% 18
\BOOKMARK [2][-]{subsection.1.5.3}{\376\377\000I\000r\000r\000a\000g\000g\000i\000a\000m\000e\000n\000t\000o}{section.1.5}% 19
\BOOKMARK [2][-]{subsection.1.5.4}{\376\377\000C\000a\000l\000o\000r\000e\000\040\000t\000r\000a\000\040\000s\000o\000l\000i\000d\000o\000\040\000e\000\040\000f\000l\000u\000i\000d\000o}{section.1.5}% 20
\BOOKMARK [0][-]{chapter.2}{\376\377\000G\000a\000s\000\040\000i\000d\000e\000a\000l\000i\000\040\000e\000\040\000r\000e\000a\000l\000i}{}% 21
\BOOKMARK [1][-]{subsection.2.0.1}{\376\377\000L\000e\000g\000g\000e\000\040\000i\000s\000o\000t\000e\000r\000m\000a\000\040\000d\000i\000\040\000B\000o\000y\000l\000e}{chapter.2}% 22
\BOOKMARK [2][-]{subsection.2.0.2}{\376\377\000L\000e\000g\000g\000e\000\040\000i\000s\000o\000b\000a\000r\000a\000\040\000d\000i\000\040\000G\000a\000y\000-\000L\000u\000s\000s\000a\000c}{subsection.2.0.1}% 23
\BOOKMARK [2][-]{subsection.2.0.3}{\376\377\000L\000e\000g\000g\000e\000\040\000i\000s\000o\000c\000o\000r\000a\000\040\000d\000i\000\040\000G\000a\000y\000-\000L\000u\000s\000s\000a\000c}{subsection.2.0.1}% 24
\BOOKMARK [2][-]{subsection.2.0.4}{\376\377\000L\000e\000g\000g\000e\000\040\000d\000i\000\040\000a\000v\000o\000g\000a\000d\000r\000o}{subsection.2.0.1}% 25
\BOOKMARK [2][-]{subsection.2.0.5}{\376\377\000E\000q\000u\000a\000z\000i\000o\000n\000e\000\040\000d\000i\000\040\000s\000t\000a\000t\000o\000\040\000d\000e\000i\000\040\000g\000a\000s\000\040\000i\000d\000e\000a\000l\000i}{subsection.2.0.1}% 26
\BOOKMARK [1][-]{section.2.1}{\376\377\000T\000r\000a\000s\000f\000o\000r\000m\000a\000z\000i\000o\000n\000i\000\040\000d\000i\000\040\000u\000n\000\040\000g\000a\000s}{chapter.2}% 27
\BOOKMARK [2][-]{subsection.2.1.1}{\376\377\000C\000a\000l\000o\000r\000e\000\040\000e\000\040\000e\000n\000e\000r\000g\000i\000a\000\040\000i\000n\000t\000e\000r\000n\000a\000\040\000d\000e\000l\000\040\000g\000a\000s\000\040\000i\000d\000e\000a\000l\000e}{section.2.1}% 28
\BOOKMARK [1][-]{section.2.2}{\376\377\000R\000e\000l\000a\000z\000i\000o\000n\000e\000\040\000d\000i\000\040\000M\000a\000y\000e\000r}{chapter.2}% 29
\BOOKMARK [1][-]{section.2.3}{\376\377\000T\000r\000a\000s\000f\000o\000r\000m\000a\000z\000i\000o\000n\000i\000\040\000a\000d\000i\000a\000b\000a\000t\000i\000c\000h\000e}{chapter.2}% 30
\BOOKMARK [1][-]{section.2.4}{\376\377\000T\000r\000a\000s\000f\000o\000r\000m\000a\000z\000i\000o\000n\000i}{chapter.2}% 31
\BOOKMARK [1][-]{section.2.5}{\376\377\000R\000e\000n\000d\000i\000m\000e\000n\000t\000o}{chapter.2}% 32
\BOOKMARK [1][-]{section.2.6}{\376\377\000C\000i\000c\000l\000i}{chapter.2}% 33
\BOOKMARK [1][-]{section.2.7}{\376\377\000G\000a\000s\000\040\000r\000e\000a\000l\000i}{chapter.2}% 34
\BOOKMARK [1][-]{section.2.8}{\376\377\000T\000e\000o\000r\000i\000a\000\040\000c\000i\000n\000e\000t\000i\000c\000a\000\040\000d\000e\000i\000\040\000g\000a\000s\000\040\000i\000d\000e\000a\000l\000i}{chapter.2}% 35
\BOOKMARK [0][-]{chapter.3}{\376\377\000T\000e\000r\000m\000o\000d\000i\000n\000a\000m\000i\000c\000a\000\040\000-\000\040\000I\000I\000\040\000p\000r\000i\000n\000c\000i\000p\000i\000o}{}% 36
\BOOKMARK [1][-]{section.3.1}{\376\377\000S\000e\000c\000o\000n\000d\000o\000\040\000p\000r\000i\000n\000c\000i\000p\000i\000o\000\040\000d\000e\000l\000l\000a\000\040\000t\000e\000r\000m\000o\000d\000i\000n\000a\000m\000i\000c\000a}{chapter.3}% 37
\BOOKMARK [2][-]{subsection.3.1.1}{\376\377\000E\000n\000u\000n\000c\000i\000a\000t\000o\000\040\000d\000i\000\040\000K\000e\000l\000v\000i\000n\000-\000P\000l\000a\000n\000k}{section.3.1}% 38
\BOOKMARK [2][-]{subsection.3.1.2}{\376\377\000E\000n\000u\000n\000c\000i\000a\000t\000o\000\040\000d\000i\000\040\000C\000l\000a\000u\000s\000i\000u\000s}{section.3.1}% 39
\BOOKMARK [3][-]{Item.18}{\376\377\000C\000i\000c\000l\000o\000\040\000m\000o\000n\000o\000t\000e\000r\000m\000o}{subsection.3.1.2}% 40
\BOOKMARK [1][-]{section.3.2}{\376\377\000T\000e\000o\000r\000e\000m\000a\000\040\000d\000i\000\040\000C\000a\000r\000n\000o\000t\000\040\000-\000\040\000e\000s\000p\000r\000e\000s\000s\000i\000o\000n\000e\000\040\000m\000a\000t\000e\000m\000a\000t\000i\000c\000a}{chapter.3}% 41
\BOOKMARK [2][-]{equation.3.2.2}{\376\377\000S\000t\000u\000d\000i\000o\000\040\000d\000e\000l\000\040\000r\000e\000n\000d\000i\000m\000e\000n\000t\000o\000\040\000m\000a\000s\000s\000i\000m\000o}{section.3.2}% 42
\BOOKMARK [2][-]{subsection.3.2.1}{\376\377\000T\000e\000o\000r\000e\000m\000a\000\040\000d\000i\000\040\000C\000l\000a\000u\000s\000i\000u\000s}{section.3.2}% 43
\BOOKMARK [2][-]{subsection.3.2.2}{\376\377\000T\000e\000m\000p\000e\000r\000a\000t\000u\000r\000a\000\040\000t\000e\000r\000m\000o\000d\000i\000n\000a\000m\000i\000c\000a\000\040\000a\000s\000s\000o\000l\000u\000t\000a}{section.3.2}% 44
\BOOKMARK [1][-]{section.3.3}{\376\377\000E\000n\000t\000r\000o\000p\000i\000a}{chapter.3}% 45
\BOOKMARK [2][-]{subsection.3.3.1}{\376\377\000P\000r\000i\000n\000c\000i\000p\000i\000o\000\040\000d\000i\000\040\000a\000u\000m\000e\000n\000t\000o\000\040\000d\000e\000l\000l\000'\000e\000n\000t\000r\000o\000p\000i\000a}{section.3.3}% 46
\BOOKMARK [2][-]{subsection.3.3.2}{\376\377\000C\000a\000l\000c\000o\000l\000i\000\040\000d\000i\000\040\000v\000a\000r\000i\000a\000z\000i\000o\000n\000e\000\040\000d\000i\000\040\000e\000n\000t\000r\000o\000p\000i\000a}{section.3.3}% 47
\BOOKMARK [3][-]{section*.2}{\376\377\000S\000c\000a\000m\000b\000i\000\040\000d\000i\000\040\000c\000a\000l\000o\000r\000e\000\040\000c\000o\000n\000\040\000s\000o\000r\000g\000e\000n\000t\000i}{subsection.3.3.2}% 48
\BOOKMARK [3][-]{section*.2}{\376\377\000S\000c\000a\000m\000b\000i\000\040\000d\000i\000\040\000c\000a\000l\000o\000r\000e\000\040\000t\000r\000a\000\040\000c\000o\000r\000p\000i}{subsection.3.3.2}% 49
\BOOKMARK [3][-]{section*.2}{\376\377\000C\000a\000m\000b\000i\000a\000m\000e\000n\000t\000i\000\040\000d\000i\000\040\000f\000a\000s\000e}{subsection.3.3.2}% 50
