\BOOKMARK [0][-]{chapter.1}{\376\377\000E\000l\000e\000t\000t\000r\000o\000s\000t\000a\000t\000i\000c\000a}{}% 1
\BOOKMARK [1][-]{section.1.1}{\376\377\000C\000a\000m\000p\000o\000\040\000e\000l\000e\000t\000t\000r\000o\000s\000t\000a\000t\000i\000c\000o}{chapter.1}% 2
\BOOKMARK [2][-]{subsection.1.1.1}{\376\377\000D\000i\000p\000o\000l\000o\000\040\000e\000l\000e\000t\000t\000r\000i\000c\000o}{section.1.1}% 3
\BOOKMARK [1][-]{section.1.2}{\376\377\000L\000a\000v\000o\000r\000o\000\040\000e\000l\000e\000t\000t\000r\000i\000c\000o}{chapter.1}% 4
\BOOKMARK [2][-]{subsection.1.2.1}{\376\377\000T\000e\000n\000s\000i\000o\000n\000e\000\040\000e\000l\000e\000t\000t\000r\000i\000c\000a\000\040\000e\000\040\000f\000o\000r\000z\000a\000\040\000e\000l\000e\000t\000t\000r\000o\000m\000o\000t\000r\000i\000c\000e}{section.1.2}% 5
\BOOKMARK [2][-]{subsection.1.2.2}{\376\377\000P\000o\000t\000e\000n\000z\000i\000a\000l\000e\000\040\000e\000l\000e\000t\000t\000r\000o\000s\000t\000a\000t\000i\000c\000o\000\040\000e\000d\000\040\000e\000n\000e\000r\000g\000i\000a\000\040\000p\000o\000t\000e\000n\000z\000i\000a\000l\000e}{section.1.2}% 6
\BOOKMARK [1][-]{section.1.3}{\376\377\000F\000l\000u\000s\000s\000o\000\040\000d\000i\000\040\000c\000a\000m\000p\000o\000\040\000e\000l\000e\000t\000t\000r\000i\000c\000o}{chapter.1}% 7
\BOOKMARK [2][-]{subsection.1.3.1}{\376\377\000R\000o\000t\000o\000r\000e\000\040\000d\000i\000\040\000u\000n\000\040\000c\000a\000m\000p\000o\000\040\000v\000e\000t\000t\000o\000r\000i\000a\000l\000e}{section.1.3}% 8
\BOOKMARK [2][-]{subsection.1.3.2}{\376\377\000D\000i\000v\000e\000r\000g\000e\000n\000z\000a\000\040\000d\000i\000\040\000u\000n\000\040\000c\000a\000m\000p\000o\000\040\000v\000e\000t\000t\000o\000r\000i\000a\000l\000e}{section.1.3}% 9
\BOOKMARK [2][-]{subsection.1.3.3}{\376\377\000E\000q\000u\000a\000z\000i\000o\000n\000i\000\040\000d\000i\000\040\000M\000a\000x\000w\000e\000l\000l\000\040\000P\000o\000i\000s\000s\000o\000n\000\040\000e\000\040\000L\000a\000p\000l\000a\000c\000e}{section.1.3}% 10
\BOOKMARK [1][-]{section.1.4}{\376\377\000C\000o\000n\000d\000u\000t\000t\000o\000r\000i}{chapter.1}% 11
\BOOKMARK [2][-]{subsection.1.4.1}{\376\377\000C\000a\000m\000p\000o\000\040\000e\000l\000e\000t\000t\000r\000i\000c\000o\000\040\000i\000n\000d\000o\000t\000t\000o}{section.1.4}% 12
\BOOKMARK [2][-]{subsection.1.4.2}{\376\377\000C\000o\000n\000d\000u\000t\000t\000r\000e\000\040\000c\000a\000v\000o}{section.1.4}% 13
\BOOKMARK [2][-]{subsection.1.4.3}{\376\377\000C\000o\000n\000d\000e\000n\000s\000a\000t\000o\000r\000i}{section.1.4}% 14
\BOOKMARK [2][-]{subsection.1.4.4}{\376\377\000C\000a\000r\000i\000c\000a\000\040\000e\000\040\000s\000c\000a\000r\000i\000c\000a\000\040\000d\000i\000\040\000u\000n\000\040\000c\000o\000n\000d\000e\000n\000s\000a\000t\000o\000r\000e}{section.1.4}% 15
\BOOKMARK [2][-]{subsection.1.4.5}{\376\377\000E\000n\000e\000r\000g\000i\000a\000\040\000d\000e\000l\000\040\000c\000a\000m\000p\000o\000\040\000e\000l\000e\000t\000t\000r\000o\000s\000t\000a\000t\000i\000c\000o}{section.1.4}% 16
\BOOKMARK [2][-]{subsection.1.4.6}{\376\377\000D\000i\000s\000c\000o\000n\000t\000i\000n\000u\000i\000t\000\340\000\040\000d\000i\000\040\000c\000a\000r\000i\000c\000a\000\040\000n\000e\000i\000\040\000c\000o\000n\000d\000u\000t\000t\000o\000r\000i}{section.1.4}% 17
\BOOKMARK [1][-]{section.1.5}{\376\377\000D\000i\000e\000l\000e\000t\000t\000r\000i\000c\000i}{chapter.1}% 18
\BOOKMARK [2][-]{subsection.1.5.1}{\376\377\000P\000o\000l\000a\000r\000i\000z\000z\000a\000z\000i\000o\000n\000e}{section.1.5}% 19
\BOOKMARK [2][-]{subsection.1.5.2}{\376\377\000I\000n\000d\000u\000z\000i\000o\000n\000e\000\040\000d\000i\000e\000l\000e\000t\000t\000r\000i\000c\000a}{section.1.5}% 20
\BOOKMARK [2][-]{subsection.1.5.3}{\376\377\000D\000i\000e\000l\000e\000t\000t\000r\000i\000c\000i\000\040\000i\000s\000o\000t\000r\000o\000p\000i\000\040\000e\000\040\000a\000n\000i\000s\000o\000t\000r\000o\000p\000i}{section.1.5}% 21
\BOOKMARK [2][-]{subsection.1.5.4}{\376\377\000D\000i\000s\000c\000o\000n\000t\000i\000n\000u\000i\000t\000\340\000\040\000d\000i\000\040\000c\000a\000r\000i\000c\000a\000\040\000n\000e\000i\000\040\000d\000i\000e\000l\000e\000t\000t\000r\000i\000c\000i}{section.1.5}% 22
\BOOKMARK [2][-]{subsection.1.5.5}{\376\377\000E\000n\000e\000r\000g\000i\000a\000\040\000e\000l\000e\000t\000t\000r\000o\000s\000t\000a\000t\000i\000c\000a\000\040\000n\000e\000i\000\040\000d\000i\000e\000l\000e\000t\000t\000r\000i\000c\000i}{section.1.5}% 23
\BOOKMARK [2][-]{subsection.1.5.6}{\376\377\000M\000e\000c\000c\000a\000n\000i\000s\000m\000i\000\040\000d\000i\000\040\000p\000o\000l\000a\000r\000i\000z\000z\000a\000z\000i\000o\000n\000e\000\040\000n\000e\000i\000\040\000d\000i\000e\000l\000e\000t\000t\000r\000i\000c\000i}{section.1.5}% 24
\BOOKMARK [1][-]{section.1.6}{\376\377\000C\000o\000r\000r\000e\000n\000t\000e\000\040\000e\000l\000e\000t\000t\000r\000i\000c\000a}{chapter.1}% 25
\BOOKMARK [2][-]{subsection.1.6.1}{\376\377\000L\000e\000g\000g\000e\000\040\000d\000i\000\040\000c\000o\000n\000s\000e\000r\000v\000a\000z\000i\000o\000n\000e\000\040\000d\000e\000l\000l\000a\000\040\000c\000a\000r\000i\000c\000a}{section.1.6}% 26
\BOOKMARK [2][-]{subsection.1.6.2}{\376\377\000R\000e\000g\000i\000m\000e\000\040\000d\000i\000\040\000c\000o\000r\000r\000e\000n\000t\000e\000\040\000s\000t\000a\000z\000i\000o\000n\000a\000r\000i\000a}{section.1.6}% 27
\BOOKMARK [2][-]{subsection.1.6.3}{\376\377\000C\000o\000n\000d\000u\000z\000i\000o\000n\000e\000\040\000e\000l\000e\000t\000t\000r\000i\000c\000a}{section.1.6}% 28
\BOOKMARK [2][-]{subsection.1.6.4}{\376\377\000L\000e\000g\000g\000e\000\040\000d\000i\000\040\000O\000h\000m\000\040\000p\000e\000r\000\040\000c\000o\000n\000d\000u\000t\000t\000o\000r\000i\000\040\000m\000e\000t\000a\000l\000l\000i\000c\000i}{section.1.6}% 29
\BOOKMARK [2][-]{subsection.1.6.5}{\376\377\000F\000o\000r\000z\000a\000\040\000e\000l\000e\000t\000t\000r\000o\000m\000o\000t\000r\000i\000c\000e\000\040\000e\000\040\000g\000e\000n\000e\000r\000a\000t\000o\000r\000i}{section.1.6}% 30
\BOOKMARK [0][-]{chapter.2}{\376\377\000M\000a\000g\000n\000e\000t\000i\000s\000m\000o}{}% 31
\BOOKMARK [1][-]{section.2.1}{\376\377\000C\000a\000m\000p\000o\000\040\000m\000a\000g\000n\000e\000t\000i\000c\000o}{chapter.2}% 32
\BOOKMARK [2][-]{subsection.2.1.1}{\376\377\000F\000l\000u\000s\000s\000o\000\040\000d\000i\000\040\000c\000a\000m\000p\000o\000\040\000m\000a\000g\000n\000e\000t\000i\000c\000o}{section.2.1}% 33
\BOOKMARK [2][-]{subsection.2.1.2}{\376\377\000F\000o\000r\000z\000a\000\040\000d\000i\000\040\000L\000o\000r\000e\000n\000t\000z}{section.2.1}% 34
\BOOKMARK [2][-]{subsection.2.1.3}{\376\377\000M\000o\000m\000e\000n\000t\000i\000\040\000e\000\040\000a\000p\000p\000l\000i\000c\000a\000z\000i\000o\000n\000i\000\040\000d\000e\000l\000\040\000f\000l\000u\000s\000s\000o}{section.2.1}% 35
\BOOKMARK [2][-]{subsection.2.1.4}{\376\377\000E\000f\000f\000e\000t\000t\000o\000\040\000H\000a\000l\000l}{section.2.1}% 36
\BOOKMARK [2][-]{subsection.2.1.5}{\376\377\000S\000o\000r\000g\000e\000n\000t\000i\000\040\000f\000i\000l\000i\000f\000o\000r\000m\000i\000:\000\040\000L\000e\000g\000g\000e\000\040\000d\000i\000\040\000L\000a\000p\000l\000a\000c\000e\000\040\000e\000\040\000d\000i\000\040\000A\000m\000p\000\351\000r\000e}{section.2.1}% 37
\BOOKMARK [1][-]{section.2.2}{\376\377\000P\000r\000o\000p\000r\000i\000e\000t\000\340\000\040\000m\000a\000g\000n\000e\000t\000i\000c\000h\000e\000\040\000d\000e\000l\000l\000a\000\040\000m\000a\000t\000e\000r\000i\000a}{chapter.2}% 38
\BOOKMARK [2][-]{subsection.2.2.1}{\376\377\000M\000a\000g\000n\000e\000t\000i\000z\000z\000a\000z\000i\000o\000n\000e}{section.2.2}% 39
\BOOKMARK [2][-]{subsection.2.2.2}{\376\377\000C\000o\000r\000r\000e\000n\000t\000i\000\040\000a\000m\000p\000\351\000r\000i\000a\000n\000e}{section.2.2}% 40
\BOOKMARK [2][-]{subsection.2.2.3}{\376\377\000I\000l\000\040\000c\000a\000m\000p\000o\000\040}{section.2.2}% 41
\BOOKMARK [2][-]{subsection.2.2.4}{\376\377\000D\000i\000s\000c\000o\000n\000t\000i\000n\000u\000i\000t\000\340\000\040\000d\000e\000i\000\040\000c\000a\000m\000p\000i\000\040\000t\000r\000a\000\040\000d\000u\000e\000\040\000m\000e\000z\000z\000i\000\040\000m\000a\000g\000n\000e\000t\000i\000z\000z\000a\000t\000i}{section.2.2}% 42
\BOOKMARK [1][-]{section.2.3}{\376\377\000C\000a\000m\000p\000i\000\040\000e\000l\000e\000t\000t\000r\000i\000c\000i\000\040\000e\000\040\000m\000a\000g\000n\000e\000t\000i\000c\000i\000\040\000v\000a\000r\000i\000a\000b\000i\000l\000i\000\040\000n\000e\000l\000\040\000t\000e\000m\000p\000o}{chapter.2}% 43
\BOOKMARK [2][-]{subsection.2.3.1}{\376\377\000I\000n\000d\000u\000z\000i\000o\000n\000e\000\040\000e\000l\000e\000t\000t\000r\000o\000m\000a\000g\000n\000e\000t\000i\000c\000a}{section.2.3}% 44
\BOOKMARK [2][-]{subsection.2.3.2}{\376\377\000C\000o\000r\000r\000e\000n\000t\000i\000\040\000s\000i\000n\000u\000s\000o\000i\000d\000a\000l\000i}{section.2.3}% 45
\BOOKMARK [2][-]{subsection.2.3.3}{\376\377\000A\000u\000t\000o\000n\000d\000u\000z\000i\000o\000n\000e}{section.2.3}% 46
\BOOKMARK [2][-]{subsection.2.3.4}{\376\377\000E\000n\000e\000r\000g\000i\000a\000\040\000m\000a\000g\000n\000e\000t\000i\000c\000a\000\040\000\050\000a\000t\000t\000o\000\040\0001\000\051}{section.2.3}% 47
\BOOKMARK [2][-]{subsection.2.3.5}{\376\377\000M\000u\000t\000u\000a\000\040\000i\000n\000d\000u\000z\000i\000o\000n\000e}{section.2.3}% 48
\BOOKMARK [2][-]{subsection.2.3.6}{\376\377\000E\000n\000e\000r\000g\000i\000a\000\040\000m\000a\000g\000n\000e\000t\000i\000c\000a\000\040\000\050\000a\000t\000t\000o\000\040\0002\000\051}{section.2.3}% 49
\BOOKMARK [2][-]{subsection.2.3.7}{\376\377\000C\000o\000r\000r\000e\000n\000t\000e\000\040\000d\000i\000\040\000s\000p\000o\000s\000t\000a\000m\000e\000n\000t\000o}{section.2.3}% 50
\BOOKMARK [1][-]{section.2.4}{\376\377\000E\000q\000u\000a\000z\000i\000o\000n\000i\000\040\000d\000i\000\040\000M\000a\000x\000w\000e\000l\000l}{chapter.2}% 51
\BOOKMARK [1][-]{section.2.5}{\376\377\000A\000p\000p\000l\000i\000c\000a\000z\000i\000o\000n\000i\000\040\000i\000n\000\040\000a\000l\000c\000u\000n\000i\000\040\000m\000a\000c\000c\000h\000i\000n\000a\000r\000i}{chapter.2}% 52
\BOOKMARK [2][-]{subsection.2.5.1}{\376\377\000S\000p\000e\000t\000t\000r\000o\000m\000e\000t\000r\000o\000\040\000d\000i\000\040\000m\000a\000s\000s\000a}{section.2.5}% 53
\BOOKMARK [2][-]{subsection.2.5.2}{\376\377\000S\000e\000l\000e\000t\000t\000o\000r\000e\000\040\000d\000i\000\040\000v\000e\000l\000o\000c\000i\000t\000\340\000\040\000+\000\040\000s\000p\000e\000t\000t\000r\000o\000m\000e\000t\000r\000o\000\040\000d\000i\000\040\000B\000a\000i\000n\000b\000r\000i\000d\000g\000e}{section.2.5}% 54
\BOOKMARK [2][-]{subsection.2.5.3}{\376\377\000C\000i\000c\000l\000o\000t\000r\000o\000n\000e}{section.2.5}% 55
\BOOKMARK [2][-]{subsection.2.5.4}{\376\377\000B\000e\000t\000a\000t\000r\000o\000n\000e}{section.2.5}% 56
\BOOKMARK [2][-]{subsection.2.5.5}{\376\377\000G\000e\000n\000e\000r\000a\000t\000o\000r\000i}{section.2.5}% 57
\BOOKMARK [2][-]{subsection.2.5.6}{\376\377\000D\000i\000s\000c\000o\000\040\000d\000i\000\040\000B\000a\000r\000l\000o\000w}{section.2.5}% 58
\BOOKMARK [2][-]{subsection.2.5.7}{\376\377\000T\000r\000a\000s\000f\000o\000r\000m\000a\000t\000o\000r\000e}{section.2.5}% 59
