\BOOKMARK [0][-]{chapter.1}{\376\377\000E\000l\000e\000t\000t\000r\000o\000s\000t\000a\000t\000i\000c\000a}{}% 1
\BOOKMARK [1][-]{section.1.1}{\376\377\000C\000a\000m\000p\000o\000\040\000e\000l\000e\000t\000t\000r\000o\000s\000t\000a\000t\000i\000c\000o}{chapter.1}% 2
\BOOKMARK [2][-]{subsection.1.1.1}{\376\377\000D\000i\000p\000o\000l\000o\000\040\000e\000l\000e\000t\000t\000r\000i\000c\000o}{section.1.1}% 3
\BOOKMARK [3][-]{equation.1.1.1}{\376\377\000P\000o\000t\000e\000n\000z\000i\000a\000l\000e\000\040\000d\000e\000l\000\040\000d\000i\000p\000o\000l\000o}{subsection.1.1.1}% 4
\BOOKMARK [3][-]{equation.1.1.2}{\376\377\000C\000a\000m\000p\000o\000\040\000e\000l\000e\000t\000t\000r\000i\000c\000o\000\040\000d\000e\000l\000\040\000d\000i\000p\000o\000l\000o}{subsection.1.1.1}% 5
\BOOKMARK [1][-]{section.1.2}{\376\377\000L\000a\000v\000o\000r\000o\000\040\000e\000l\000e\000t\000t\000r\000i\000c\000o}{chapter.1}% 6
\BOOKMARK [2][-]{subsection.1.2.1}{\376\377\000T\000e\000n\000s\000i\000o\000n\000e\000\040\000e\000l\000e\000t\000t\000r\000i\000c\000a\000\040\000e\000\040\000f\000o\000r\000z\000a\000\040\000e\000l\000e\000t\000t\000r\000o\000m\000o\000t\000r\000i\000c\000e}{section.1.2}% 7
\BOOKMARK [2][-]{subsection.1.2.2}{\376\377\000P\000o\000t\000e\000n\000z\000i\000a\000l\000e\000\040\000e\000l\000e\000t\000t\000r\000o\000s\000t\000a\000t\000i\000c\000o\000\040\000e\000d\000\040\000e\000n\000e\000r\000g\000i\000a\000\040\000p\000o\000t\000e\000n\000z\000i\000a\000l\000e}{section.1.2}% 8
\BOOKMARK [1][-]{section.1.3}{\376\377\000F\000l\000u\000s\000s\000o\000\040\000d\000i\000\040\000c\000a\000m\000p\000o\000\040\000e\000l\000e\000t\000t\000r\000i\000c\000o}{chapter.1}% 9
\BOOKMARK [2][-]{subsection.1.3.1}{\376\377\000R\000o\000t\000o\000r\000e\000\040\000d\000i\000\040\000u\000n\000\040\000c\000a\000m\000p\000o\000\040\000v\000e\000t\000t\000o\000r\000i\000a\000l\000e}{section.1.3}% 10
\BOOKMARK [3][-]{section*.2}{\376\377\000T\000e\000o\000r\000e\000m\000a\000\040\000d\000i\000\040\000S\000t\000o\000k\000e\000s}{subsection.1.3.1}% 11
\BOOKMARK [2][-]{subsection.1.3.2}{\376\377\000D\000i\000v\000e\000r\000g\000e\000n\000z\000a\000\040\000d\000i\000\040\000u\000n\000\040\000c\000a\000m\000p\000o\000\040\000v\000e\000t\000t\000o\000r\000i\000a\000l\000e}{section.1.3}% 12
\BOOKMARK [1][-]{section.1.4}{\376\377\000C\000o\000n\000d\000u\000t\000t\000o\000r\000i}{chapter.1}% 13
\BOOKMARK [2][-]{subsection.1.4.1}{\376\377\000D\000i\000s\000c\000o\000n\000t\000i\000n\000u\000i\000t\000\340\000\040\000d\000i\000\040\000c\000a\000r\000i\000c\000a\000\040\000n\000e\000i\000\040\000c\000o\000n\000d\000u\000t\000t\000o\000r\000i}{section.1.4}% 14
\BOOKMARK [2][-]{subsection.1.4.2}{\376\377\000C\000o\000n\000d\000e\000n\000s\000a\000t\000o\000r\000i}{section.1.4}% 15
\BOOKMARK [1][-]{section.1.5}{\376\377\000D\000i\000e\000l\000e\000t\000t\000r\000i\000c\000i}{chapter.1}% 16
\BOOKMARK [2][-]{subsection.1.5.1}{\376\377\000P\000o\000l\000a\000r\000i\000z\000z\000a\000z\000i\000o\000n\000e}{section.1.5}% 17
\BOOKMARK [3][-]{equation.1.5.10}{\376\377\000C\000a\000m\000p\000o\000\040\000e\000l\000e\000t\000t\000r\000o\000s\000t\000a\000t\000i\000c\000o\000\040\000p\000r\000o\000d\000o\000t\000t\000o\000\040\000d\000a\000\040\000u\000n\000\040\000d\000i\000e\000l\000e\000t\000t\000r\000i\000c\000o\000\040\000p\000o\000l\000a\000r\000i\000z\000z\000a\000t\000o}{subsection.1.5.1}% 18
\BOOKMARK [4][-]{section*.3}{\376\377\000P\000o\000l\000a\000r\000i\000z\000z\000a\000z\000i\000o\000n\000e\000\040\000u\000n\000i\000f\000o\000r\000m\000e}{equation.1.5.10}% 19
\BOOKMARK [4][-]{equation.1.5.11}{\376\377\000P\000o\000l\000a\000r\000i\000z\000z\000a\000z\000i\000o\000n\000e\000\040\000n\000o\000n\000\040\000u\000n\000i\000f\000o\000r\000m\000e}{equation.1.5.10}% 20
\BOOKMARK [3][-]{equation.1.5.12}{\376\377\000C\000a\000l\000c\000o\000l\000o\000\040\000d\000i\000\040\000V\000\040\000e\000\040\000d\000i\000\040\000\040\000c\000o\000n\000o\000s\000c\000e\000n\000d\000o\000\040}{subsection.1.5.1}% 21
\BOOKMARK [2][-]{subsection.1.5.2}{\376\377\000I\000n\000d\000u\000z\000i\000o\000n\000e\000\040\000d\000i\000e\000l\000e\000t\000t\000r\000i\000c\000a}{section.1.5}% 22
\BOOKMARK [3][-]{equation.1.5.13}{\376\377\000I\000l\000\040\000f\000l\000u\000s\000s\000o\000\040\000d\000i\000\040\000\040\000d\000i\000p\000e\000n\000d\000e\000\040\000s\000o\000l\000o\000\040\000d\000a\000l\000l\000e\000\040\000c\000a\000r\000i\000c\000h\000e\000\040\000l\000i\000b\000e\000r\000e}{subsection.1.5.2}% 23
\BOOKMARK [2][-]{subsection.1.5.3}{\376\377\000D\000i\000e\000l\000e\000t\000t\000r\000i\000c\000i\000\040\000i\000s\000o\000t\000r\000o\000p\000i\000\040\000e\000\040\000a\000n\000i\000s\000o\000t\000r\000o\000p\000i}{section.1.5}% 24
\BOOKMARK [3][-]{section*.4}{\376\377\000I\000s\000o\000t\000r\000o\000p\000i}{subsection.1.5.3}% 25
\BOOKMARK [3][-]{section*.4}{\376\377\000A\000n\000i\000s\000o\000t\000r\000o\000p\000i}{subsection.1.5.3}% 26
\BOOKMARK [2][-]{subsection.1.5.4}{\376\377\000D\000i\000s\000c\000o\000n\000t\000i\000n\000u\000i\000t\000\340\000\040\000d\000i\000\040\000c\000a\000r\000i\000c\000a\000\040\000n\000e\000i\000\040\000d\000i\000e\000l\000e\000t\000t\000r\000i\000c\000i}{section.1.5}% 27
\BOOKMARK [2][-]{subsection.1.5.5}{\376\377\000E\000n\000e\000r\000g\000i\000a\000\040\000e\000l\000e\000t\000t\000r\000o\000s\000t\000a\000t\000i\000c\000a\000\040\000n\000e\000i\000\040\000d\000i\000e\000l\000e\000t\000t\000r\000i\000c\000i}{section.1.5}% 28
\BOOKMARK [2][-]{subsection.1.5.6}{\376\377\000M\000e\000c\000c\000a\000n\000i\000s\000m\000i\000\040\000d\000i\000\040\000p\000o\000l\000a\000r\000i\000z\000z\000a\000z\000i\000o\000n\000e\000\040\000n\000e\000i\000\040\000d\000i\000e\000l\000e\000t\000t\000r\000i\000c\000i}{section.1.5}% 29
\BOOKMARK [3][-]{section*.5}{\376\377\000P\000o\000l\000a\000r\000i\000z\000z\000a\000z\000i\000o\000n\000e\000\040\000e\000l\000e\000t\000t\000r\000o\000n\000i\000c\000a\000\040\000i\000n\000\040\000u\000n\000\040\000g\000a\000s}{subsection.1.5.6}% 30
\BOOKMARK [3][-]{section*.5}{\376\377\000P\000o\000l\000a\000r\000i\000z\000z\000a\000z\000i\000o\000n\000e\000\040\000p\000e\000r\000\040\000o\000r\000i\000e\000n\000t\000a\000m\000e\000n\000t\000o\000\040\000i\000n\000\040\000u\000n\000\040\000g\000a\000s}{subsection.1.5.6}% 31
\BOOKMARK [1][-]{section.1.6}{\376\377\000C\000o\000r\000r\000e\000n\000t\000e\000\040\000e\000l\000e\000t\000t\000r\000i\000c\000a}{chapter.1}% 32
\BOOKMARK [2][-]{subsection.1.6.1}{\376\377\000L\000e\000g\000g\000e\000\040\000d\000i\000\040\000c\000o\000n\000s\000e\000r\000v\000a\000z\000i\000o\000n\000e\000\040\000d\000e\000l\000l\000a\000\040\000c\000a\000r\000i\000c\000a}{section.1.6}% 33
\BOOKMARK [2][-]{subsection.1.6.2}{\376\377\000R\000e\000g\000i\000m\000e\000\040\000d\000i\000\040\000c\000o\000r\000r\000e\000n\000t\000e\000\040\000s\000t\000a\000z\000i\000o\000n\000a\000r\000i\000a}{section.1.6}% 34
\BOOKMARK [2][-]{subsection.1.6.3}{\376\377\000C\000o\000n\000d\000u\000z\000i\000o\000n\000e\000\040\000e\000l\000e\000t\000t\000r\000i\000c\000a}{section.1.6}% 35
\BOOKMARK [2][-]{subsection.1.6.4}{\376\377\000F\000o\000r\000z\000a\000\040\000e\000l\000e\000t\000t\000r\000o\000m\000o\000t\000r\000i\000c\000e\000\040\000e\000\040\000g\000e\000n\000e\000r\000a\000t\000o\000r\000i}{section.1.6}% 36
\BOOKMARK [2][-]{subsection.1.6.5}{\376\377\000C\000a\000r\000i\000c\000a\000\040\000e\000\040\000s\000c\000a\000r\000i\000c\000a\000\040\000d\000i\000\040\000u\000n\000\040\000c\000o\000n\000d\000e\000n\000s\000a\000t\000o\000r\000e}{section.1.6}% 37
\BOOKMARK [0][-]{chapter.2}{\376\377\000M\000a\000g\000n\000e\000t\000i\000s\000m\000o}{}% 38
\BOOKMARK [1][-]{section.2.1}{\376\377\000C\000a\000m\000p\000o\000\040\000m\000a\000g\000n\000e\000t\000i\000c\000o}{chapter.2}% 39
\BOOKMARK [2][-]{subsection.2.1.1}{\376\377\000F\000l\000u\000s\000s\000o\000\040\000d\000i\000\040\000c\000a\000m\000p\000o\000\040\000m\000a\000g\000n\000e\000t\000i\000c\000o}{section.2.1}% 40
\BOOKMARK [2][-]{subsection.2.1.2}{\376\377\000F\000o\000r\000z\000a\000\040\000d\000i\000\040\000L\000o\000r\000e\000n\000t\000z}{section.2.1}% 41
\BOOKMARK [3][-]{equation.2.1.3}{\376\377\000F\000o\000r\000z\000a\000\040\000e\000s\000e\000r\000c\000i\000t\000a\000t\000a\000\040\000s\000u\000\040\000u\000n\000\040\000f\000i\000l\000o\000\040\000p\000e\000r\000c\000o\000r\000s\000o\000\040\000d\000a\000\040\000c\000o\000r\000r\000e\000n\000t\000e}{subsection.2.1.2}% 42
\BOOKMARK [3][-]{equation.2.1.5}{\376\377\000C\000a\000m\000p\000o\000\040\000m\000a\000g\000n\000e\000t\000i\000c\000o\000\040\000p\000r\000o\000d\000o\000t\000t\000o\000\040\000d\000a\000\040\000u\000n\000a\000\040\000c\000a\000r\000i\000c\000a\000\040\000i\000n\000\040\000m\000o\000t\000o}{subsection.2.1.2}% 43
\BOOKMARK [2][-]{subsection.2.1.3}{\376\377\000M\000o\000m\000e\000n\000t\000i\000\040\000e\000\040\000a\000p\000p\000l\000i\000c\000a\000z\000i\000o\000n\000i\000\040\000d\000e\000l\000\040\000f\000l\000u\000s\000s\000o}{section.2.1}% 44
\BOOKMARK [2][-]{subsection.2.1.4}{\376\377\000E\000f\000f\000e\000t\000t\000o\000\040\000H\000a\000l\000l}{section.2.1}% 45
\BOOKMARK [2][-]{subsection.2.1.5}{\376\377\000L\000e\000g\000g\000e\000\040\000d\000i\000\040\000L\000a\000p\000l\000a\000c\000e\000\040\000e\000\040\000l\000e\000g\000g\000e\000\040\000d\000i\000\040\000A\000m\000p\000\351\000r\000e}{section.2.1}% 46
\BOOKMARK [1][-]{section.2.2}{\376\377\000P\000r\000o\000p\000r\000i\000e\000t\000\340\000\040\000m\000a\000g\000n\000e\000t\000i\000c\000h\000e\000\040\000d\000e\000l\000l\000a\000\040\000m\000a\000t\000e\000r\000i\000a}{chapter.2}% 47
\BOOKMARK [2][-]{subsection.2.2.1}{\376\377\000M\000a\000g\000n\000e\000t\000i\000z\000z\000a\000z\000i\000o\000n\000e}{section.2.2}% 48
\BOOKMARK [3][-]{section*.6}{\376\377\000D\000e\000f\000i\000n\000i\000z\000i\000o\000n\000e\000\040\000d\000e\000l\000\040\000v\000e\000t\000t\000o\000r\000e\000\040\000m\000a\000g\000n\000e\000t\000i\000z\000z\000a\000z\000i\000o\000n\000e}{subsection.2.2.1}% 49
\BOOKMARK [2][-]{subsection.2.2.2}{\376\377\000C\000o\000r\000r\000e\000n\000t\000i\000\040\000a\000m\000p\000\351\000r\000i\000a\000n\000e}{section.2.2}% 50
\BOOKMARK [2][-]{subsection.2.2.3}{\376\377\000I\000l\000\040\000c\000a\000m\000p\000o\000\040}{section.2.2}% 51
\BOOKMARK [2][-]{subsection.2.2.4}{\376\377\000D\000i\000s\000c\000o\000n\000t\000i\000n\000u\000i\000t\000\340\000\040\000d\000e\000i\000\040\000c\000a\000m\000p\000i\000\040\000t\000r\000a\000\040\000d\000u\000e\000\040\000m\000e\000z\000z\000i\000\040\000m\000a\000g\000n\000e\000t\000i\000z\000z\000a\000t\000i}{section.2.2}% 52
\BOOKMARK [1][-]{section.2.3}{\376\377\000C\000a\000m\000p\000i\000\040\000e\000l\000e\000t\000t\000r\000i\000c\000i\000\040\000e\000\040\000m\000a\000g\000n\000e\000t\000i\000c\000i\000\040\000v\000a\000r\000i\000a\000b\000i\000l\000i\000\040\000n\000e\000l\000\040\000t\000e\000m\000p\000o}{chapter.2}% 53
\BOOKMARK [2][-]{subsection.2.3.1}{\376\377\000I\000n\000d\000u\000z\000i\000o\000n\000e\000\040\000e\000l\000e\000t\000t\000r\000o\000m\000a\000g\000n\000e\000t\000i\000c\000a}{section.2.3}% 54
\BOOKMARK [2][-]{subsection.2.3.2}{\376\377\000C\000o\000r\000r\000e\000n\000t\000i\000\040\000s\000i\000n\000u\000s\000o\000i\000d\000a\000l\000i}{section.2.3}% 55
\BOOKMARK [2][-]{subsection.2.3.3}{\376\377\000A\000u\000t\000o\000n\000d\000u\000z\000i\000o\000n\000e}{section.2.3}% 56
\BOOKMARK [2][-]{subsection.2.3.4}{\376\377\000E\000n\000e\000r\000g\000i\000a\000\040\000m\000a\000g\000n\000e\000t\000i\000c\000a}{section.2.3}% 57
\BOOKMARK [3][-]{section*.7}{\376\377\000C\000h\000i\000u\000s\000u\000r\000a\000\040\000c\000i\000r\000c\000u\000i\000t\000o}{subsection.2.3.4}% 58
\BOOKMARK [4][-]{equation.2.3.14}{\376\377\000A\000p\000e\000r\000t\000u\000r\000a\000\040\000c\000i\000r\000c\000u\000i\000t\000o}{subsection.2.3.4}% 59
\BOOKMARK [3][-]{equation.2.3.15}{\376\377\000G\000e\000n\000e\000r\000a\000l\000i\000z\000z\000a\000z\000i\000o\000n\000e}{subsection.2.3.4}% 60
\BOOKMARK [3][-]{equation.2.3.16}{\376\377\000A\000p\000p\000l\000i\000c\000a\000z\000i\000o\000n\000e\000\040\000n\000e\000l\000\040\000c\000i\000c\000l\000o\000\040\000d\000i\000\040\000i\000s\000t\000e\000r\000e\000s\000i}{subsection.2.3.4}% 61
\BOOKMARK [1][-]{section.2.4}{\376\377\000A\000p\000p\000l\000i\000c\000a\000z\000i\000o\000n\000i\000\040\000i\000n\000\040\000a\000l\000c\000u\000n\000i\000\040\000m\000a\000c\000c\000h\000i\000n\000a\000r\000i}{chapter.2}% 62
\BOOKMARK [2][-]{subsection.2.4.1}{\376\377\000S\000p\000e\000t\000t\000r\000o\000m\000e\000t\000r\000o\000\040\000d\000i\000\040\000m\000a\000s\000s\000a}{section.2.4}% 63
\BOOKMARK [2][-]{subsection.2.4.2}{\376\377\000S\000e\000l\000e\000t\000t\000o\000r\000e\000\040\000d\000i\000\040\000v\000e\000l\000o\000c\000i\000t\000\340}{section.2.4}% 64
\BOOKMARK [2][-]{subsection.2.4.3}{\376\377\000C\000i\000c\000l\000o\000t\000r\000o\000n\000e}{section.2.4}% 65
\BOOKMARK [2][-]{subsection.2.4.4}{\376\377\000B\000e\000t\000a\000t\000r\000o\000n\000e}{section.2.4}% 66
\BOOKMARK [0][-]{chapter.3}{\376\377\000A\000p\000p\000e\000n\000d\000i\000c\000e}{}% 67
\BOOKMARK [1][-]{section.3.1}{\376\377\000P\000r\000e\000c\000i\000s\000a\000z\000i\000o\000n\000i\000\040\000s\000u\000l\000l\000e\000\040\000d\000e\000f\000i\000n\000i\000z\000i\000o\000n\000i\000\040\000d\000i\000\040\000p\000o\000t\000e\000n\000z\000i\000a\000l\000e\000\040\000e\000l\000e\000t\000t\000r\000o\000s\000t\000a\000t\000i\000c\000o\000\040\000e\000d\000\040\000e\000n\000e\000r\000g\000i\000a\000\040\000p\000o\000t\000e\000n\000z\000i\000a\000l\000e}{chapter.3}% 68
\BOOKMARK [1][-]{section.3.2}{\376\377\000C\000a\000l\000c\000o\000l\000i\000\040\000d\000i\000\040\000c\000a\000m\000p\000i\000\040\000m\000a\000g\000n\000e\000t\000i\000c\000i}{chapter.3}% 69
\BOOKMARK [1][-]{section.3.3}{\376\377\000C\000i\000r\000c\000u\000i\000t\000i}{chapter.3}% 70
