This is pdfTeX, Version 3.141592653-2.6-1.40.26 (TeX Live 2024) (preloaded format=pdflatex 2024.10.2)  22 OCT 2024 09:51
entering extended mode
 restricted \write18 enabled.
 %&-line parsing enabled.
**fisica2.tex
(./fisica2.tex
LaTeX2e <2024-06-01> patch level 2
L3 programming layer <2024-09-10>
(/opt/texlive/2024/texmf-dist/tex/latex/base/report.cls
Document Class: report 2024/02/08 v1.4n Standard LaTeX document class
(/opt/texlive/2024/texmf-dist/tex/latex/base/size10.clo
File: size10.clo 2024/02/08 v1.4n Standard LaTeX file (size option)
)
\c@part=\count194
\c@chapter=\count195
\c@section=\count196
\c@subsection=\count197
\c@subsubsection=\count198
\c@paragraph=\count199
\c@subparagraph=\count266
\c@figure=\count267
\c@table=\count268
\abovecaptionskip=\skip49
\belowcaptionskip=\skip50
\bibindent=\dimen141
)
(/opt/texlive/2024/texmf-dist/tex/latex/geometry/geometry.sty
Package: geometry 2020/01/02 v5.9 Page Geometry

(/opt/texlive/2024/texmf-dist/tex/latex/graphics/keyval.sty
Package: keyval 2022/05/29 v1.15 key=value parser (DPC)
\KV@toks@=\toks17
)
(/opt/texlive/2024/texmf-dist/tex/generic/iftex/ifvtex.sty
Package: ifvtex 2019/10/25 v1.7 ifvtex legacy package. Use iftex instead.

(/opt/texlive/2024/texmf-dist/tex/generic/iftex/iftex.sty
Package: iftex 2022/02/03 v1.0f TeX engine tests
))
\Gm@cnth=\count269
\Gm@cntv=\count270
\c@Gm@tempcnt=\count271
\Gm@bindingoffset=\dimen142
\Gm@wd@mp=\dimen143
\Gm@odd@mp=\dimen144
\Gm@even@mp=\dimen145
\Gm@layoutwidth=\dimen146
\Gm@layoutheight=\dimen147
\Gm@layouthoffset=\dimen148
\Gm@layoutvoffset=\dimen149
\Gm@dimlist=\toks18
)
(/opt/texlive/2024/texmf-dist/tex/latex/tcolorbox/tcolorbox.sty
Package: tcolorbox 2024/09/27 version 6.4.0 text color boxes

(/opt/texlive/2024/texmf-dist/tex/latex/pgf/frontendlayer/tikz.sty
(/opt/texlive/2024/texmf-dist/tex/latex/pgf/basiclayer/pgf.sty
(/opt/texlive/2024/texmf-dist/tex/latex/pgf/utilities/pgfrcs.sty
(/opt/texlive/2024/texmf-dist/tex/generic/pgf/utilities/pgfutil-common.tex
\pgfutil@everybye=\toks19
\pgfutil@tempdima=\dimen150
\pgfutil@tempdimb=\dimen151
)
(/opt/texlive/2024/texmf-dist/tex/generic/pgf/utilities/pgfutil-latex.def
\pgfutil@abb=\box52
)
(/opt/texlive/2024/texmf-dist/tex/generic/pgf/utilities/pgfrcs.code.tex
(/opt/texlive/2024/texmf-dist/tex/generic/pgf/pgf.revision.tex)
Package: pgfrcs 2023-01-15 v3.1.10 (3.1.10)
))
Package: pgf 2023-01-15 v3.1.10 (3.1.10)

(/opt/texlive/2024/texmf-dist/tex/latex/pgf/basiclayer/pgfcore.sty
(/opt/texlive/2024/texmf-dist/tex/latex/graphics/graphicx.sty
Package: graphicx 2021/09/16 v1.2d Enhanced LaTeX Graphics (DPC,SPQR)

(/opt/texlive/2024/texmf-dist/tex/latex/graphics/graphics.sty
Package: graphics 2024/05/23 v1.4g Standard LaTeX Graphics (DPC,SPQR)

(/opt/texlive/2024/texmf-dist/tex/latex/graphics/trig.sty
Package: trig 2023/12/02 v1.11 sin cos tan (DPC)
)
(/opt/texlive/2024/texmf-dist/tex/latex/graphics-cfg/graphics.cfg
File: graphics.cfg 2016/06/04 v1.11 sample graphics configuration
)
Package graphics Info: Driver file: pdftex.def on input line 106.

(/opt/texlive/2024/texmf-dist/tex/latex/graphics-def/pdftex.def
File: pdftex.def 2024/04/13 v1.2c Graphics/color driver for pdftex
))
\Gin@req@height=\dimen152
\Gin@req@width=\dimen153
)
(/opt/texlive/2024/texmf-dist/tex/latex/pgf/systemlayer/pgfsys.sty
(/opt/texlive/2024/texmf-dist/tex/generic/pgf/systemlayer/pgfsys.code.tex
Package: pgfsys 2023-01-15 v3.1.10 (3.1.10)

(/opt/texlive/2024/texmf-dist/tex/generic/pgf/utilities/pgfkeys.code.tex
\pgfkeys@pathtoks=\toks20
\pgfkeys@temptoks=\toks21

(/opt/texlive/2024/texmf-dist/tex/generic/pgf/utilities/pgfkeyslibraryfiltered.
code.tex
\pgfkeys@tmptoks=\toks22
))
\pgf@x=\dimen154
\pgf@y=\dimen155
\pgf@xa=\dimen156
\pgf@ya=\dimen157
\pgf@xb=\dimen158
\pgf@yb=\dimen159
\pgf@xc=\dimen160
\pgf@yc=\dimen161
\pgf@xd=\dimen162
\pgf@yd=\dimen163
\w@pgf@writea=\write3
\r@pgf@reada=\read2
\c@pgf@counta=\count272
\c@pgf@countb=\count273
\c@pgf@countc=\count274
\c@pgf@countd=\count275
\t@pgf@toka=\toks23
\t@pgf@tokb=\toks24
\t@pgf@tokc=\toks25
\pgf@sys@id@count=\count276
 (/opt/texlive/2024/texmf-dist/tex/generic/pgf/systemlayer/pgf.cfg
File: pgf.cfg 2023-01-15 v3.1.10 (3.1.10)
)
Driver file for pgf: pgfsys-pdftex.def

(/opt/texlive/2024/texmf-dist/tex/generic/pgf/systemlayer/pgfsys-pdftex.def
File: pgfsys-pdftex.def 2023-01-15 v3.1.10 (3.1.10)

(/opt/texlive/2024/texmf-dist/tex/generic/pgf/systemlayer/pgfsys-common-pdf.def
File: pgfsys-common-pdf.def 2023-01-15 v3.1.10 (3.1.10)
)))
(/opt/texlive/2024/texmf-dist/tex/generic/pgf/systemlayer/pgfsyssoftpath.code.t
ex
File: pgfsyssoftpath.code.tex 2023-01-15 v3.1.10 (3.1.10)
\pgfsyssoftpath@smallbuffer@items=\count277
\pgfsyssoftpath@bigbuffer@items=\count278
)
(/opt/texlive/2024/texmf-dist/tex/generic/pgf/systemlayer/pgfsysprotocol.code.t
ex
File: pgfsysprotocol.code.tex 2023-01-15 v3.1.10 (3.1.10)
)) (/opt/texlive/2024/texmf-dist/tex/latex/xcolor/xcolor.sty
Package: xcolor 2024/09/29 v3.02 LaTeX color extensions (UK)

(/opt/texlive/2024/texmf-dist/tex/latex/graphics-cfg/color.cfg
File: color.cfg 2016/01/02 v1.6 sample color configuration
)
Package xcolor Info: Driver file: pdftex.def on input line 274.

(/opt/texlive/2024/texmf-dist/tex/latex/graphics/mathcolor.ltx)
Package xcolor Info: Model `cmy' substituted by `cmy0' on input line 1349.
Package xcolor Info: Model `hsb' substituted by `rgb' on input line 1353.
Package xcolor Info: Model `RGB' extended on input line 1365.
Package xcolor Info: Model `HTML' substituted by `rgb' on input line 1367.
Package xcolor Info: Model `Hsb' substituted by `hsb' on input line 1368.
Package xcolor Info: Model `tHsb' substituted by `hsb' on input line 1369.
Package xcolor Info: Model `HSB' substituted by `hsb' on input line 1370.
Package xcolor Info: Model `Gray' substituted by `gray' on input line 1371.
Package xcolor Info: Model `wave' substituted by `hsb' on input line 1372.
)
(/opt/texlive/2024/texmf-dist/tex/latex/xcolor/x11nam.def
File: x11nam.def 2024/09/29 v3.02 Predefined colors according to Unix/X11 (UK)
)
(/opt/texlive/2024/texmf-dist/tex/generic/pgf/basiclayer/pgfcore.code.tex
Package: pgfcore 2023-01-15 v3.1.10 (3.1.10)

(/opt/texlive/2024/texmf-dist/tex/generic/pgf/math/pgfmath.code.tex
(/opt/texlive/2024/texmf-dist/tex/generic/pgf/math/pgfmathutil.code.tex)
(/opt/texlive/2024/texmf-dist/tex/generic/pgf/math/pgfmathparser.code.tex
\pgfmath@dimen=\dimen164
\pgfmath@count=\count279
\pgfmath@box=\box53
\pgfmath@toks=\toks26
\pgfmath@stack@operand=\toks27
\pgfmath@stack@operation=\toks28
)
(/opt/texlive/2024/texmf-dist/tex/generic/pgf/math/pgfmathfunctions.code.tex)
(/opt/texlive/2024/texmf-dist/tex/generic/pgf/math/pgfmathfunctions.basic.code.
tex)
(/opt/texlive/2024/texmf-dist/tex/generic/pgf/math/pgfmathfunctions.trigonometr
ic.code.tex)
(/opt/texlive/2024/texmf-dist/tex/generic/pgf/math/pgfmathfunctions.random.code
.tex)
(/opt/texlive/2024/texmf-dist/tex/generic/pgf/math/pgfmathfunctions.comparison.
code.tex)
(/opt/texlive/2024/texmf-dist/tex/generic/pgf/math/pgfmathfunctions.base.code.t
ex)
(/opt/texlive/2024/texmf-dist/tex/generic/pgf/math/pgfmathfunctions.round.code.
tex)
(/opt/texlive/2024/texmf-dist/tex/generic/pgf/math/pgfmathfunctions.misc.code.t
ex)
(/opt/texlive/2024/texmf-dist/tex/generic/pgf/math/pgfmathfunctions.integerarit
hmetics.code.tex)
(/opt/texlive/2024/texmf-dist/tex/generic/pgf/math/pgfmathcalc.code.tex)
(/opt/texlive/2024/texmf-dist/tex/generic/pgf/math/pgfmathfloat.code.tex
\c@pgfmathroundto@lastzeros=\count280
))
(/opt/texlive/2024/texmf-dist/tex/generic/pgf/math/pgfint.code.tex)
(/opt/texlive/2024/texmf-dist/tex/generic/pgf/basiclayer/pgfcorepoints.code.tex
File: pgfcorepoints.code.tex 2023-01-15 v3.1.10 (3.1.10)
\pgf@picminx=\dimen165
\pgf@picmaxx=\dimen166
\pgf@picminy=\dimen167
\pgf@picmaxy=\dimen168
\pgf@pathminx=\dimen169
\pgf@pathmaxx=\dimen170
\pgf@pathminy=\dimen171
\pgf@pathmaxy=\dimen172
\pgf@xx=\dimen173
\pgf@xy=\dimen174
\pgf@yx=\dimen175
\pgf@yy=\dimen176
\pgf@zx=\dimen177
\pgf@zy=\dimen178
)
(/opt/texlive/2024/texmf-dist/tex/generic/pgf/basiclayer/pgfcorepathconstruct.c
ode.tex
File: pgfcorepathconstruct.code.tex 2023-01-15 v3.1.10 (3.1.10)
\pgf@path@lastx=\dimen179
\pgf@path@lasty=\dimen180
)
(/opt/texlive/2024/texmf-dist/tex/generic/pgf/basiclayer/pgfcorepathusage.code.
tex
File: pgfcorepathusage.code.tex 2023-01-15 v3.1.10 (3.1.10)
\pgf@shorten@end@additional=\dimen181
\pgf@shorten@start@additional=\dimen182
)
(/opt/texlive/2024/texmf-dist/tex/generic/pgf/basiclayer/pgfcorescopes.code.tex
File: pgfcorescopes.code.tex 2023-01-15 v3.1.10 (3.1.10)
\pgfpic=\box54
\pgf@hbox=\box55
\pgf@layerbox@main=\box56
\pgf@picture@serial@count=\count281
)
(/opt/texlive/2024/texmf-dist/tex/generic/pgf/basiclayer/pgfcoregraphicstate.co
de.tex
File: pgfcoregraphicstate.code.tex 2023-01-15 v3.1.10 (3.1.10)
\pgflinewidth=\dimen183
)
(/opt/texlive/2024/texmf-dist/tex/generic/pgf/basiclayer/pgfcoretransformations
.code.tex
File: pgfcoretransformations.code.tex 2023-01-15 v3.1.10 (3.1.10)
\pgf@pt@x=\dimen184
\pgf@pt@y=\dimen185
\pgf@pt@temp=\dimen186
)
(/opt/texlive/2024/texmf-dist/tex/generic/pgf/basiclayer/pgfcorequick.code.tex
File: pgfcorequick.code.tex 2023-01-15 v3.1.10 (3.1.10)
)
(/opt/texlive/2024/texmf-dist/tex/generic/pgf/basiclayer/pgfcoreobjects.code.te
x
File: pgfcoreobjects.code.tex 2023-01-15 v3.1.10 (3.1.10)
)
(/opt/texlive/2024/texmf-dist/tex/generic/pgf/basiclayer/pgfcorepathprocessing.
code.tex
File: pgfcorepathprocessing.code.tex 2023-01-15 v3.1.10 (3.1.10)
)
(/opt/texlive/2024/texmf-dist/tex/generic/pgf/basiclayer/pgfcorearrows.code.tex
File: pgfcorearrows.code.tex 2023-01-15 v3.1.10 (3.1.10)
\pgfarrowsep=\dimen187
)
(/opt/texlive/2024/texmf-dist/tex/generic/pgf/basiclayer/pgfcoreshade.code.tex
File: pgfcoreshade.code.tex 2023-01-15 v3.1.10 (3.1.10)
\pgf@max=\dimen188
\pgf@sys@shading@range@num=\count282
\pgf@shadingcount=\count283
) (/opt/texlive/2024/texmf-dist/tex/generic/pgf/basiclayer/pgfcoreimage.code.te
x
File: pgfcoreimage.code.tex 2023-01-15 v3.1.10 (3.1.10)
)
(/opt/texlive/2024/texmf-dist/tex/generic/pgf/basiclayer/pgfcoreexternal.code.t
ex
File: pgfcoreexternal.code.tex 2023-01-15 v3.1.10 (3.1.10)
\pgfexternal@startupbox=\box57
)
(/opt/texlive/2024/texmf-dist/tex/generic/pgf/basiclayer/pgfcorelayers.code.tex
File: pgfcorelayers.code.tex 2023-01-15 v3.1.10 (3.1.10)
)
(/opt/texlive/2024/texmf-dist/tex/generic/pgf/basiclayer/pgfcoretransparency.co
de.tex
File: pgfcoretransparency.code.tex 2023-01-15 v3.1.10 (3.1.10)
)
(/opt/texlive/2024/texmf-dist/tex/generic/pgf/basiclayer/pgfcorepatterns.code.t
ex
File: pgfcorepatterns.code.tex 2023-01-15 v3.1.10 (3.1.10)
)
(/opt/texlive/2024/texmf-dist/tex/generic/pgf/basiclayer/pgfcorerdf.code.tex
File: pgfcorerdf.code.tex 2023-01-15 v3.1.10 (3.1.10)
))) (/opt/texlive/2024/texmf-dist/tex/generic/pgf/modules/pgfmoduleshapes.code.
tex
File: pgfmoduleshapes.code.tex 2023-01-15 v3.1.10 (3.1.10)
\pgfnodeparttextbox=\box58
) (/opt/texlive/2024/texmf-dist/tex/generic/pgf/modules/pgfmoduleplot.code.tex
File: pgfmoduleplot.code.tex 2023-01-15 v3.1.10 (3.1.10)
)
(/opt/texlive/2024/texmf-dist/tex/latex/pgf/compatibility/pgfcomp-version-0-65.
sty
Package: pgfcomp-version-0-65 2023-01-15 v3.1.10 (3.1.10)
\pgf@nodesepstart=\dimen189
\pgf@nodesepend=\dimen190
)
(/opt/texlive/2024/texmf-dist/tex/latex/pgf/compatibility/pgfcomp-version-1-18.
sty
Package: pgfcomp-version-1-18 2023-01-15 v3.1.10 (3.1.10)
)) (/opt/texlive/2024/texmf-dist/tex/latex/pgf/utilities/pgffor.sty
(/opt/texlive/2024/texmf-dist/tex/latex/pgf/utilities/pgfkeys.sty
(/opt/texlive/2024/texmf-dist/tex/generic/pgf/utilities/pgfkeys.code.tex))
(/opt/texlive/2024/texmf-dist/tex/latex/pgf/math/pgfmath.sty
(/opt/texlive/2024/texmf-dist/tex/generic/pgf/math/pgfmath.code.tex))
(/opt/texlive/2024/texmf-dist/tex/generic/pgf/utilities/pgffor.code.tex
Package: pgffor 2023-01-15 v3.1.10 (3.1.10)
\pgffor@iter=\dimen191
\pgffor@skip=\dimen192
\pgffor@stack=\toks29
\pgffor@toks=\toks30
))
(/opt/texlive/2024/texmf-dist/tex/generic/pgf/frontendlayer/tikz/tikz.code.tex
Package: tikz 2023-01-15 v3.1.10 (3.1.10)

(/opt/texlive/2024/texmf-dist/tex/generic/pgf/libraries/pgflibraryplothandlers.
code.tex
File: pgflibraryplothandlers.code.tex 2023-01-15 v3.1.10 (3.1.10)
\pgf@plot@mark@count=\count284
\pgfplotmarksize=\dimen193
)
\tikz@lastx=\dimen194
\tikz@lasty=\dimen195
\tikz@lastxsaved=\dimen196
\tikz@lastysaved=\dimen197
\tikz@lastmovetox=\dimen198
\tikz@lastmovetoy=\dimen199
\tikzleveldistance=\dimen256
\tikzsiblingdistance=\dimen257
\tikz@figbox=\box59
\tikz@figbox@bg=\box60
\tikz@tempbox=\box61
\tikz@tempbox@bg=\box62
\tikztreelevel=\count285
\tikznumberofchildren=\count286
\tikznumberofcurrentchild=\count287
\tikz@fig@count=\count288

(/opt/texlive/2024/texmf-dist/tex/generic/pgf/modules/pgfmodulematrix.code.tex
File: pgfmodulematrix.code.tex 2023-01-15 v3.1.10 (3.1.10)
\pgfmatrixcurrentrow=\count289
\pgfmatrixcurrentcolumn=\count290
\pgf@matrix@numberofcolumns=\count291
)
\tikz@expandcount=\count292

(/opt/texlive/2024/texmf-dist/tex/generic/pgf/frontendlayer/tikz/libraries/tikz
librarytopaths.code.tex
File: tikzlibrarytopaths.code.tex 2023-01-15 v3.1.10 (3.1.10)
)))
(/opt/texlive/2024/texmf-dist/tex/latex/tools/verbatim.sty
Package: verbatim 2024-01-22 v1.5x LaTeX2e package for verbatim enhancements
\every@verbatim=\toks31
\verbatim@line=\toks32
\verbatim@in@stream=\read3
)
(/opt/texlive/2024/texmf-dist/tex/latex/environ/environ.sty
Package: environ 2014/05/04 v0.3 A new way to define environments

(/opt/texlive/2024/texmf-dist/tex/latex/trimspaces/trimspaces.sty
Package: trimspaces 2009/09/17 v1.1 Trim spaces around a token list
)
\@envbody=\toks33
)
(/opt/texlive/2024/texmf-dist/tex/latex/etoolbox/etoolbox.sty
Package: etoolbox 2020/10/05 v2.5k e-TeX tools for LaTeX (JAW)
\etb@tempcnta=\count293
)
\tcb@titlebox=\box63
\tcb@upperbox=\box64
\tcb@lowerbox=\box65
\tcb@phantombox=\box66
\c@tcbbreakpart=\count294
\c@tcblayer=\count295
\c@tcolorbox@number=\count296
\l__tcobox_tmpa_box=\box67
\l__tcobox_tmpa_dim=\dimen258
\tcb@temp=\box68
\tcb@temp=\box69
\tcb@temp=\box70
\tcb@temp=\box71

(/opt/texlive/2024/texmf-dist/tex/latex/tcolorbox/tcbskins.code.tex
Library (tcolorbox): 'tcbskins.code.tex' version '6.4.0'
(/opt/texlive/2024/texmf-dist/tex/latex/tikzfill/tikzfill.image.sty
Package: tikzfill.image 2023/08/08 v1.0.1 Image filling library for TikZ

(/opt/texlive/2024/texmf-dist/tex/latex/tikzfill/tikzfill-common.sty
Package: tikzfill-common 2023/08/08 v1.0.1 Auxiliary code for tikzfill
)
(/opt/texlive/2024/texmf-dist/tex/latex/tikzfill/tikzlibraryfill.image.code.tex
File: tikzlibraryfill.image.code.tex 2023/08/08 v1.0.1 Image filling library
\l__tikzfill_img_box=\box72
)) (/opt/texlive/2024/texmf-dist/tex/latex/tcolorbox/tcbskinsjigsaw.code.tex
Library (tcolorbox): 'tcbskinsjigsaw.code.tex' version '6.4.0'
)))
(/opt/texlive/2024/texmf-dist/tex/generic/pgf/frontendlayer/tikz/libraries/tikz
libraryarrows.code.tex
File: tikzlibraryarrows.code.tex 2023-01-15 v3.1.10 (3.1.10)

(/opt/texlive/2024/texmf-dist/tex/generic/pgf/libraries/pgflibraryarrows.code.t
ex
File: pgflibraryarrows.code.tex 2023-01-15 v3.1.10 (3.1.10)
\arrowsize=\dimen259
))
(/opt/texlive/2024/texmf-dist/tex/generic/pgf/frontendlayer/tikz/libraries/tikz
librarycalc.code.tex
File: tikzlibrarycalc.code.tex 2023-01-15 v3.1.10 (3.1.10)
)
(/opt/texlive/2024/texmf-dist/tex/latex/pgfplots/pgfplots.sty
(/opt/texlive/2024/texmf-dist/tex/generic/pgfplots/pgfplots.revision.tex)
Package: pgfplots 2021/05/15 v1.18.1 Data Visualization (1.18.1)

(/opt/texlive/2024/texmf-dist/tex/generic/pgfplots/pgfplots.code.tex
(/opt/texlive/2024/texmf-dist/tex/generic/pgfplots/pgfplotscore.code.tex
\t@pgfplots@toka=\toks34
\t@pgfplots@tokb=\toks35
\t@pgfplots@tokc=\toks36
\pgfplots@tmpa=\dimen260
\c@pgfplots@coordindex=\count297
\c@pgfplots@scanlineindex=\count298

(/opt/texlive/2024/texmf-dist/tex/generic/pgfplots/sys/pgfplotssysgeneric.code.
tex))
(/opt/texlive/2024/texmf-dist/tex/generic/pgfplots/libs/pgfplotslibrary.code.te
x)
(/opt/texlive/2024/texmf-dist/tex/generic/pgfplots/oldpgfcompatib/pgfplotsoldpg
fsupp_loader.code.tex
(/opt/texlive/2024/texmf-dist/tex/generic/pgf/libraries/pgflibraryfpu.code.tex)
Package pgfplots: loading complementary utilities for your pgf version...
\t@pgf@toka=\toks37
\t@pgf@tokb=\toks38
\t@pgf@tokc=\toks39

(/opt/texlive/2024/texmf-dist/tex/generic/pgfplots/oldpgfcompatib/pgfplotsoldpg
fsupp_pgfutil-common-lists.tex))
(/opt/texlive/2024/texmf-dist/tex/generic/pgfplots/util/pgfplotsutil.code.tex
(/opt/texlive/2024/texmf-dist/tex/generic/pgfplots/liststructure/pgfplotslistst
ructure.code.tex)
(/opt/texlive/2024/texmf-dist/tex/generic/pgfplots/liststructure/pgfplotslistst
ructureext.code.tex)
(/opt/texlive/2024/texmf-dist/tex/generic/pgfplots/liststructure/pgfplotsarray.
code.tex
\c@pgfplotsarray@tmp=\count299
)
(/opt/texlive/2024/texmf-dist/tex/generic/pgfplots/liststructure/pgfplotsmatrix
.code.tex)
(/opt/texlive/2024/texmf-dist/tex/generic/pgfplots/numtable/pgfplotstableshared
.code.tex
\c@pgfplotstable@counta=\count300
\t@pgfplotstable@a=\toks40
)
(/opt/texlive/2024/texmf-dist/tex/generic/pgfplots/liststructure/pgfplotsdeque.
code.tex)
(/opt/texlive/2024/texmf-dist/tex/generic/pgfplots/util/pgfplotsbinary.code.tex

(/opt/texlive/2024/texmf-dist/tex/generic/pgfplots/util/pgfplotsbinary.data.cod
e.tex))
(/opt/texlive/2024/texmf-dist/tex/generic/pgfplots/util/pgfplotsutil.verb.code.
tex)
(/opt/texlive/2024/texmf-dist/tex/generic/pgfplots/libs/pgflibrarypgfplots.surf
shading.code.tex
\c@pgfplotslibrarysurf@no=\count301

(/opt/texlive/2024/texmf-dist/tex/generic/pgfplots/sys/pgflibrarypgfplots.surfs
hading.pgfsys-pdftex.def)))
(/opt/texlive/2024/texmf-dist/tex/generic/pgfplots/util/pgfplotscolormap.code.t
ex
(/opt/texlive/2024/texmf-dist/tex/generic/pgfplots/util/pgfplotscolor.code.tex)
)
(/opt/texlive/2024/texmf-dist/tex/generic/pgfplots/pgfplotsstackedplots.code.te
x)
(/opt/texlive/2024/texmf-dist/tex/generic/pgfplots/pgfplotsplothandlers.code.te
x
(/opt/texlive/2024/texmf-dist/tex/generic/pgfplots/pgfplotsmeshplothandler.code
.tex
(/opt/texlive/2024/texmf-dist/tex/generic/pgfplots/pgfplotsmeshplotimage.code.t
ex)))
(/opt/texlive/2024/texmf-dist/tex/generic/pgfplots/pgfplots.scaling.code.tex)
(/opt/texlive/2024/texmf-dist/tex/generic/pgfplots/pgfplotscoordprocessing.code
.tex)
(/opt/texlive/2024/texmf-dist/tex/generic/pgfplots/pgfplots.errorbars.code.tex)
(/opt/texlive/2024/texmf-dist/tex/generic/pgfplots/pgfplots.markers.code.tex)
(/opt/texlive/2024/texmf-dist/tex/generic/pgfplots/pgfplotsticks.code.tex)
(/opt/texlive/2024/texmf-dist/tex/generic/pgfplots/pgfplots.paths.code.tex)
(/opt/texlive/2024/texmf-dist/tex/generic/pgf/frontendlayer/tikz/libraries/tikz
librarydecorations.code.tex
(/opt/texlive/2024/texmf-dist/tex/generic/pgf/modules/pgfmoduledecorations.code
.tex
\pgfdecoratedcompleteddistance=\dimen261
\pgfdecoratedremainingdistance=\dimen262
\pgfdecoratedinputsegmentcompleteddistance=\dimen263
\pgfdecoratedinputsegmentremainingdistance=\dimen264
\pgf@decorate@distancetomove=\dimen265
\pgf@decorate@repeatstate=\count302
\pgfdecorationsegmentamplitude=\dimen266
\pgfdecorationsegmentlength=\dimen267
)
\tikz@lib@dec@box=\box73
)
(/opt/texlive/2024/texmf-dist/tex/generic/pgf/frontendlayer/tikz/libraries/tikz
librarydecorations.pathmorphing.code.tex
(/opt/texlive/2024/texmf-dist/tex/generic/pgf/libraries/decorations/pgflibraryd
ecorations.pathmorphing.code.tex))
(/opt/texlive/2024/texmf-dist/tex/generic/pgf/frontendlayer/tikz/libraries/tikz
librarydecorations.pathreplacing.code.tex
(/opt/texlive/2024/texmf-dist/tex/generic/pgf/libraries/decorations/pgflibraryd
ecorations.pathreplacing.code.tex))
(/opt/texlive/2024/texmf-dist/tex/generic/pgfplots/libs/tikzlibrarypgfplots.con
tourlua.code.tex)
\pgfplots@numplots=\count303
\pgfplots@xmin@reg=\dimen268
\pgfplots@xmax@reg=\dimen269
\pgfplots@ymin@reg=\dimen270
\pgfplots@ymax@reg=\dimen271
\pgfplots@zmin@reg=\dimen272
\pgfplots@zmax@reg=\dimen273
)
(/opt/texlive/2024/texmf-dist/tex/generic/pgf/frontendlayer/tikz/libraries/tikz
libraryplotmarks.code.tex
File: tikzlibraryplotmarks.code.tex 2023-01-15 v3.1.10 (3.1.10)

(/opt/texlive/2024/texmf-dist/tex/generic/pgf/libraries/pgflibraryplotmarks.cod
e.tex
File: pgflibraryplotmarks.code.tex 2023-01-15 v3.1.10 (3.1.10)
)))
(/opt/texlive/2024/texmf-dist/tex/generic/pgf/libraries/shapes/pgflibraryshapes
.geometric.code.tex
File: pgflibraryshapes.geometric.code.tex 2023-01-15 v3.1.10 (3.1.10)
)
(/opt/texlive/2024/texmf-dist/tex/latex/amsmath/amsmath.sty
Package: amsmath 2024/05/23 v2.17q AMS math features
\@mathmargin=\skip51

For additional information on amsmath, use the `?' option.
(/opt/texlive/2024/texmf-dist/tex/latex/amsmath/amstext.sty
Package: amstext 2021/08/26 v2.01 AMS text

(/opt/texlive/2024/texmf-dist/tex/latex/amsmath/amsgen.sty
File: amsgen.sty 1999/11/30 v2.0 generic functions
\@emptytoks=\toks41
\ex@=\dimen274
))
(/opt/texlive/2024/texmf-dist/tex/latex/amsmath/amsbsy.sty
Package: amsbsy 1999/11/29 v1.2d Bold Symbols
\pmbraise@=\dimen275
)
(/opt/texlive/2024/texmf-dist/tex/latex/amsmath/amsopn.sty
Package: amsopn 2022/04/08 v2.04 operator names
)
\inf@bad=\count304
LaTeX Info: Redefining \frac on input line 233.
\uproot@=\count305
\leftroot@=\count306
LaTeX Info: Redefining \overline on input line 398.
LaTeX Info: Redefining \colon on input line 409.
\classnum@=\count307
\DOTSCASE@=\count308
LaTeX Info: Redefining \ldots on input line 495.
LaTeX Info: Redefining \dots on input line 498.
LaTeX Info: Redefining \cdots on input line 619.
\Mathstrutbox@=\box74
\strutbox@=\box75
LaTeX Info: Redefining \big on input line 721.
LaTeX Info: Redefining \Big on input line 722.
LaTeX Info: Redefining \bigg on input line 723.
LaTeX Info: Redefining \Bigg on input line 724.
\big@size=\dimen276
LaTeX Font Info:    Redeclaring font encoding OML on input line 742.
LaTeX Font Info:    Redeclaring font encoding OMS on input line 743.
\macc@depth=\count309
LaTeX Info: Redefining \bmod on input line 904.
LaTeX Info: Redefining \pmod on input line 909.
LaTeX Info: Redefining \smash on input line 939.
LaTeX Info: Redefining \relbar on input line 969.
LaTeX Info: Redefining \Relbar on input line 970.
\c@MaxMatrixCols=\count310
\dotsspace@=\muskip17
\c@parentequation=\count311
\dspbrk@lvl=\count312
\tag@help=\toks42
\row@=\count313
\column@=\count314
\maxfields@=\count315
\andhelp@=\toks43
\eqnshift@=\dimen277
\alignsep@=\dimen278
\tagshift@=\dimen279
\tagwidth@=\dimen280
\totwidth@=\dimen281
\lineht@=\dimen282
\@envbody=\toks44
\multlinegap=\skip52
\multlinetaggap=\skip53
\mathdisplay@stack=\toks45
LaTeX Info: Redefining \[ on input line 2953.
LaTeX Info: Redefining \] on input line 2954.
)
(/opt/texlive/2024/texmf-dist/tex/latex/jknapltx/mathrsfs.sty
Package: mathrsfs 1996/01/01 Math RSFS package v1.0 (jk)
\symrsfs=\mathgroup4
)
(/opt/texlive/2024/texmf-dist/tex/latex/amsfonts/amssymb.sty
Package: amssymb 2013/01/14 v3.01 AMS font symbols

(/opt/texlive/2024/texmf-dist/tex/latex/amsfonts/amsfonts.sty
Package: amsfonts 2013/01/14 v3.01 Basic AMSFonts support
\symAMSa=\mathgroup5
\symAMSb=\mathgroup6
LaTeX Font Info:    Redeclaring math symbol \hbar on input line 98.
LaTeX Font Info:    Overwriting math alphabet `\mathfrak' in version `bold'
(Font)                  U/euf/m/n --> U/euf/b/n on input line 106.
))
(/opt/texlive/2024/texmf-dist/tex/latex/hyperref/hyperref.sty
Package: hyperref 2024-07-10 v7.01j Hypertext links for LaTeX

(/opt/texlive/2024/texmf-dist/tex/latex/kvsetkeys/kvsetkeys.sty
Package: kvsetkeys 2022-10-05 v1.19 Key value parser (HO)
)
(/opt/texlive/2024/texmf-dist/tex/generic/kvdefinekeys/kvdefinekeys.sty
Package: kvdefinekeys 2019-12-19 v1.6 Define keys (HO)
)
(/opt/texlive/2024/texmf-dist/tex/generic/pdfescape/pdfescape.sty
Package: pdfescape 2019/12/09 v1.15 Implements pdfTeX's escape features (HO)

(/opt/texlive/2024/texmf-dist/tex/generic/ltxcmds/ltxcmds.sty
Package: ltxcmds 2023-12-04 v1.26 LaTeX kernel commands for general use (HO)
)
(/opt/texlive/2024/texmf-dist/tex/generic/pdftexcmds/pdftexcmds.sty
Package: pdftexcmds 2020-06-27 v0.33 Utility functions of pdfTeX for LuaTeX (HO
)

(/opt/texlive/2024/texmf-dist/tex/generic/infwarerr/infwarerr.sty
Package: infwarerr 2019/12/03 v1.5 Providing info/warning/error messages (HO)
)
Package pdftexcmds Info: \pdf@primitive is available.
Package pdftexcmds Info: \pdf@ifprimitive is available.
Package pdftexcmds Info: \pdfdraftmode found.
))
(/opt/texlive/2024/texmf-dist/tex/latex/hycolor/hycolor.sty
Package: hycolor 2020-01-27 v1.10 Color options for hyperref/bookmark (HO)
)
(/opt/texlive/2024/texmf-dist/tex/latex/hyperref/nameref.sty
Package: nameref 2023-11-26 v2.56 Cross-referencing by name of section

(/opt/texlive/2024/texmf-dist/tex/latex/refcount/refcount.sty
Package: refcount 2019/12/15 v3.6 Data extraction from label references (HO)
)
(/opt/texlive/2024/texmf-dist/tex/generic/gettitlestring/gettitlestring.sty
Package: gettitlestring 2019/12/15 v1.6 Cleanup title references (HO)

(/opt/texlive/2024/texmf-dist/tex/latex/kvoptions/kvoptions.sty
Package: kvoptions 2022-06-15 v3.15 Key value format for package options (HO)
))
\c@section@level=\count316
)
(/opt/texlive/2024/texmf-dist/tex/generic/stringenc/stringenc.sty
Package: stringenc 2019/11/29 v1.12 Convert strings between diff. encodings (HO
)
)
\@linkdim=\dimen283
\Hy@linkcounter=\count317
\Hy@pagecounter=\count318

(/opt/texlive/2024/texmf-dist/tex/latex/hyperref/pd1enc.def
File: pd1enc.def 2024-07-10 v7.01j Hyperref: PDFDocEncoding definition (HO)
Now handling font encoding PD1 ...
... no UTF-8 mapping file for font encoding PD1
)
(/opt/texlive/2024/texmf-dist/tex/generic/intcalc/intcalc.sty
Package: intcalc 2019/12/15 v1.3 Expandable calculations with integers (HO)
)
\Hy@SavedSpaceFactor=\count319

(/opt/texlive/2024/texmf-dist/tex/latex/hyperref/puenc.def
File: puenc.def 2024-07-10 v7.01j Hyperref: PDF Unicode definition (HO)
Now handling font encoding PU ...
... no UTF-8 mapping file for font encoding PU
)
Package hyperref Info: Hyper figures OFF on input line 4157.
Package hyperref Info: Link nesting OFF on input line 4162.
Package hyperref Info: Hyper index ON on input line 4165.
Package hyperref Info: Plain pages OFF on input line 4172.
Package hyperref Info: Backreferencing OFF on input line 4177.
Package hyperref Info: Implicit mode ON; LaTeX internals redefined.
Package hyperref Info: Bookmarks ON on input line 4424.
\c@Hy@tempcnt=\count320

(/opt/texlive/2024/texmf-dist/tex/latex/url/url.sty
\Urlmuskip=\muskip18
Package: url 2013/09/16  ver 3.4  Verb mode for urls, etc.
)
LaTeX Info: Redefining \url on input line 4763.
\XeTeXLinkMargin=\dimen284

(/opt/texlive/2024/texmf-dist/tex/generic/bitset/bitset.sty
Package: bitset 2019/12/09 v1.3 Handle bit-vector datatype (HO)

(/opt/texlive/2024/texmf-dist/tex/generic/bigintcalc/bigintcalc.sty
Package: bigintcalc 2019/12/15 v1.5 Expandable calculations on big integers (HO
)
))
\Fld@menulength=\count321
\Field@Width=\dimen285
\Fld@charsize=\dimen286
Package hyperref Info: Hyper figures OFF on input line 6042.
Package hyperref Info: Link nesting OFF on input line 6047.
Package hyperref Info: Hyper index ON on input line 6050.
Package hyperref Info: backreferencing OFF on input line 6057.
Package hyperref Info: Link coloring OFF on input line 6062.
Package hyperref Info: Link coloring with OCG OFF on input line 6067.
Package hyperref Info: PDF/A mode OFF on input line 6072.

(/opt/texlive/2024/texmf-dist/tex/latex/base/atbegshi-ltx.sty
Package: atbegshi-ltx 2021/01/10 v1.0c Emulation of the original atbegshi
package with kernel methods
)
\Hy@abspage=\count322
\c@Item=\count323
\c@Hfootnote=\count324
)
Package hyperref Info: Driver (autodetected): hpdftex.

(/opt/texlive/2024/texmf-dist/tex/latex/hyperref/hpdftex.def
File: hpdftex.def 2024-07-10 v7.01j Hyperref driver for pdfTeX

(/opt/texlive/2024/texmf-dist/tex/latex/base/atveryend-ltx.sty
Package: atveryend-ltx 2020/08/19 v1.0a Emulation of the original atveryend pac
kage
with kernel methods
)
\Fld@listcount=\count325
\c@bookmark@seq@number=\count326

(/opt/texlive/2024/texmf-dist/tex/latex/rerunfilecheck/rerunfilecheck.sty
Package: rerunfilecheck 2022-07-10 v1.10 Rerun checks for auxiliary files (HO)

(/opt/texlive/2024/texmf-dist/tex/generic/uniquecounter/uniquecounter.sty
Package: uniquecounter 2019/12/15 v1.4 Provide unlimited unique counter (HO)
)
Package uniquecounter Info: New unique counter `rerunfilecheck' on input line 2
85.
)
\Hy@SectionHShift=\skip54
)
(/opt/texlive/2024/texmf-dist/tex/latex/import/import.sty
Package: import 2020/04/01  v 6.2
)
(/opt/texlive/2024/texmf-dist/tex/latex/float/float.sty
Package: float 2001/11/08 v1.3d Float enhancements (AL)
\c@float@type=\count327
\float@exts=\toks46
\float@box=\box76
\@float@everytoks=\toks47
\@floatcapt=\box77
)
(/opt/texlive/2024/texmf-dist/tex/latex/wrapfig/wrapfig.sty
\wrapoverhang=\dimen287
\WF@size=\dimen288
\c@WF@wrappedlines=\count328
\WF@box=\box78
\WF@everypar=\toks48
Package: wrapfig 2003/01/31  v 3.6
)
(/opt/texlive/2024/texmf-dist/tex/latex/titlesec/titlesec.sty
Package: titlesec 2023/10/27 v2.16 Sectioning titles
\ttl@box=\box79
\beforetitleunit=\skip55
\aftertitleunit=\skip56
\ttl@plus=\dimen289
\ttl@minus=\dimen290
\ttl@toksa=\toks49
\titlewidth=\dimen291
\titlewidthlast=\dimen292
\titlewidthfirst=\dimen293

(/opt/texlive/2024/texmf-dist/tex/latex/titlesec/titleps.sty))
(/opt/texlive/2024/texmf-dist/tex/latex/xifthen/xifthen.sty
Package: xifthen 2015/11/05 v1.4.0 Extended ifthen features

(/opt/texlive/2024/texmf-dist/tex/latex/tools/calc.sty
Package: calc 2023/07/08 v4.3 Infix arithmetic (KKT,FJ)
\calc@Acount=\count329
\calc@Bcount=\count330
\calc@Adimen=\dimen294
\calc@Bdimen=\dimen295
\calc@Askip=\skip57
\calc@Bskip=\skip58
LaTeX Info: Redefining \setlength on input line 80.
LaTeX Info: Redefining \addtolength on input line 81.
\calc@Ccount=\count331
\calc@Cskip=\skip59
)
(/opt/texlive/2024/texmf-dist/tex/latex/base/ifthen.sty
Package: ifthen 2024/03/16 v1.1e Standard LaTeX ifthen package (DPC)
)
(/opt/texlive/2024/texmf-dist/tex/latex/ifmtarg/ifmtarg.sty
Package: ifmtarg 2018/04/16 v1.2b check for an empty argument
))
(/opt/texlive/2024/texmf-dist/tex/latex/pdfpages/pdfpages.sty
Package: pdfpages 2024/08/20 v0.6b Insert pages of external PDF documents (AM)

(/opt/texlive/2024/texmf-dist/tex/latex/eso-pic/eso-pic.sty
Package: eso-pic 2023/05/03 v3.0c eso-pic (RN)
\ESO@tempdima=\dimen296
\ESO@tempdimb=\dimen297
)
\AM@pagewidth=\dimen298
\AM@pageheight=\dimen299
\AM@fboxrule=\dimen300

(/opt/texlive/2024/texmf-dist/tex/latex/pdfpages/pppdftex.def
File: pppdftex.def 2024/08/20 v0.6b Pdfpages driver for pdfTeX (AM)
)
\pdfpages@includegraphics@status=\count332
\AM@pagebox=\box80
\AM@global@opts=\toks50
\AM@pagecnt=\count333
\AM@toc@title=\toks51
\AM@lof@heading=\toks52
\c@AM@survey=\count334
\AM@templatesizebox=\box81
)
(/opt/texlive/2024/texmf-dist/tex/latex/transparent/transparent.sty
Package: transparent 2022-10-27 v1.5 Transparency with color stacks

(/opt/texlive/2024/texmf-dist/tex/latex/transparent/transparent-nometadata.sty
Package: transparent-nometadata 2022-10-27 v1.5 Transparency via pdfTeX's color
 stack (HO)

(/opt/texlive/2024/texmf-dist/tex/latex/auxhook/auxhook.sty
Package: auxhook 2019-12-17 v1.6 Hooks for auxiliary files (HO)
)))
(/opt/texlive/2024/texmf-dist/tex/latex/l3backend/l3backend-pdftex.def
File: l3backend-pdftex.def 2024-05-08 L3 backend support: PDF output (pdfTeX)
\l__color_backend_stack_int=\count335
\l__pdf_internal_box=\box82
)
(./fisica2.aux (./titlepage.aux))
\openout1 = `fisica2.aux'.

LaTeX Font Info:    Checking defaults for OML/cmm/m/it on input line 148.
LaTeX Font Info:    ... okay on input line 148.
LaTeX Font Info:    Checking defaults for OMS/cmsy/m/n on input line 148.
LaTeX Font Info:    ... okay on input line 148.
LaTeX Font Info:    Checking defaults for OT1/cmr/m/n on input line 148.
LaTeX Font Info:    ... okay on input line 148.
LaTeX Font Info:    Checking defaults for T1/cmr/m/n on input line 148.
LaTeX Font Info:    ... okay on input line 148.
LaTeX Font Info:    Checking defaults for TS1/cmr/m/n on input line 148.
LaTeX Font Info:    ... okay on input line 148.
LaTeX Font Info:    Checking defaults for OMX/cmex/m/n on input line 148.
LaTeX Font Info:    ... okay on input line 148.
LaTeX Font Info:    Checking defaults for U/cmr/m/n on input line 148.
LaTeX Font Info:    ... okay on input line 148.
LaTeX Font Info:    Checking defaults for PD1/pdf/m/n on input line 148.
LaTeX Font Info:    ... okay on input line 148.
LaTeX Font Info:    Checking defaults for PU/pdf/m/n on input line 148.
LaTeX Font Info:    ... okay on input line 148.

*geometry* driver: auto-detecting
*geometry* detected driver: pdftex
*geometry* verbose mode - [ preamble ] result:
* driver: pdftex
* paper: a4paper
* layout: <same size as paper>
* layoutoffset:(h,v)=(0.0pt,0.0pt)
* modes: 
* h-part:(L,W,R)=(81.94394pt, 433.62pt, 81.94394pt)
* v-part:(T,H,B)=(77.84674pt, 650.43pt, 116.77011pt)
* \paperwidth=597.50787pt
* \paperheight=845.04684pt
* \textwidth=433.62pt
* \textheight=650.43pt
* \oddsidemargin=9.67395pt
* \evensidemargin=9.67395pt
* \topmargin=-31.42325pt
* \headheight=12.0pt
* \headsep=25.0pt
* \topskip=10.0pt
* \footskip=30.0pt
* \marginparwidth=65.0pt
* \marginparsep=11.0pt
* \columnsep=10.0pt
* \skip\footins=9.0pt plus 4.0pt minus 2.0pt
* \hoffset=0.0pt
* \voffset=0.0pt
* \mag=1000
* \@twocolumnfalse
* \@twosidefalse
* \@mparswitchfalse
* \@reversemarginfalse
* (1in=72.27pt=25.4mm, 1cm=28.453pt)

(/opt/texlive/2024/texmf-dist/tex/context/base/mkii/supp-pdf.mkii
[Loading MPS to PDF converter (version 2006.09.02).]
\scratchcounter=\count336
\scratchdimen=\dimen301
\scratchbox=\box83
\nofMPsegments=\count337
\nofMParguments=\count338
\everyMPshowfont=\toks53
\MPscratchCnt=\count339
\MPscratchDim=\dimen302
\MPnumerator=\count340
\makeMPintoPDFobject=\count341
\everyMPtoPDFconversion=\toks54
) (/opt/texlive/2024/texmf-dist/tex/latex/epstopdf-pkg/epstopdf-base.sty
Package: epstopdf-base 2020-01-24 v2.11 Base part for package epstopdf
Package epstopdf-base Info: Redefining graphics rule for `.eps' on input line 4
85.

(/opt/texlive/2024/texmf-dist/tex/latex/latexconfig/epstopdf-sys.cfg
File: epstopdf-sys.cfg 2010/07/13 v1.3 Configuration of (r)epstopdf for TeX Liv
e
))
Package pgfplots notification 'compat/show suggested version=true': you might b
enefit from \pgfplotsset{compat=1.18} (current compat level: 1.15).

Package hyperref Info: Link coloring OFF on input line 148.
(./fisica2.out) (./fisica2.out)
\@outlinefile=\write4
\openout4 = `fisica2.out'.


(/opt/texlive/2024/texmf-dist/tex/latex/pdflscape/pdflscape.sty
Package: pdflscape 2022-10-27 v0.13 Display of landscape pages in PDF

(/opt/texlive/2024/texmf-dist/tex/latex/pdflscape/pdflscape-nometadata.sty
Package: pdflscape-nometadata 2022-10-28 v0.13 Display of landscape pages in PD
F (HO)

(/opt/texlive/2024/texmf-dist/tex/latex/graphics/lscape.sty
Package: lscape 2020/05/28 v3.02 Landscape Pages (DPC)
)
Package pdflscape Info: Auto-detected driver: pdftex on input line 81.
))
\openout2 = `titlepage.aux'.

 (./titlepage.tex
LaTeX Font Info:    Trying to load font information for U+rsfs on input line 20
.
(/opt/texlive/2024/texmf-dist/tex/latex/jknapltx/ursfs.fd
File: ursfs.fd 1998/03/24 rsfs font definition file (jk)
)
LaTeX Font Info:    Trying to load font information for U+msa on input line 20.


(/opt/texlive/2024/texmf-dist/tex/latex/amsfonts/umsa.fd
File: umsa.fd 2013/01/14 v3.01 AMS symbols A
)
LaTeX Font Info:    Trying to load font information for U+msb on input line 20.


(/opt/texlive/2024/texmf-dist/tex/latex/amsfonts/umsb.fd
File: umsb.fd 2013/01/14 v3.01 AMS symbols B
)

[1


{/opt/texlive/2024/texmf-var/fonts/map/pdftex/updmap/pdftex.map}])
(./fisica2.toc)
\tf@toc=\write5
\openout5 = `fisica2.toc'.




pdfTeX warning (ext4): destination with the same identifier (name{page.1}) has 
been already used, duplicate ignored
<to be read again> 
                   \relax 
l.152 \newpage
               [1



]
Chapter 1.

Overfull \hbox (3.9325pt too wide) in paragraph at lines 158--158
 [][][][][][] 
 []


Package hyperref Warning: The anchor of a bookmark and its parent's must not
(hyperref)                be the same. Added a new anchor on input line 171.



[2

]
Underfull \hbox (badness 10000) in paragraph at lines 189--190

 []


Overfull \hbox (3.9325pt too wide) in paragraph at lines 229--229
 [][][][][][] 
 []


Overfull \hbox (3.9325pt too wide) in paragraph at lines 243--243
 [][][][][][] 
 []



[3]
Overfull \hbox (3.9325pt too wide) in paragraph at lines 264--264
 [][][][][][] 
 []


Underfull \hbox (badness 10000) in paragraph at lines 268--270

 []



[4] (./img/gauss_subs_1.pdf_tex
<./img/gauss_subs_1.pdf, id=133, page=1, 376.40622pt x 112.92188pt>
File: ./img/gauss_subs_1.pdf Graphic file (type pdf)
<use ./img/gauss_subs_1.pdf, page 1>
Package pdftex.def Info: ./img/gauss_subs_1.pdf , page1 used on input line 57.
(pdftex.def)             Requested size: 376.4062pt x 112.93019pt.
<./img/gauss_subs_1.pdf, id=134, page=2, 376.40622pt x 112.92188pt>
File: ./img/gauss_subs_1.pdf Graphic file (type pdf)
<use ./img/gauss_subs_1.pdf, page 2>
Package pdftex.def Info: ./img/gauss_subs_1.pdf , page2 used on input line 60.
(pdftex.def)             Requested size: 376.4062pt x 112.93019pt.
) (./img/gauss_1.pdf_tex
<./img/gauss_1.pdf, id=135, page=1, 376.40622pt x 112.92188pt>
File: ./img/gauss_1.pdf Graphic file (type pdf)
<use ./img/gauss_1.pdf, page 1>
Package pdftex.def Info: ./img/gauss_1.pdf , page1 used on input line 59.
(pdftex.def)             Requested size: 376.4062pt x 112.93019pt.
<./img/gauss_1.pdf, id=136, page=2, 376.40622pt x 112.92188pt>
File: ./img/gauss_1.pdf Graphic file (type pdf)
<use ./img/gauss_1.pdf, page 2>
Package pdftex.def Info: ./img/gauss_1.pdf , page2 used on input line 64.
(pdftex.def)             Requested size: 376.4062pt x 112.93019pt.
)

LaTeX Warning: `h' float specifier changed to `ht'.



[5 <./img/gauss_subs_1.pdf> <./img/gauss_subs_1.pdf

pdfTeX warning: /opt/texlive/2024/bin/x86_64-linux/pdflatex (file ./img/gauss_s
ubs_1.pdf): PDF inclusion: multiple pdfs with page group included in a single p
age
>]

Package hyperref Warning: Difference (2) between bookmark levels is greater 
(hyperref)                than one, level fixed on input line 380.


Overfull \hbox (3.9325pt too wide) in paragraph at lines 380--380
 [][][][][][] 
 []



[6 <./img/gauss_1.pdf> <./img/gauss_1.pdf

pdfTeX warning: /opt/texlive/2024/bin/x86_64-linux/pdflatex (file ./img/gauss_1
.pdf): PDF inclusion: multiple pdfs with page group included in a single page
>]

[7]
Overfull \hbox (3.9325pt too wide) in paragraph at lines 393--393
 [][][][][][] 
 []

(./img/cilindro_piano.pdf_tex
<./img/cilindro_piano.pdf, id=171, page=1, 376.40622pt x 112.92188pt>
File: ./img/cilindro_piano.pdf Graphic file (type pdf)
<use ./img/cilindro_piano.pdf, page 1>
Package pdftex.def Info: ./img/cilindro_piano.pdf , page1 used on input line 57
.
(pdftex.def)             Requested size: 376.4062pt x 112.93019pt.
)

Package hyperref Warning: Difference (2) between bookmark levels is greater 
(hyperref)                than one, level fixed on input line 419.

(./img/lastre_piastra.pdf_tex
<./img/lastre_piastra.pdf, id=172, page=1, 376.40622pt x 150.5625pt>
File: ./img/lastre_piastra.pdf Graphic file (type pdf)
<use ./img/lastre_piastra.pdf, page 1>
Package pdftex.def Info: ./img/lastre_piastra.pdf , page1 used on input line 56
.
(pdftex.def)             Requested size: 376.4062pt x 150.5736pt.
<./img/lastre_piastra.pdf, id=173, page=2, 376.40622pt x 150.5625pt>
File: ./img/lastre_piastra.pdf Graphic file (type pdf)
<use ./img/lastre_piastra.pdf, page 2>
Package pdftex.def Info: ./img/lastre_piastra.pdf , page2 used on input line 61
.
(pdftex.def)             Requested size: 376.4062pt x 150.5736pt.
)

[8 <./img/cilindro_piano.pdf>]

[9 <./img/lastre_piastra.pdf> <./img/lastre_piastra.pdf

pdfTeX warning: /opt/texlive/2024/bin/x86_64-linux/pdflatex (file ./img/lastre_
piastra.pdf): PDF inclusion: multiple pdfs with page group included in a single
 page
>]
Overfull \hbox (3.9325pt too wide) in paragraph at lines 441--441
 [][][][][][] 
 []

(./img/condensatore_dielettrico.pdf_tex
<./img/condensatore_dielettrico.pdf, id=211, page=1, 429.10312pt x 150.5625pt>
File: ./img/condensatore_dielettrico.pdf Graphic file (type pdf)
<use ./img/condensatore_dielettrico.pdf, page 1>
Package pdftex.def Info: ./img/condensatore_dielettrico.pdf , page1 used on inp
ut line 56.
(pdftex.def)             Requested size: 429.10312pt x 150.5644pt.
<./img/condensatore_dielettrico.pdf, id=212, page=2, 429.10312pt x 150.5625pt>
File: ./img/condensatore_dielettrico.pdf Graphic file (type pdf)
<use ./img/condensatore_dielettrico.pdf, page 2>
Package pdftex.def Info: ./img/condensatore_dielettrico.pdf , page2 used on inp
ut line 61.
(pdftex.def)             Requested size: 429.10312pt x 150.5644pt.
<./img/condensatore_dielettrico.pdf, id=213, page=3, 429.10312pt x 150.5625pt>
File: ./img/condensatore_dielettrico.pdf Graphic file (type pdf)
<use ./img/condensatore_dielettrico.pdf, page 3>
Package pdftex.def Info: ./img/condensatore_dielettrico.pdf , page3 used on inp
ut line 64.
(pdftex.def)             Requested size: 429.10312pt x 150.5644pt.
<./img/condensatore_dielettrico.pdf, id=214, page=4, 429.10312pt x 150.5625pt>
File: ./img/condensatore_dielettrico.pdf Graphic file (type pdf)
<use ./img/condensatore_dielettrico.pdf, page 4>
Package pdftex.def Info: ./img/condensatore_dielettrico.pdf , page4 used on inp
ut line 69.
(pdftex.def)             Requested size: 429.10312pt x 150.5644pt.
)

[10 <./img/condensatore_dielettrico.pdf> <./img/condensatore_dielettrico.pdf

pdfTeX warning: /opt/texlive/2024/bin/x86_64-linux/pdflatex (file ./img/condens
atore_dielettrico.pdf): PDF inclusion: multiple pdfs with page group included i
n a single page
> <./img/condensatore_dielettrico.pdf

pdfTeX warning: /opt/texlive/2024/bin/x86_64-linux/pdflatex (file ./img/condens
atore_dielettrico.pdf): PDF inclusion: multiple pdfs with page group included i
n a single page
> <./img/condensatore_dielettrico.pdf

pdfTeX warning: /opt/texlive/2024/bin/x86_64-linux/pdflatex (file ./img/condens
atore_dielettrico.pdf): PDF inclusion: multiple pdfs with page group included i
n a single page
>]
Underfull \hbox (badness 10000) in paragraph at lines 470--471

 []


Package hyperref Warning: Difference (2) between bookmark levels is greater 
(hyperref)                than one, level fixed on input line 503.


Package hyperref Warning: The anchor of a bookmark and its parent's must not
(hyperref)                be the same. Added a new anchor on input line 503.



[11]
Chapter 2.


[12

] (./fisica2.aux (./titlepage.aux))
 ***********
LaTeX2e <2024-06-01> patch level 2
L3 programming layer <2024-09-10>
 ***********
Package rerunfilecheck Info: File `fisica2.out' has not changed.
(rerunfilecheck)             Checksum: 932E9FDA951E535BD3B392A7539961A3;3385.
 ) 
Here is how much of TeX's memory you used:
 37525 strings out of 473579
 886462 string characters out of 5731252
 1778386 words of memory out of 5000000
 59781 multiletter control sequences out of 15000+600000
 565242 words of font info for 63 fonts, out of 8000000 for 9000
 1141 hyphenation exceptions out of 8191
 116i,17n,136p,727b,2225s stack positions out of 10000i,1000n,20000p,200000b,200000s
</opt/texlive/2024/texmf-dist/fonts/type1/public/amsfonts/cm/cmbx10.pfb></opt
/texlive/2024/texmf-dist/fonts/type1/public/amsfonts/cm/cmbx12.pfb></opt/texliv
e/2024/texmf-dist/fonts/type1/public/amsfonts/cm/cmbx7.pfb></opt/texlive/2024/t
exmf-dist/fonts/type1/public/amsfonts/cm/cmbxti10.pfb></opt/texlive/2024/texmf-
dist/fonts/type1/public/amsfonts/cm/cmex10.pfb></opt/texlive/2024/texmf-dist/fo
nts/type1/public/amsfonts/cm/cmmi10.pfb></opt/texlive/2024/texmf-dist/fonts/typ
e1/public/amsfonts/cm/cmmi5.pfb></opt/texlive/2024/texmf-dist/fonts/type1/publi
c/amsfonts/cm/cmmi7.pfb></opt/texlive/2024/texmf-dist/fonts/type1/public/amsfon
ts/cm/cmmib10.pfb></opt/texlive/2024/texmf-dist/fonts/type1/public/amsfonts/cme
xtra/cmmib7.pfb></opt/texlive/2024/texmf-dist/fonts/type1/public/amsfonts/cm/cm
r10.pfb></opt/texlive/2024/texmf-dist/fonts/type1/public/amsfonts/cm/cmr5.pfb><
/opt/texlive/2024/texmf-dist/fonts/type1/public/amsfonts/cm/cmr7.pfb></opt/texl
ive/2024/texmf-dist/fonts/type1/public/amsfonts/cm/cmsy10.pfb></opt/texlive/202
4/texmf-dist/fonts/type1/public/amsfonts/cm/cmsy5.pfb></opt/texlive/2024/texmf-
dist/fonts/type1/public/amsfonts/cm/cmsy7.pfb></opt/texlive/2024/texmf-dist/fon
ts/type1/public/amsfonts/cm/cmti10.pfb></opt/texlive/2024/texmf-dist/fonts/type
1/public/amsfonts/symbols/msam10.pfb>
Output written on fisica2.pdf (13 pages, 7555450 bytes).
PDF statistics:
 325 PDF objects out of 1000 (max. 8388607)
 238 compressed objects within 3 object streams
 35 named destinations out of 1000 (max. 500000)
 212 words of extra memory for PDF output out of 10000 (max. 10000000)

