\BOOKMARK [1][-]{section.1}{\376\377\000P\000r\000i\000m\000a\000\040\000p\000r\000e\000s\000a\000\040\000d\000a\000t\000i}{}% 1
\BOOKMARK [2][-]{subsection.1.1}{\376\377\000C\000i\000l\000i\000n\000d\000r\000o\000\040\000m\000e\000t\000a\000l\000l\000i\000c\000o}{section.1}% 2
\BOOKMARK [3][-]{subsubsection.1.1.1}{\376\377\000F\000i\000t\000\040\000l\000i\000n\000e\000a\000r\000e\000\040\000T\0001\000\040\000e\000\040\000T\000e\000q}{subsection.1.1}% 3
\BOOKMARK [3][-]{subsubsection.1.1.2}{\376\377\000F\000i\000t\000\040\000l\000i\000n\000e\000a\000r\000e\000\040\000T\000e\000q}{subsection.1.1}% 4
\BOOKMARK [2][-]{subsection.1.2}{\376\377\000M\000a\000s\000s\000a\000\040\000d\000'\000a\000c\000q\000u\000a}{section.1}% 5
\BOOKMARK [3][-]{subsubsection.1.2.1}{\376\377\000F\000i\000t\000\040\000l\000i\000n\000e\000a\000r\000e\000\040\000T\000'\000e\000q}{subsection.1.2}% 6
\BOOKMARK [2][-]{subsection.1.3}{\376\377\000C\000a\000l\000c\000o\000l\000o\000\040\000m\000a\000s\000s\000a\000\040\000e\000q\000u\000i\000v\000a\000l\000e\000n\000t\000e\000\040\000e\000\040\000c\000a\000l\000o\000r\000e\000\040\000s\000p\000e\000c\000i\000f\000i\000c\000o}{section.1}% 7
\BOOKMARK [2][-]{subsection.1.4}{\376\377\000A\000n\000a\000l\000i\000s\000i\000\040\000e\000r\000r\000o\000r\000i}{section.1}% 8
\BOOKMARK [1][-]{section.2}{\376\377\000S\000e\000c\000o\000n\000d\000a\000\040\000p\000r\000e\000s\000a\000\040\000d\000a\000t\000i}{}% 9
\BOOKMARK [2][-]{subsection.2.1}{\376\377\000C\000i\000l\000i\000n\000d\000r\000o\000\040\000m\000e\000t\000a\000l\000l\000i\000c\000o}{section.2}% 10
\BOOKMARK [3][-]{subsubsection.2.1.1}{\376\377\000F\000i\000t\000\040\000l\000i\000n\000e\000a\000r\000e\000\040\000T\000e\000q}{subsection.2.1}% 11
\BOOKMARK [2][-]{subsection.2.2}{\376\377\000M\000a\000s\000s\000a\000\040\000d\000'\000a\000c\000q\000u\000a}{section.2}% 12
\BOOKMARK [3][-]{subsubsection.2.2.1}{\376\377\000F\000i\000t\000\040\000l\000i\000n\000e\000a\000r\000e\000\040\000T\000'\000e\000q}{subsection.2.2}% 13
\BOOKMARK [2][-]{subsection.2.3}{\376\377\000C\000a\000l\000c\000o\000l\000o\000\040\000m\000a\000s\000s\000a\000\040\000e\000q\000u\000i\000v\000a\000l\000e\000n\000t\000e\000\040\000e\000\040\000c\000a\000l\000o\000r\000e\000\040\000s\000p\000e\000c\000i\000f\000i\000c\000o}{section.2}% 14
\BOOKMARK [2][-]{subsection.2.4}{\376\377\000C\000o\000n\000f\000r\000o\000n\000t\000o\000\040\000f\000i\000n\000a\000l\000e}{section.2}% 15
\BOOKMARK [1][-]{section.3}{\376\377\000C\000o\000n\000f\000r\000o\000n\000t\000o\000\040\000m\000a\000s\000s\000e\000\040\000e\000q\000u\000i\000v\000a\000l\000e\000n\000t\000i\000\040\000e\000\040\000c\000a\000l\000o\000r\000i\000\040\000s\000p\000e\000c\000i\000f\000i\000c\000i}{}% 16
\BOOKMARK [1][-]{section.4}{\376\377\000E\000r\000r\000o\000r\000i\000\040\000s\000i\000s\000t\000e\000m\000a\000t\000i\000c\000i}{}% 17
\BOOKMARK [2][-]{subsection.4.1}{\376\377\000I\000n\000f\000l\000u\000e\000n\000z\000a\000\040\000a\000g\000i\000t\000a\000t\000o\000r\000e}{section.4}% 18
\BOOKMARK [2][-]{subsection.4.2}{\376\377\000C\000a\000l\000o\000r\000e\000\040\000d\000i\000s\000p\000e\000r\000s\000o}{section.4}% 19
\BOOKMARK [1][-]{section.5}{\376\377\000A\000p\000p\000e\000n\000d\000i\000c\000e}{}% 20
\BOOKMARK [2][-]{subsection.5.1}{\376\377\000C\000a\000l\000c\000o\000l\000o\000\040\000T\0001\000\040\000e\000\040\000T\000e\000q\000\040\000c\000o\000n\000\040\000c\000o\000v\000a\000r\000i\000a\000n\000z\000e}{section.5}% 21
\BOOKMARK [1][-]{section.6}{\376\377\000t\000e\000m\000p}{}% 22
