This is LuaHBTeX, Version 1.18.0 (TeX Live 2024/Arch Linux)  (format=lualatex 2024.9.24)  24 SEP 2024 11:55
 restricted system commands enabled.
**titlepage.tex
(./titlepage.tex
LaTeX2e <2023-11-01> patch level 1
L3 programming layer <2024-02-20>
Lua module: luaotfload 2024-02-14 3.28 Lua based OpenType font support
Lua module: lualibs 2023-07-13 2.76 ConTeXt Lua standard libraries.
Lua module: lualibs-extended 2023-07-13 2.76 ConTeXt Lua libraries -- extended c
ollection.
luaotfload | conf : Root cache directory is "/home/fide/.texlive/texmf-var/luate
x-cache/generic/names".
luaotfload | init : Loading fontloader "fontloader-2023-12-28.lua" from kpse-res
olved path "/usr/share/texmf-dist/tex/luatex/luaotfload/fontloader-2023-12-28.lu
a".
Lua-only attribute luaotfload@noligature = 1
luaotfload | init : Context OpenType loader version 3.134
Inserting `luaotfload.node_processor' in `pre_linebreak_filter'.
Inserting `luaotfload.node_processor' in `hpack_filter'.
Inserting `luaotfload.glyph_stream' in `glyph_stream_provider'.
Inserting `luaotfload.define_font' in `define_font'.
Lua-only attribute luaotfload_color_attribute = 2
luaotfload | conf : Root cache directory is "/home/fide/.texlive/texmf-var/luate
x-cache/generic/names".
Inserting `luaotfload.harf.strip_prefix' in `find_opentype_file'.
Inserting `luaotfload.harf.strip_prefix' in `find_truetype_file'.
Removing  `luaotfload.glyph_stream' from `glyph_stream_provider'.
Inserting `luaotfload.harf.glyphstream' in `glyph_stream_provider'.
Inserting `luaotfload.harf.finalize_vlist' in `post_linebreak_filter'.
Inserting `luaotfload.harf.finalize_hlist' in `hpack_filter'.
Inserting `luaotfload.cleanup_files' in `wrapup_run'.
Inserting `luaotfload.harf.finalize_unicode' in `finish_pdffile'.
Inserting `luaotfload.glyphinfo' in `glyph_info'.
Lua-only attribute luaotfload.letterspace_done = 3
Inserting `luaotfload.aux.set_sscale_dimens' in `luaotfload.patch_font'.
Inserting `luaotfload.aux.set_font_index' in `luaotfload.patch_font'.
Inserting `luaotfload.aux.patch_cambria_domh' in `luaotfload.patch_font'.
Inserting `luaotfload.aux.fixup_fontdata' in `luaotfload.patch_font_unsafe'.
Inserting `luaotfload.aux.set_capheight' in `luaotfload.patch_font'.
Inserting `luaotfload.aux.set_xheight' in `luaotfload.patch_font'.
Inserting `luaotfload.rewrite_fontname' in `luaotfload.patch_font'.
Inserting `tracingstacklevels' in `input_level_string'.

! LaTeX Error: Environment titlepage undefined.

See the LaTeX manual or LaTeX Companion for explanation.
Type  H <return>  for immediate help.
 ...                                              
                                                  
l.1 \begin{titlepage}
                   
Your command was ignored.
Type  I <command> <return>  to replace it with another command,
or  <return>  to continue without it.


! LaTeX Error: Missing \begin{document}.

See the LaTeX manual or LaTeX Companion for explanation.
Type  H <return>  for immediate help.
 ...                                              
                                                  
l.2 	\begin{center}
                 
You're in trouble here.  Try typing  <return>  to proceed.
If that doesn't work, type  X <return>  to quit.


Overfull \hbox (20.0pt too wide) in paragraph at lines 2--2
[] 
 []

luaotfload | db : Font names database loaded from /home/fide/.texlive/texmf-var/
luatex-cache/generic/names/luaotfload-names.luc.gz
! Undefined control sequence.
<recently read> \Huge 
      
l.8 		\textbf{\Huge Analisi III}
                              
The control sequence at the end of the top line
of your error message was never \def'ed. If you have
misspelled it (e.g., `\hobx'), type `I' and the correct
spelling (e.g., `I\hbox'). Otherwise just continue,
and I'll forget about whatever was undefined.


Overfull \hbox (27.69pt too wide) in paragraph at lines 8--9
 \TU/lmr/bx/n/10 Anal- 
 []


Overfull \hbox (10.92pt too wide) in paragraph at lines 8--9
 \TU/lmr/bx/n/10 isi 
 []


Overfull \hbox (13.72002pt too wide) in paragraph at lines 8--9
 \TU/lmr/bx/n/10 III 
 []


Overfull \hbox (28.68999pt too wide) in paragraph at lines 11--12
 \TU/lmr/m/it/10 ”Anal- 
 []


Overfull \hbox (10.23001pt too wide) in paragraph at lines 11--12
 \TU/lmr/m/it/10 isi 
 []


Overfull \hbox (33.76001pt too wide) in paragraph at lines 11--12
 \TU/lmr/m/it/10 Matem- 
 []


Overfull \hbox (12.01001pt too wide) in paragraph at lines 11--12
 \TU/lmr/m/it/10 at- 
 []


Overfull \hbox (12.27002pt too wide) in paragraph at lines 11--12
 \TU/lmr/m/it/10 ica 
 []


Overfull \hbox (5.11pt too wide) in paragraph at lines 11--12
 \TU/lmr/m/it/10 2 
 []


Overfull \hbox (3.58pt too wide) in paragraph at lines 11--12
 \TU/lmr/m/it/10 - 
 []


Overfull \hbox (23.78pt too wide) in paragraph at lines 11--12
 \TU/lmr/m/it/10 Clau- 
 []


Overfull \hbox (13.29001pt too wide) in paragraph at lines 11--12
 \TU/lmr/m/it/10 dio 
 []


Overfull \hbox (34.76001pt too wide) in paragraph at lines 11--12
 \TU/lmr/m/it/10 Canuto, 
 []


Overfull \hbox (24.04001pt too wide) in paragraph at lines 11--12
 \TU/lmr/m/it/10 Anita 
 []


Overfull \hbox (39.61003pt too wide) in paragraph at lines 11--12
 \TU/lmr/m/it/10 Tabacco” 
 []


! LaTeX Error: Environment tikzpicture undefined.

See the LaTeX manual or LaTeX Companion for explanation.
Type  H <return>  for immediate help.
 ...                                              
                                                  
l.16 		\begin{tikzpicture}
                        [scale=1.2]
Your command was ignored.
Type  I <command> <return>  to replace it with another command,
or  <return>  to continue without it.


! LaTeX Error: Environment axis undefined.

See the LaTeX manual or LaTeX Companion for explanation.
Type  H <return>  for immediate help.
 ...                                              
                                                  
l.18 			\begin{axis}
                  [ domain=-5:5, domain y=-5:5, title={} ]
Your command was ignored.
Type  I <command> <return>  to replace it with another command,
or  <return>  to continue without it.

! Undefined control sequence.
l.19 				\addplot
               3[surf,samples=25] { x^2+y^2 };
The control sequence at the end of the top line
of your error message was never \def'ed. If you have
misspelled it (e.g., `\hobx'), type `I' and the correct
spelling (e.g., `I\hbox'). Otherwise just continue,
and I'll forget about whatever was undefined.

! Missing $ inserted.
<inserted text> 
$
l.19 				\addplot3[surf,samples=25] { x^
                                      2+y^2 };
I've inserted a begin-math/end-math symbol since I think
you left one out. Proceed, with fingers crossed.

LaTeX Font Info:    External font `cmex10' loaded for size
(Font)              <7> on input line 19.
LaTeX Font Info:    External font `cmex10' loaded for size
(Font)              <5> on input line 19.
! Extra }, or forgotten $.
l.19 				\addplot3[surf,samples=25] { x^2+y^2 }
                                             ;
I've deleted a group-closing symbol because it seems to be
spurious, as in `$x}$'. But perhaps the } is legitimate and
you forgot something else, as in `\hbox{$x}'. In such cases
the way to recover is to insert both the forgotten and the
deleted material, e.g., by typing `I$}'.


! LaTeX Error: \begin{center} on input line 2 ended by \end{axis}.

See the LaTeX manual or LaTeX Companion for explanation.
Type  H <return>  for immediate help.
 ...                                              
                                                  
l.20 			\end{axis}
                
Your command was ignored.
Type  I <command> <return>  to replace it with another command,
or  <return>  to continue without it.

! Missing $ inserted.
<inserted text> 
$
l.20 			\end{axis}
                
I've inserted something that you may have forgotten.
(See the <inserted text> above.)
With luck, this will get me unwedged. But if you
really didn't forget anything, try typing `2' now; then
my insertion and my current dilemma will both disappear.

! Missing } inserted.
<inserted text> 
}
l.20 			\end{axis}
                
I've inserted something that you may have forgotten.
(See the <inserted text> above.)
With luck, this will get me unwedged. But if you
really didn't forget anything, try typing `2' now; then
my insertion and my current dilemma will both disappear.


Overfull \hbox (12.26393pt too wide) in paragraph at lines 18--21
 x$[][] \OT1/cmr/m/n/10 + 
 []


Overfull \hbox (12.52551pt too wide) in paragraph at lines 18--21
 \OML/cmm/m/it/10 y[]\OT1/cmr/m/n/10 ;$ 
 []


! LaTeX Error: \begin{center} on input line 2 ended by \end{tikzpicture}.

See the LaTeX manual or LaTeX Companion for explanation.
Type  H <return>  for immediate help.
 ...                                              
                                                  
l.22 		\end{tikzpicture}
                      
Your command was ignored.
Type  I <command> <return>  to replace it with another command,
or  <return>  to continue without it.


! LaTeX Error: \begin{document} ended by \end{titlepage}.

See the LaTeX manual or LaTeX Companion for explanation.
Type  H <return>  for immediate help.
 ...                                              
                                                  
l.35 \end{titlepage}
                  
Your command was ignored.
Type  I <command> <return>  to replace it with another command,
or  <return>  to continue without it.

)
! Emergency stop.
<*> titlepage.tex
              
*** (job aborted, no legal \end found)



Here is how much of LuaTeX's memory you used:
 35 strings out of 476447
 100000,1977958 words of node,token memory allocated 3551 words of node memory still in use:
   38 hlist, 1 rule, 7 disc, 8 local_par, 1 dir, 2 math, 135 glue, 15 kern, 24 p
enalty, 221 glyph, 39 attribute, 39 glue_spec, 39 attribute_list nodes
   avail lists: 2:5,3:1,4:10,5:10,7:1,8:5,10:9
 22249 multiletter control sequences out of 65536+600000
 26 fonts using 1476743 bytes
 19i,1n,20p,127b,134s stack positions out of 10000i,1000n,20000p,200000b,200000s
!  ==> Fatal error occurred, no output PDF file produced!
