\BOOKMARK [1][-]{section.1}{\376\377\000S\000i\000s\000t\000e\000m\000i\000\040\000d\000i\000\040\000e\000q\000u\000a\000z\000i\000o\000n\000i\000\040\000l\000i\000n\000e\000a\000r\000i}{}% 1
\BOOKMARK [2][-]{subsection.1.1}{\376\377\000S\000i\000s\000t\000e\000m\000i\000\040\000o\000m\000o\000g\000e\000n\000e\000i}{section.1}% 2
\BOOKMARK [1][-]{section.2}{\376\377\000M\000a\000t\000r\000i\000c\000i}{}% 3
\BOOKMARK [2][-]{subsection.2.1}{\376\377\000O\000p\000e\000r\000a\000z\000i\000o\000n\000i\000\040\000t\000r\000a\000\040\000m\000a\000t\000r\000i\000c\000i}{section.2}% 4
\BOOKMARK [3][-]{section*.3}{\376\377\000P\000r\000o\000d\000o\000t\000t\000o\000\040\000c\000o\000m\000e\000\040\000c\000o\000m\000b\000i\000n\000a\000z\000i\000o\000n\000e\000\040\000l\000i\000n\000e\000a\000r\000e}{subsection.2.1}% 5
\BOOKMARK [3][-]{section*.4}{\376\377\000L\000a\000\040\000t\000r\000a\000s\000p\000o\000s\000t\000a\000\040\000d\000i\000\040\000u\000n\000a\000\040\000m\000a\000t\000r\000i\000c\000e}{subsection.2.1}% 6
\BOOKMARK [2][-]{subsection.2.2}{\376\377\000D\000e\000t\000e\000r\000m\000i\000n\000a\000n\000t\000e}{section.2}% 7
\BOOKMARK [3][-]{section*.8}{\376\377\000C\000a\000l\000c\000o\000l\000o\000\040\000d\000e\000l\000\040\000d\000e\000t\000e\000r\000m\000i\000n\000a\000n\000t\000e}{subsection.2.2}% 8
\BOOKMARK [3][-]{section*.9}{\376\377\000C\000o\000m\000e\000\040\000c\000a\000m\000b\000i\000a\000\040\000i\000l\000\040\000d\000e\000t\000e\000r\000m\000i\000n\000a\000n\000t\000e\000\040\000d\000o\000p\000o\000\040\000l\000e\000\040\0003\000\040\000m\000o\000s\000s\000e\000?}{subsection.2.2}% 9
\BOOKMARK [2][-]{subsection.2.3}{\376\377\000T\000e\000o\000r\000e\000m\000i\000\040\000d\000i\000\040\000L\000a\000p\000l\000a\000c\000e}{section.2}% 10
\BOOKMARK [3][-]{section*.11}{\376\377\000P\000r\000i\000m\000o\000\040\000T\000e\000o\000r\000e\000m\000a\000\040\000d\000i\000\040\000L\000a\000p\000l\000a\000c\000e}{subsection.2.3}% 11
\BOOKMARK [3][-]{section*.12}{\376\377\000S\000e\000c\000o\000n\000d\000o\000\040\000T\000e\000o\000r\000e\000m\000a\000\040\000d\000i\000\040\000L\000a\000p\000l\000a\000c\000e}{subsection.2.3}% 12
\BOOKMARK [2][-]{subsection.2.4}{\376\377\000M\000a\000t\000r\000i\000c\000i\000\040\000i\000n\000v\000e\000r\000s\000e}{section.2}% 13
\BOOKMARK [3][-]{section*.14}{\376\377\000C\000a\000l\000c\000o\000l\000o\000\040\000d\000e\000l\000l\000a\000\040\000m\000a\000t\000r\000i\000c\000e\000\040\000i\000n\000v\000e\000r\000s\000a\000\040\0001}{subsection.2.4}% 14
\BOOKMARK [3][-]{section*.15}{\376\377\000C\000a\000l\000c\000o\000l\000o\000\040\000d\000e\000l\000l\000a\000\040\000m\000a\000t\000r\000i\000c\000e\000\040\000i\000n\000v\000e\000r\000s\000a\000\040\0002}{subsection.2.4}% 15
\BOOKMARK [2][-]{subsection.2.5}{\376\377\000T\000e\000o\000r\000e\000m\000a\000\040\000d\000i\000\040\000C\000r\000a\000m\000e\000r}{section.2}% 16
\BOOKMARK [1][-]{section.3}{\376\377\000P\000r\000o\000d\000o\000t\000t\000o\000\040\000s\000c\000a\000l\000a\000r\000e\000\040\000e\000\040\000v\000e\000t\000t\000o\000r\000i\000a\000l\000e}{}% 17
\BOOKMARK [2][-]{subsection.3.1}{\376\377\000P\000r\000o\000p\000r\000i\000e\000t\000\340\000\040\000d\000e\000l\000\040\000p\000r\000o\000d\000o\000t\000t\000o\000\040\000s\000c\000a\000l\000a\000r\000e}{section.3}% 18
\BOOKMARK [2][-]{subsection.3.2}{\376\377\000I\000n\000t\000e\000r\000p\000r\000e\000t\000a\000z\000i\000o\000n\000e\000\040\000g\000e\000o\000m\000e\000t\000r\000i\000c\000a\000\040\000d\000e\000l\000\040\000p\000r\000o\000d\000o\000t\000t\000o\000\040\000s\000c\000a\000l\000a\000r\000e}{section.3}% 19
\BOOKMARK [2][-]{subsection.3.3}{\376\377\000P\000r\000o\000d\000o\000t\000t\000o\000\040\000v\000e\000t\000t\000o\000r\000i\000a\000l\000e}{section.3}% 20
\BOOKMARK [3][-]{section*.16}{\376\377\000P\000r\000o\000p\000r\000i\000e\000t\000\340\000\040\000d\000e\000l\000\040\000p\000r\000o\000d\000o\000t\000t\000o\000\040\000v\000e\000t\000t\000o\000r\000i\000a\000l\000e}{subsection.3.3}% 21
\BOOKMARK [3][-]{section*.17}{\376\377\000I\000n\000t\000e\000r\000p\000r\000e\000t\000a\000z\000i\000o\000n\000e\000\040\000g\000e\000o\000m\000e\000t\000r\000i\000c\000a\000\040\000d\000e\000l\000\040\000p\000r\000o\000d\000o\000t\000t\000o\000\040\000v\000e\000t\000t\000o\000r\000i\000a\000l\000e}{subsection.3.3}% 22
\BOOKMARK [2][-]{subsection.3.4}{\376\377\000P\000r\000o\000d\000o\000t\000t\000o\000\040\000m\000i\000s\000t\000o}{section.3}% 23
\BOOKMARK [1][-]{section.4}{\376\377\000S\000p\000a\000z\000i\000\040\000V\000e\000t\000t\000o\000r\000i\000a\000l\000i}{}% 24
\BOOKMARK [2][-]{section*.18}{\376\377\000P\000r\000o\000p\000r\000i\000e\000t\000\340\000\040\000d\000e\000l\000l\000a\000\040\000s\000o\000m\000m\000a}{section.4}% 25
\BOOKMARK [3][-]{section*.19}{\376\377\000P\000r\000o\000p\000r\000i\000e\000t\000\340\000\040\000d\000e\000l\000\040\000p\000r\000o\000d\000o\000t\000t\000o}{section*.18}% 26
\BOOKMARK [2][-]{subsection.4.1}{\376\377\000S\000o\000t\000t\000o\000s\000p\000a\000z\000i\000\040\000v\000e\000t\000t\000o\000r\000i\000a\000l\000i}{section.4}% 27
\BOOKMARK [3][-]{section*.20}{\376\377\000+\000\040\000S\000o\000m\000m\000a\000\040\000d\000i\000\040\000d\000u\000e\000\040\000s\000o\000t\000t\000o\000s\000p\000a\000z\000i}{subsection.4.1}% 28
\BOOKMARK [3][-]{section*.22}{\376\377\000\040\000I\000n\000t\000e\000r\000s\000e\000z\000i\000o\000n\000e\000\040\000d\000i\000\040\000d\000u\000e\000\040\000s\000o\000t\000t\000o\000s\000p\000a\000z\000i}{subsection.4.1}% 29
\BOOKMARK [2][-]{subsection.4.2}{\376\377\000C\000o\000m\000b\000i\000n\000a\000z\000i\000o\000n\000e\000\040\000l\000i\000n\000e\000a\000r\000e}{section.4}% 30
\BOOKMARK [2][-]{subsection.4.3}{\376\377\000I\000n\000d\000i\000p\000e\000n\000d\000e\000n\000z\000a\000\040\000l\000i\000n\000e\000a\000r\000e}{section.4}% 31
\BOOKMARK [2][-]{subsection.4.4}{\376\377\000B\000a\000s\000i}{section.4}% 32
\BOOKMARK [2][-]{subsection.4.5}{\376\377\000C\000a\000m\000b\000i\000a\000m\000e\000n\000t\000o\000\040\000d\000i\000\040\000b\000a\000s\000e}{section.4}% 33
\BOOKMARK [3][-]{section*.23}{\376\377\000M\000e\000t\000o\000d\000o\000\040\000p\000e\000r\000\040\000t\000r\000o\000v\000a\000r\000e\000\040\000l\000a\000\040\000m\000a\000t\000r\000i\000c\000e\000\040\000d\000i\000\040\000c\000a\000m\000b\000i\000a\000m\000e\000n\000t\000o\000\040\000d\000i\000\040\000b\000a\000s\000e}{subsection.4.5}% 34
\BOOKMARK [2][-]{subsection.4.6}{\376\377\000S\000p\000a\000z\000i\000o\000\040\000d\000e\000l\000l\000e\000\040\000r\000i\000g\000h\000e\000,\000\040\000d\000e\000l\000l\000e\000\040\000c\000o\000l\000o\000n\000n\000e\000,\000\040\000N\000u\000l\000l\000s\000p\000a\000c\000e}{section.4}% 35
\BOOKMARK [3][-]{section*.25}{\376\377\000T\000e\000o\000r\000e\000m\000a\000\040\000d\000e\000l\000\040\000r\000a\000n\000g\000o}{subsection.4.6}% 36
\BOOKMARK [3][-]{section*.26}{\376\377\000T\000e\000o\000r\000e\000m\000a\000\040\000d\000i\000\040\000n\000u\000l\000l\000i\000t\000\340\000\040\000+\000\040\000r\000a\000n\000g\000o}{subsection.4.6}% 37
\BOOKMARK [2][-]{subsection.4.7}{\376\377\000R\000a\000n\000k}{section.4}% 38
\BOOKMARK [1][-]{section.5}{\376\377\000A\000p\000p\000l\000i\000c\000a\000z\000i\000o\000n\000i\000\040\000L\000i\000n\000e\000a\000r\000i}{}% 39
\BOOKMARK [1][-]{section.6}{\376\377\000A\000u\000t\000o\000v\000e\000t\000t\000o\000r\000i\000,\000\040\000a\000u\000t\000o\000v\000a\000l\000o\000r\000i}{}% 40
\BOOKMARK [2][-]{subsection.6.1}{\376\377\000A\000u\000t\000o\000m\000o\000r\000f\000i\000s\000m\000i\000\040\000e\000\040\000s\000o\000t\000t\000o\000s\000p\000a\000z\000i\000\040\000i\000n\000v\000a\000r\000i\000a\000n\000t\000i}{section.6}% 41
\BOOKMARK [2][-]{subsection.6.2}{\376\377\000A\000u\000t\000o\000v\000e\000t\000t\000o\000r\000i\000\040\000e\000\040\000a\000u\000t\000o\000v\000a\000l\000o\000r\000i}{section.6}% 42
\BOOKMARK [1][-]{section.7}{\376\377\000D\000i\000a\000g\000o\000n\000a\000l\000i\000z\000z\000a\000z\000i\000o\000n\000e}{}% 43
\BOOKMARK [2][-]{subsection.7.1}{\376\377\000C\000r\000i\000t\000e\000r\000i\000\040\000d\000i\000\040\000d\000i\000a\000g\000o\000n\000a\000l\000i\000z\000z\000a\000b\000i\000l\000i\000t\000\340}{section.7}% 44
\BOOKMARK [2][-]{subsection.7.2}{\376\377\000E\000n\000d\000o\000m\000o\000r\000f\000i\000s\000m\000i\000\040\000a\000u\000t\000o\000a\000g\000g\000i\000u\000n\000t\000i}{section.7}% 45
\BOOKMARK [1][-]{section.8}{\376\377\000F\000o\000r\000m\000e\000\040\000b\000i\000l\000i\000n\000e\000a\000r\000i}{}% 46
\BOOKMARK [2][-]{subsection.8.1}{\376\377\000D\000i\000a\000g\000o\000n\000a\000l\000i\000z\000z\000a\000z\000i\000o\000n\000e}{section.8}% 47
