\BOOKMARK [1][-]{section.1}{\376\377\000S\000c\000o\000p\000o\000\040\000d\000e\000l\000l\040\031\000e\000s\000p\000e\000r\000i\000e\000n\000z\000a}{}% 1
\BOOKMARK [1][-]{section.2}{\376\377\000S\000t\000r\000u\000m\000e\000n\000t\000a\000z\000i\000o\000n\000e}{}% 2
\BOOKMARK [2][-]{subsection.2.1}{\376\377\000M\000i\000s\000u\000r\000a\000z\000i\000o\000n\000i\000\040\000f\000r\000e\000q\000u\000e\000n\000t\000i}{section.2}% 3
\BOOKMARK [1][-]{section.3}{\376\377\000S\000c\000e\000l\000t\000a\000\040\000s\000t\000r\000u\000m\000e\000n\000t\000o\000\040\000d\000i\000\040\000m\000i\000s\000u\000r\000a}{}% 4
\BOOKMARK [1][-]{section.4}{\376\377\000D\000i\000p\000e\000n\000d\000e\000n\000z\000a\000\040\000d\000a\000l\000l\040\031\000a\000n\000g\000o\000l\000o}{}% 5
\BOOKMARK [2][-]{subsection.4.1}{\376\377\000A\000c\000q\000u\000i\000s\000i\000z\000i\000o\000n\000e\000\040\000d\000a\000t\000i}{section.4}% 6
\BOOKMARK [2][-]{subsection.4.2}{\376\377\000R\000e\000t\000t\000a\000\040\000d\000i\000\040\000b\000e\000s\000t\000-\000f\000i\000t}{section.4}% 7
\BOOKMARK [3][-]{subsubsection.4.2.1}{\376\377\000T\000e\000s\000t\000\040\000d\000e\000l\000\040\000c\000h\000i\000\040\000q\000u\000a\000d\000r\000o}{subsection.4.2}% 8
\BOOKMARK [3][-]{subsubsection.4.2.2}{\376\377\000T\000e\000s\000t\000\040\000Z}{subsection.4.2}% 9
\BOOKMARK [2][-]{subsection.4.3}{\376\377\000D\000e\000t\000e\000r\000m\000i\000n\000a\000z\000i\000o\000n\000e\000\040\000d\000e\000l\000l\000'\000a\000c\000c\000e\000l\000e\000r\000a\000z\000i\000o\000n\000e\000\040\000d\000i\000\040\000g\000r\000a\000v\000i\000t\000\340\000\040\000g}{section.4}% 10
\BOOKMARK [3][-]{subsubsection.4.3.1}{\376\377\000T\000e\000s\000t\000\040\000Z}{subsection.4.3}% 11
\BOOKMARK [2][-]{subsection.4.4}{\376\377\000P\000a\000r\000a\000b\000o\000l\000a\000\040\000d\000i\000\040\000b\000e\000s\000t\000-\000f\000i\000t}{section.4}% 12
\BOOKMARK [3][-]{subsubsection.4.4.1}{\376\377\000T\000e\000s\000t\000\040\000d\000e\000l\000\040\000c\000h\000i\000\040\000q\000u\000a\000d\000r\000o}{subsection.4.4}% 13
\BOOKMARK [3][-]{subsubsection.4.4.2}{\376\377\000T\000e\000s\000t\000\040\000Z}{subsection.4.4}% 14
\BOOKMARK [1][-]{section.5}{\376\377\000D\000i\000p\000e\000n\000d\000e\000n\000z\000a\000\040\000d\000a\000l\000l\000a\000\040\000l\000u\000n\000g\000h\000e\000z\000z\000a}{}% 15
\BOOKMARK [2][-]{subsection.5.1}{\376\377\000A\000c\000q\000u\000i\000s\000i\000z\000i\000o\000n\000e\000\040\000d\000a\000t\000i}{section.5}% 16
\BOOKMARK [2][-]{subsection.5.2}{\376\377\000R\000e\000t\000t\000a\000\040\000d\000i\000\040\000b\000e\000s\000t\000-\000f\000i\000t}{section.5}% 17
\BOOKMARK [3][-]{subsubsection.5.2.1}{\376\377\000T\000e\000s\000t\000\040\000d\000e\000l\000\040\000c\000h\000i\000\040\000q\000u\000a\000d\000r\000o}{subsection.5.2}% 18
\BOOKMARK [3][-]{subsubsection.5.2.2}{\376\377\000T\000e\000s\000t\000\040\000Z}{subsection.5.2}% 19
\BOOKMARK [1][-]{section.6}{\376\377\000D\000i\000p\000e\000n\000d\000e\000n\000z\000a\000\040\000d\000a\000l\000l\000a\000\040\000m\000a\000s\000s\000a}{}% 20
\BOOKMARK [2][-]{subsection.6.1}{\376\377\000A\000c\000q\000u\000i\000s\000i\000z\000i\000o\000n\000e\000\040\000d\000a\000t\000i}{section.6}% 21
\BOOKMARK [2][-]{subsection.6.2}{\376\377\000T\000e\000s\000t\000\040\000Z}{section.6}% 22
\BOOKMARK [1][-]{section.7}{\376\377\000C\000o\000n\000c\000l\000u\000s\000i\000o\000n\000i}{}% 23
