\BOOKMARK [1][-]{section.1}{\376\377\000O\000n\000d\000e\000\040\000m\000e\000c\000c\000a\000n\000i\000c\000h\000e}{}% 1
\BOOKMARK [2][-]{subsection.1.1}{\376\377\000O\000n\000d\000e\000\040\000i\000n\000\040\000u\000n\000a\000\040\000s\000b\000a\000r\000r\000a\000\040\000s\000o\000l\000i\000d\000a}{section.1}% 2
\BOOKMARK [2][-]{subsection.1.2}{\376\377\000O\000n\000d\000e\000\040\000i\000n\000\040\000u\000n\000a\000\040\000c\000o\000r\000d\000a\000\040\000t\000e\000s\000a}{section.1}% 3
\BOOKMARK [2][-]{subsection.1.3}{\376\377\000O\000n\000d\000e\000\040\000n\000e\000i\000\040\000g\000a\000s}{section.1}% 4
\BOOKMARK [3][-]{section*.2}{\376\377\000D\000e\000n\000s\000i\000t\000\340}{subsection.1.3}% 5
\BOOKMARK [3][-]{section*.3}{\376\377\000P\000r\000e\000s\000s\000i\000o\000n\000e}{subsection.1.3}% 6
\BOOKMARK [3][-]{section*.4}{\376\377\000F\000o\000r\000z\000a}{subsection.1.3}% 7
\BOOKMARK [3][-]{section*.5}{\376\377\000M\000o\000d\000u\000l\000o\000\040\000d\000i\000\040\000c\000o\000m\000p\000r\000e\000s\000s\000i\000b\000i\000l\000i\000t\000\340\000\040\000a\000d\000i\000a\000b\000a\000t\000i\000c\000a}{subsection.1.3}% 8
\BOOKMARK [1][-]{section.2}{\376\377\000O\000n\000d\000e\000\040\000p\000i\000a\000n\000e\000\040\000a\000r\000m\000o\000n\000i\000c\000h\000e}{}% 9
\BOOKMARK [2][-]{subsection.2.1}{\376\377\000A\000n\000a\000l\000i\000s\000i\000\040\000d\000i\000\040\000F\000o\000u\000r\000i\000e\000r}{section.2}% 10
\BOOKMARK [2][-]{subsection.2.2}{\376\377\000O\000n\000d\000e\000\040\000s\000u\000l\000l\000a\000\040\000s\000u\000p\000e\000r\000f\000i\000c\000i\000e\000\040\000d\000i\000\040\000u\000n\000\040\000l\000i\000q\000u\000i\000d\000o}{section.2}% 11
\BOOKMARK [2][-]{subsection.2.3}{\376\377\000P\000r\000o\000p\000a\000g\000a\000z\000i\000o\000n\000e\000\040\000d\000e\000l\000l\000'\000e\000n\000e\000r\000g\000i\000a\000\040\000i\000n\000\040\000u\000n\000a\000\040\000b\000a\000r\000r\000a\000\040\000s\000o\000l\000i\000d\000a}{section.2}% 12
\BOOKMARK [3][-]{section*.8}{\376\377\000E\000n\000e\000r\000g\000i\000a\000\040\000p\000e\000r\000\040\000u\000n\000i\000t\000\340\000\040\000d\000i\000\040\000v\000o\000l\000u\000m\000e}{subsection.2.3}% 13
\BOOKMARK [3][-]{section*.9}{\376\377\000I\000n\000t\000e\000n\000s\000i\000t\000\340\000\040\000d\000e\000l\000l\000'\000o\000n\000d\000a}{subsection.2.3}% 14
\BOOKMARK [2][-]{subsection.2.4}{\376\377\000P\000r\000o\000p\000a\000g\000a\000z\000i\000o\000n\000e\000\040\000d\000e\000l\000l\000'\000e\000n\000e\000r\000g\000i\000a\000\040\000i\000n\000\040\000u\000n\000a\000\040\000c\000o\000r\000d\000a\000\040\000t\000e\000s\000a}{section.2}% 15
\BOOKMARK [3][-]{section*.10}{\376\377\000E\000n\000e\000r\000g\000i\000a\000\040\000p\000e\000r\000\040\000u\000n\000i\000t\000\340\000\040\000d\000i\000\040\000l\000u\000n\000g\000h\000e\000z\000z\000a}{subsection.2.4}% 16
\BOOKMARK [2][-]{subsection.2.5}{\376\377\000O\000n\000d\000e\000\040\000i\000n\000\040\000p\000i\000\371\000\040\000d\000i\000m\000e\000n\000s\000i\000o\000n\000i}{section.2}% 17
\BOOKMARK [3][-]{section*.11}{\376\377\000O\000n\000d\000e\000\040\000e\000l\000a\000s\000t\000i\000c\000h\000e\000\040\000i\000n\000\040\000u\000n\000a\000\040\000m\000e\000m\000b\000r\000a\000n\000a\000\040\000t\000e\000s\000a}{subsection.2.5}% 18
\BOOKMARK [3][-]{section*.12}{\376\377\000O\000n\000d\000e\000\040\000s\000f\000e\000r\000i\000c\000h\000e}{subsection.2.5}% 19
\BOOKMARK [2][-]{subsection.2.6}{\376\377\000O\000n\000d\000e\000\040\000c\000i\000l\000i\000n\000d\000r\000i\000c\000h\000e}{section.2}% 20
\BOOKMARK [2][-]{subsection.2.7}{\376\377\000A\000s\000s\000o\000r\000b\000i\000m\000e\000n\000t\000o\000\040\000d\000e\000l\000l\000'\000e\000n\000e\000r\000g\000i\000a}{section.2}% 21
\BOOKMARK [2][-]{subsection.2.8}{\376\377\000P\000a\000c\000c\000h\000e\000t\000t\000i\000\040\000d\000'\000o\000n\000d\000e}{section.2}% 22
\BOOKMARK [3][-]{section*.13}{\376\377\000V\000e\000l\000o\000c\000i\000t\000\340\000\040\000d\000i\000\040\000f\000a\000s\000e\000\040\000e\000\040\000v\000e\000l\000o\000c\000i\000t\000\340\000\040\000d\000i\000\040\000g\000r\000u\000p\000p\000o}{subsection.2.8}% 23
\BOOKMARK [2][-]{subsection.2.9}{\376\377\000E\000f\000f\000e\000t\000t\000o\000\040\000D\000o\000p\000p\000l\000e\000r}{section.2}% 24
\BOOKMARK [2][-]{subsection.2.10}{\376\377\000O\000n\000d\000a\000\040\000d\000'\000u\000r\000t\000o}{section.2}% 25
\BOOKMARK [1][-]{section.3}{\376\377\000O\000n\000d\000e\000\040\000s\000t\000a\000z\000i\000o\000n\000a\000r\000i\000e}{}% 26
\BOOKMARK [1][-]{section.4}{\376\377\000F\000l\000u\000i\000d\000i}{}% 27
