This is LuaHBTeX, Version 1.17.0 (TeX Live 2023)  (format=lualatex 2024.1.2)  10 MAY 2024 20:34
 restricted system commands enabled.
**onde.tex
(./onde.tex
LaTeX2e <2023-11-01>
L3 programming layer <2023-12-11>
Lua module: luaotfload 2023-08-31 3.26 Lua based OpenType font support
Lua module: lualibs 2023-07-13 2.76 ConTeXt Lua standard libraries.
Lua module: lualibs-extended 2023-07-13 2.76 ConTeXt Lua libraries -- extended c
ollection.
luaotfload | conf : Root cache directory is "C:/texlive/2023/texmf-var/luatex-ca
che/generic/names".
luaotfload | init : Loading fontloader "fontloader-2023-08-19.lua" from kpse-res
olved path "c:/texlive/2023/texmf-dist/tex/luatex/luaotfload/fontloader-2023-08-
19.lua".
Lua-only attribute luaotfload@noligature = 1
luaotfload | init : Context OpenType loader version 3.133
Inserting `luaotfload.node_processor' in `pre_linebreak_filter'.
Inserting `luaotfload.node_processor' in `hpack_filter'.
Inserting `luaotfload.glyph_stream' in `glyph_stream_provider'.
Inserting `luaotfload.define_font' in `define_font'.
Lua-only attribute luaotfload_color_attribute = 2
luaotfload | conf : Root cache directory is "C:/texlive/2023/texmf-var/luatex-ca
che/generic/names".
Inserting `luaotfload.harf.strip_prefix' in `find_opentype_file'.
Inserting `luaotfload.harf.strip_prefix' in `find_truetype_file'.
Removing  `luaotfload.glyph_stream' from `glyph_stream_provider'.
Inserting `luaotfload.harf.glyphstream' in `glyph_stream_provider'.
Inserting `luaotfload.harf.finalize_vlist' in `post_linebreak_filter'.
Inserting `luaotfload.harf.finalize_hlist' in `hpack_filter'.
Inserting `luaotfload.cleanup_files' in `wrapup_run'.
Inserting `luaotfload.harf.finalize_unicode' in `finish_pdffile'.
Inserting `luaotfload.glyphinfo' in `glyph_info'.
Lua-only attribute luaotfload.letterspace_done = 3
Inserting `luaotfload.aux.set_sscale_dimens' in `luaotfload.patch_font'.
Inserting `luaotfload.aux.set_font_index' in `luaotfload.patch_font'.
Inserting `luaotfload.aux.patch_cambria_domh' in `luaotfload.patch_font'.
Inserting `luaotfload.aux.fixup_fontdata' in `luaotfload.patch_font_unsafe'.
Inserting `luaotfload.aux.set_capheight' in `luaotfload.patch_font'.
Inserting `luaotfload.aux.set_xheight' in `luaotfload.patch_font'.
Inserting `luaotfload.rewrite_fontname' in `luaotfload.patch_font'.
Inserting `tracingstacklevels' in `input_level_string'. (c:/texlive/2023/texmf-
dist/tex/latex/base/article.cls
Document Class: article 2023/05/17 v1.4n Standard LaTeX document class
(c:/texlive/2023/texmf-dist/tex/latex/base/size10.clo
File: size10.clo 2023/05/17 v1.4n Standard LaTeX file (size option)
luaotfload | db : Font names database loaded from C:/texlive/2023/texmf-var/luat
ex-cache/generic/names/luaotfload-names.luc.gz)
\c@part=\count185
\c@section=\count186
\c@subsection=\count187
\c@subsubsection=\count188
\c@paragraph=\count189
\c@subparagraph=\count190
\c@figure=\count191
\c@table=\count192
\abovecaptionskip=\skip48
\belowcaptionskip=\skip49
\bibindent=\dimen139
)
(c:/texlive/2023/texmf-dist/tex/latex/pgf/frontendlayer/tikz.sty
(c:/texlive/2023/texmf-dist/tex/latex/pgf/basiclayer/pgf.sty
(c:/texlive/2023/texmf-dist/tex/latex/pgf/utilities/pgfrcs.sty
(c:/texlive/2023/texmf-dist/tex/generic/pgf/utilities/pgfutil-common.tex
\pgfutil@everybye=\toks17
\pgfutil@tempdima=\dimen140
\pgfutil@tempdimb=\dimen141
)
(c:/texlive/2023/texmf-dist/tex/generic/pgf/utilities/pgfutil-latex.def
\pgfutil@abb=\box51
)
(c:/texlive/2023/texmf-dist/tex/generic/pgf/utilities/pgfrcs.code.tex
(c:/texlive/2023/texmf-dist/tex/generic/pgf/pgf.revision.tex)
Package: pgfrcs 2023-01-15 v3.1.10 (3.1.10)
))
Package: pgf 2023-01-15 v3.1.10 (3.1.10)

(c:/texlive/2023/texmf-dist/tex/latex/pgf/basiclayer/pgfcore.sty
(c:/texlive/2023/texmf-dist/tex/latex/graphics/graphicx.sty
Package: graphicx 2021/09/16 v1.2d Enhanced LaTeX Graphics (DPC,SPQR)

(c:/texlive/2023/texmf-dist/tex/latex/graphics/keyval.sty
Package: keyval 2022/05/29 v1.15 key=value parser (DPC)
\KV@toks@=\toks18
)
(c:/texlive/2023/texmf-dist/tex/latex/graphics/graphics.sty
Package: graphics 2022/03/10 v1.4e Standard LaTeX Graphics (DPC,SPQR)

(c:/texlive/2023/texmf-dist/tex/latex/graphics/trig.sty
Package: trig 2021/08/11 v1.11 sin cos tan (DPC)
)
(c:/texlive/2023/texmf-dist/tex/latex/graphics-cfg/graphics.cfg
File: graphics.cfg 2016/06/04 v1.11 sample graphics configuration
)
Package graphics Info: Driver file: luatex.def on input line 107.

(c:/texlive/2023/texmf-dist/tex/latex/graphics-def/luatex.def
File: luatex.def 2022/09/22 v1.2d Graphics/color driver for luatex
))
\Gin@req@height=\dimen142
\Gin@req@width=\dimen143
)
(c:/texlive/2023/texmf-dist/tex/latex/pgf/systemlayer/pgfsys.sty
(c:/texlive/2023/texmf-dist/tex/generic/pgf/systemlayer/pgfsys.code.tex
Package: pgfsys 2023-01-15 v3.1.10 (3.1.10)

(c:/texlive/2023/texmf-dist/tex/generic/pgf/utilities/pgfkeys.code.tex
\pgfkeys@pathtoks=\toks19
\pgfkeys@temptoks=\toks20

(c:/texlive/2023/texmf-dist/tex/generic/pgf/utilities/pgfkeyslibraryfiltered.co
de.tex
\pgfkeys@tmptoks=\toks21
))
\pgf@x=\dimen144
\pgf@y=\dimen145
\pgf@xa=\dimen146
\pgf@ya=\dimen147
\pgf@xb=\dimen148
\pgf@yb=\dimen149
\pgf@xc=\dimen150
\pgf@yc=\dimen151
\pgf@xd=\dimen152
\pgf@yd=\dimen153
\w@pgf@writea=\write3
\r@pgf@reada=\read2
\c@pgf@counta=\count193
\c@pgf@countb=\count194
\c@pgf@countc=\count195
\c@pgf@countd=\count196
\t@pgf@toka=\toks22
\t@pgf@tokb=\toks23
\t@pgf@tokc=\toks24
\pgf@sys@id@count=\count197
 (c:/texlive/2023/texmf-dist/tex/generic/pgf/systemlayer/pgf.cfg
File: pgf.cfg 2023-01-15 v3.1.10 (3.1.10)
)
Driver file for pgf: pgfsys-luatex.def

(c:/texlive/2023/texmf-dist/tex/generic/pgf/systemlayer/pgfsys-luatex.def
File: pgfsys-luatex.def 2023-01-15 v3.1.10 (3.1.10)

(c:/texlive/2023/texmf-dist/tex/generic/pgf/systemlayer/pgfsys-common-pdf.def
File: pgfsys-common-pdf.def 2023-01-15 v3.1.10 (3.1.10)
)))
(c:/texlive/2023/texmf-dist/tex/generic/pgf/systemlayer/pgfsyssoftpath.code.tex
File: pgfsyssoftpath.code.tex 2023-01-15 v3.1.10 (3.1.10)
\pgfsyssoftpath@smallbuffer@items=\count198
\pgfsyssoftpath@bigbuffer@items=\count199
)
(c:/texlive/2023/texmf-dist/tex/generic/pgf/systemlayer/pgfsysprotocol.code.tex
File: pgfsysprotocol.code.tex 2023-01-15 v3.1.10 (3.1.10)
)) (c:/texlive/2023/texmf-dist/tex/latex/xcolor/xcolor.sty
Package: xcolor 2023/11/15 v3.01 LaTeX color extensions (UK)

(c:/texlive/2023/texmf-dist/tex/latex/graphics-cfg/color.cfg
File: color.cfg 2016/01/02 v1.6 sample color configuration
)
Package xcolor Info: Driver file: luatex.def on input line 274.

(c:/texlive/2023/texmf-dist/tex/latex/graphics/mathcolor.ltx)
Package xcolor Info: Model `cmy' substituted by `cmy0' on input line 1350.
Package xcolor Info: Model `hsb' substituted by `rgb' on input line 1354.
Package xcolor Info: Model `RGB' extended on input line 1366.
Package xcolor Info: Model `HTML' substituted by `rgb' on input line 1368.
Package xcolor Info: Model `Hsb' substituted by `hsb' on input line 1369.
Package xcolor Info: Model `tHsb' substituted by `hsb' on input line 1370.
Package xcolor Info: Model `HSB' substituted by `hsb' on input line 1371.
Package xcolor Info: Model `Gray' substituted by `gray' on input line 1372.
Package xcolor Info: Model `wave' substituted by `hsb' on input line 1373.
)
(c:/texlive/2023/texmf-dist/tex/latex/xcolor/x11nam.def
File: x11nam.def 2023/11/15 v3.01 Predefined colors according to Unix/X11 (UK)
)
(c:/texlive/2023/texmf-dist/tex/generic/pgf/basiclayer/pgfcore.code.tex
Package: pgfcore 2023-01-15 v3.1.10 (3.1.10)

(c:/texlive/2023/texmf-dist/tex/generic/pgf/math/pgfmath.code.tex
(c:/texlive/2023/texmf-dist/tex/generic/pgf/math/pgfmathutil.code.tex)
(c:/texlive/2023/texmf-dist/tex/generic/pgf/math/pgfmathparser.code.tex
\pgfmath@dimen=\dimen154
\pgfmath@count=\count266
\pgfmath@box=\box52
\pgfmath@toks=\toks25
\pgfmath@stack@operand=\toks26
\pgfmath@stack@operation=\toks27
)
(c:/texlive/2023/texmf-dist/tex/generic/pgf/math/pgfmathfunctions.code.tex)
(c:/texlive/2023/texmf-dist/tex/generic/pgf/math/pgfmathfunctions.basic.code.te
x)
(c:/texlive/2023/texmf-dist/tex/generic/pgf/math/pgfmathfunctions.trigonometric
.code.tex)
(c:/texlive/2023/texmf-dist/tex/generic/pgf/math/pgfmathfunctions.random.code.t
ex)
(c:/texlive/2023/texmf-dist/tex/generic/pgf/math/pgfmathfunctions.comparison.co
de.tex)
(c:/texlive/2023/texmf-dist/tex/generic/pgf/math/pgfmathfunctions.base.code.tex
)
(c:/texlive/2023/texmf-dist/tex/generic/pgf/math/pgfmathfunctions.round.code.te
x)
(c:/texlive/2023/texmf-dist/tex/generic/pgf/math/pgfmathfunctions.misc.code.tex
)
(c:/texlive/2023/texmf-dist/tex/generic/pgf/math/pgfmathfunctions.integerarithm
etics.code.tex)
(c:/texlive/2023/texmf-dist/tex/generic/pgf/math/pgfmathcalc.code.tex)
(c:/texlive/2023/texmf-dist/tex/generic/pgf/math/pgfmathfloat.code.tex
\c@pgfmathroundto@lastzeros=\count267
))
(c:/texlive/2023/texmf-dist/tex/generic/pgf/math/pgfint.code.tex)
(c:/texlive/2023/texmf-dist/tex/generic/pgf/basiclayer/pgfcorepoints.code.tex
File: pgfcorepoints.code.tex 2023-01-15 v3.1.10 (3.1.10)
\pgf@picminx=\dimen155
\pgf@picmaxx=\dimen156
\pgf@picminy=\dimen157
\pgf@picmaxy=\dimen158
\pgf@pathminx=\dimen159
\pgf@pathmaxx=\dimen160
\pgf@pathminy=\dimen161
\pgf@pathmaxy=\dimen162
\pgf@xx=\dimen163
\pgf@xy=\dimen164
\pgf@yx=\dimen165
\pgf@yy=\dimen166
\pgf@zx=\dimen167
\pgf@zy=\dimen168
)
(c:/texlive/2023/texmf-dist/tex/generic/pgf/basiclayer/pgfcorepathconstruct.cod
e.tex
File: pgfcorepathconstruct.code.tex 2023-01-15 v3.1.10 (3.1.10)
\pgf@path@lastx=\dimen169
\pgf@path@lasty=\dimen170
)
(c:/texlive/2023/texmf-dist/tex/generic/pgf/basiclayer/pgfcorepathusage.code.te
x
File: pgfcorepathusage.code.tex 2023-01-15 v3.1.10 (3.1.10)
\pgf@shorten@end@additional=\dimen171
\pgf@shorten@start@additional=\dimen172
)
(c:/texlive/2023/texmf-dist/tex/generic/pgf/basiclayer/pgfcorescopes.code.tex
File: pgfcorescopes.code.tex 2023-01-15 v3.1.10 (3.1.10)
\pgfpic=\box53
\pgf@hbox=\box54
\pgf@layerbox@main=\box55
\pgf@picture@serial@count=\count268
)
(c:/texlive/2023/texmf-dist/tex/generic/pgf/basiclayer/pgfcoregraphicstate.code
.tex
File: pgfcoregraphicstate.code.tex 2023-01-15 v3.1.10 (3.1.10)
\pgflinewidth=\dimen173
)
(c:/texlive/2023/texmf-dist/tex/generic/pgf/basiclayer/pgfcoretransformations.c
ode.tex
File: pgfcoretransformations.code.tex 2023-01-15 v3.1.10 (3.1.10)
\pgf@pt@x=\dimen174
\pgf@pt@y=\dimen175
\pgf@pt@temp=\dimen176
)
(c:/texlive/2023/texmf-dist/tex/generic/pgf/basiclayer/pgfcorequick.code.tex
File: pgfcorequick.code.tex 2023-01-15 v3.1.10 (3.1.10)
)
(c:/texlive/2023/texmf-dist/tex/generic/pgf/basiclayer/pgfcoreobjects.code.tex
File: pgfcoreobjects.code.tex 2023-01-15 v3.1.10 (3.1.10)
)
(c:/texlive/2023/texmf-dist/tex/generic/pgf/basiclayer/pgfcorepathprocessing.co
de.tex
File: pgfcorepathprocessing.code.tex 2023-01-15 v3.1.10 (3.1.10)
)
(c:/texlive/2023/texmf-dist/tex/generic/pgf/basiclayer/pgfcorearrows.code.tex
File: pgfcorearrows.code.tex 2023-01-15 v3.1.10 (3.1.10)
\pgfarrowsep=\dimen177
)
(c:/texlive/2023/texmf-dist/tex/generic/pgf/basiclayer/pgfcoreshade.code.tex
File: pgfcoreshade.code.tex 2023-01-15 v3.1.10 (3.1.10)
\pgf@max=\dimen178
\pgf@sys@shading@range@num=\count269
\pgf@shadingcount=\count270
)
(c:/texlive/2023/texmf-dist/tex/generic/pgf/basiclayer/pgfcoreimage.code.tex
File: pgfcoreimage.code.tex 2023-01-15 v3.1.10 (3.1.10)
)
(c:/texlive/2023/texmf-dist/tex/generic/pgf/basiclayer/pgfcoreexternal.code.tex
File: pgfcoreexternal.code.tex 2023-01-15 v3.1.10 (3.1.10)
\pgfexternal@startupbox=\box56
) (c:/texlive/2023/texmf-dist/tex/generic/pgf/basiclayer/pgfcorelayers.code.tex
File: pgfcorelayers.code.tex 2023-01-15 v3.1.10 (3.1.10)
)
(c:/texlive/2023/texmf-dist/tex/generic/pgf/basiclayer/pgfcoretransparency.code
.tex
File: pgfcoretransparency.code.tex 2023-01-15 v3.1.10 (3.1.10)
)
(c:/texlive/2023/texmf-dist/tex/generic/pgf/basiclayer/pgfcorepatterns.code.tex
File: pgfcorepatterns.code.tex 2023-01-15 v3.1.10 (3.1.10)
) (c:/texlive/2023/texmf-dist/tex/generic/pgf/basiclayer/pgfcorerdf.code.tex
File: pgfcorerdf.code.tex 2023-01-15 v3.1.10 (3.1.10)
))) (c:/texlive/2023/texmf-dist/tex/generic/pgf/modules/pgfmoduleshapes.code.te
x
File: pgfmoduleshapes.code.tex 2023-01-15 v3.1.10 (3.1.10)
\pgfnodeparttextbox=\box57
)
(c:/texlive/2023/texmf-dist/tex/generic/pgf/modules/pgfmoduleplot.code.tex
File: pgfmoduleplot.code.tex 2023-01-15 v3.1.10 (3.1.10)
)
(c:/texlive/2023/texmf-dist/tex/latex/pgf/compatibility/pgfcomp-version-0-65.st
y
Package: pgfcomp-version-0-65 2023-01-15 v3.1.10 (3.1.10)
\pgf@nodesepstart=\dimen179
\pgf@nodesepend=\dimen180
)
(c:/texlive/2023/texmf-dist/tex/latex/pgf/compatibility/pgfcomp-version-1-18.st
y
Package: pgfcomp-version-1-18 2023-01-15 v3.1.10 (3.1.10)
)) (c:/texlive/2023/texmf-dist/tex/latex/pgf/utilities/pgffor.sty
(c:/texlive/2023/texmf-dist/tex/latex/pgf/utilities/pgfkeys.sty
(c:/texlive/2023/texmf-dist/tex/generic/pgf/utilities/pgfkeys.code.tex))
(c:/texlive/2023/texmf-dist/tex/latex/pgf/math/pgfmath.sty
(c:/texlive/2023/texmf-dist/tex/generic/pgf/math/pgfmath.code.tex))
(c:/texlive/2023/texmf-dist/tex/generic/pgf/utilities/pgffor.code.tex
Package: pgffor 2023-01-15 v3.1.10 (3.1.10)
\pgffor@iter=\dimen181
\pgffor@skip=\dimen182
\pgffor@stack=\toks28
\pgffor@toks=\toks29
))
(c:/texlive/2023/texmf-dist/tex/generic/pgf/frontendlayer/tikz/tikz.code.tex
Package: tikz 2023-01-15 v3.1.10 (3.1.10)

(c:/texlive/2023/texmf-dist/tex/generic/pgf/libraries/pgflibraryplothandlers.co
de.tex
File: pgflibraryplothandlers.code.tex 2023-01-15 v3.1.10 (3.1.10)
\pgf@plot@mark@count=\count271
\pgfplotmarksize=\dimen183
)
\tikz@lastx=\dimen184
\tikz@lasty=\dimen185
\tikz@lastxsaved=\dimen186
\tikz@lastysaved=\dimen187
\tikz@lastmovetox=\dimen188
\tikz@lastmovetoy=\dimen189
\tikzleveldistance=\dimen190
\tikzsiblingdistance=\dimen191
\tikz@figbox=\box58
\tikz@figbox@bg=\box59
\tikz@tempbox=\box60
\tikz@tempbox@bg=\box61
\tikztreelevel=\count272
\tikznumberofchildren=\count273
\tikznumberofcurrentchild=\count274
\tikz@fig@count=\count275

(c:/texlive/2023/texmf-dist/tex/generic/pgf/modules/pgfmodulematrix.code.tex
File: pgfmodulematrix.code.tex 2023-01-15 v3.1.10 (3.1.10)
\pgfmatrixcurrentrow=\count276
\pgfmatrixcurrentcolumn=\count277
\pgf@matrix@numberofcolumns=\count278
)
\tikz@expandcount=\count279

(c:/texlive/2023/texmf-dist/tex/generic/pgf/frontendlayer/tikz/libraries/tikzli
brarytopaths.code.tex
File: tikzlibrarytopaths.code.tex 2023-01-15 v3.1.10 (3.1.10)
)))
(c:/texlive/2023/texmf-dist/tex/latex/pgfplots/pgfplots.sty
(c:/texlive/2023/texmf-dist/tex/generic/pgfplots/pgfplots.revision.tex)
Package: pgfplots 2021/05/15 v1.18.1 Data Visualization (1.18.1)

(c:/texlive/2023/texmf-dist/tex/generic/pgfplots/pgfplots.code.tex
(c:/texlive/2023/texmf-dist/tex/generic/pgfplots/pgfplotscore.code.tex
Package pgfplots info on input line 124: Initializing with LUA version Lua 5.3
\pgfplots@luabackend@table=\catcodetable14
\t@pgfplots@toka=\toks30
\t@pgfplots@tokb=\toks31
\t@pgfplots@tokc=\toks32
\pgfplots@tmpa=\dimen192
\c@pgfplots@coordindex=\count280
\c@pgfplots@scanlineindex=\count281

(c:/texlive/2023/texmf-dist/tex/generic/pgfplots/sys/pgfplotssysgeneric.code.te
x))
(c:/texlive/2023/texmf-dist/tex/generic/pgfplots/libs/pgfplotslibrary.code.tex)
(c:/texlive/2023/texmf-dist/tex/generic/pgfplots/oldpgfcompatib/pgfplotsoldpgfs
upp_loader.code.tex
(c:/texlive/2023/texmf-dist/tex/generic/pgf/libraries/pgflibraryfpu.code.tex)
Package pgfplots: loading complementary utilities for your pgf version...
\t@pgf@toka=\toks33
\t@pgf@tokb=\toks34
\t@pgf@tokc=\toks35

(c:/texlive/2023/texmf-dist/tex/generic/pgfplots/oldpgfcompatib/pgfplotsoldpgfs
upp_pgfutil-common-lists.tex)
(c:/texlive/2023/texmf-dist/tex/generic/pgf/libraries/luamath/pgflibraryluamath
.code.tex)
Package pgfplots info on input line 290: luamath library shipped with pgf 3.1.1
0 is up-to-date
)
(c:/texlive/2023/texmf-dist/tex/generic/pgfplots/util/pgfplotsutil.code.tex
Package pgfplots info on input line 82: Found new luatex: initializing lua comm
ands instead of write18 (shell-escape)

(c:/texlive/2023/texmf-dist/tex/generic/pgfplots/liststructure/pgfplotsliststru
cture.code.tex)
(c:/texlive/2023/texmf-dist/tex/generic/pgfplots/liststructure/pgfplotsliststru
ctureext.code.tex)
(c:/texlive/2023/texmf-dist/tex/generic/pgfplots/liststructure/pgfplotsarray.co
de.tex
\c@pgfplotsarray@tmp=\count282
)
(c:/texlive/2023/texmf-dist/tex/generic/pgfplots/liststructure/pgfplotsmatrix.c
ode.tex)
(c:/texlive/2023/texmf-dist/tex/generic/pgfplots/numtable/pgfplotstableshared.c
ode.tex
\c@pgfplotstable@counta=\count283
\t@pgfplotstable@a=\toks36
)
(c:/texlive/2023/texmf-dist/tex/generic/pgfplots/liststructure/pgfplotsdeque.co
de.tex)
(c:/texlive/2023/texmf-dist/tex/generic/pgfplots/util/pgfplotsbinary.code.tex
(c:/texlive/2023/texmf-dist/tex/generic/pgfplots/util/pgfplotsbinary.data.code.
tex))
(c:/texlive/2023/texmf-dist/tex/generic/pgfplots/util/pgfplotsutil.verb.code.te
x)
(c:/texlive/2023/texmf-dist/tex/generic/pgfplots/libs/pgflibrarypgfplots.surfsh
ading.code.tex
\c@pgfplotslibrarysurf@no=\count284

(c:/texlive/2023/texmf-dist/tex/generic/pgfplots/sys/pgflibrarypgfplots.surfsha
ding.pgfsys-luatex.def)))
(c:/texlive/2023/texmf-dist/tex/generic/pgfplots/util/pgfplotscolormap.code.tex
(c:/texlive/2023/texmf-dist/tex/generic/pgfplots/util/pgfplotscolor.code.tex))
(c:/texlive/2023/texmf-dist/tex/generic/pgfplots/pgfplotsstackedplots.code.tex) (c:/texlive/2023/texmf-dist/tex/generic/pgfplots/pgfplotsplothandlers.code.tex
(c:/texlive/2023/texmf-dist/tex/generic/pgfplots/pgfplotsmeshplothandler.code.t
ex
(c:/texlive/2023/texmf-dist/tex/generic/pgfplots/pgfplotsmeshplotimage.code.tex
))) (c:/texlive/2023/texmf-dist/tex/generic/pgfplots/pgfplots.scaling.code.tex)
(c:/texlive/2023/texmf-dist/tex/generic/pgfplots/pgfplotscoordprocessing.code.t
ex)
(c:/texlive/2023/texmf-dist/tex/generic/pgfplots/pgfplots.errorbars.code.tex)
(c:/texlive/2023/texmf-dist/tex/generic/pgfplots/pgfplots.markers.code.tex)
(c:/texlive/2023/texmf-dist/tex/generic/pgfplots/pgfplotsticks.code.tex)
(c:/texlive/2023/texmf-dist/tex/generic/pgfplots/pgfplots.paths.code.tex)
(c:/texlive/2023/texmf-dist/tex/generic/pgf/frontendlayer/tikz/libraries/tikzli
brarydecorations.code.tex
(c:/texlive/2023/texmf-dist/tex/generic/pgf/modules/pgfmoduledecorations.code.t
ex
\pgfdecoratedcompleteddistance=\dimen193
\pgfdecoratedremainingdistance=\dimen194
\pgfdecoratedinputsegmentcompleteddistance=\dimen195
\pgfdecoratedinputsegmentremainingdistance=\dimen196
\pgf@decorate@distancetomove=\dimen197
\pgf@decorate@repeatstate=\count285
\pgfdecorationsegmentamplitude=\dimen198
\pgfdecorationsegmentlength=\dimen199
)
\tikz@lib@dec@box=\box62
)
(c:/texlive/2023/texmf-dist/tex/generic/pgf/frontendlayer/tikz/libraries/tikzli
brarydecorations.pathmorphing.code.tex
(c:/texlive/2023/texmf-dist/tex/generic/pgf/libraries/decorations/pgflibrarydec
orations.pathmorphing.code.tex))
(c:/texlive/2023/texmf-dist/tex/generic/pgf/frontendlayer/tikz/libraries/tikzli
brarydecorations.pathreplacing.code.tex
(c:/texlive/2023/texmf-dist/tex/generic/pgf/libraries/decorations/pgflibrarydec
orations.pathreplacing.code.tex))
(c:/texlive/2023/texmf-dist/tex/generic/pgfplots/libs/tikzlibrarypgfplots.conto
urlua.code.tex)
\pgfplots@numplots=\count286
\pgfplots@xmin@reg=\dimen256
\pgfplots@xmax@reg=\dimen257
\pgfplots@ymin@reg=\dimen258
\pgfplots@ymax@reg=\dimen259
\pgfplots@zmin@reg=\dimen260
\pgfplots@zmax@reg=\dimen261
)
(c:/texlive/2023/texmf-dist/tex/generic/pgf/frontendlayer/tikz/libraries/tikzli
braryplotmarks.code.tex
File: tikzlibraryplotmarks.code.tex 2023-01-15 v3.1.10 (3.1.10)

(c:/texlive/2023/texmf-dist/tex/generic/pgf/libraries/pgflibraryplotmarks.code.
tex
File: pgflibraryplotmarks.code.tex 2023-01-15 v3.1.10 (3.1.10)
))) (c:/texlive/2023/texmf-dist/tex/latex/svg/svg.sty
Package: svg 2020/11/26 v2.02k (include SVG pictures)

(c:/texlive/2023/texmf-dist/tex/generic/iftex/iftex.sty
Package: iftex 2022/02/03 v1.0f TeX engine tests
)
(c:/texlive/2023/texmf-dist/tex/latex/koma-script/scrbase.sty
Package: scrbase 2023/07/07 v3.41 KOMA-Script package (KOMA-Script-independent 
basics and keyval usage)

(c:/texlive/2023/texmf-dist/tex/latex/koma-script/scrlfile.sty
Package: scrlfile 2023/07/07 v3.41 KOMA-Script package (file load hooks)

(c:/texlive/2023/texmf-dist/tex/latex/koma-script/scrlfile-hook.sty
Package: scrlfile-hook 2023/07/07 v3.41 KOMA-Script package (using LaTeX hooks)


(c:/texlive/2023/texmf-dist/tex/latex/koma-script/scrlogo.sty
Package: scrlogo 2023/07/07 v3.41 KOMA-Script package (logo)
)))
Applying: [2021/05/01] Usage of raw or classic option list on input line 252.
Already applied: [0000/00/00] Usage of raw or classic option list on input line
 368.
)
(c:/texlive/2023/texmf-dist/tex/generic/pdftexcmds/pdftexcmds.sty
Package: pdftexcmds 2020-06-27 v0.33 Utility functions of pdfTeX for LuaTeX (HO
)

(c:/texlive/2023/texmf-dist/tex/generic/infwarerr/infwarerr.sty
Package: infwarerr 2019/12/03 v1.5 Providing info/warning/error messages (HO)
)
(c:/texlive/2023/texmf-dist/tex/generic/ltxcmds/ltxcmds.sty
Package: ltxcmds 2023-12-04 v1.26 LaTeX kernel commands for general use (HO)
)
Package pdftexcmds Info: \pdf@primitive is available.
Package pdftexcmds Info: \pdf@ifprimitive is available.
Package pdftexcmds Info: \pdfdraftmode found.
\pdftexcmds@toks=\toks37
)
(c:/texlive/2023/texmf-dist/tex/latex/trimspaces/trimspaces.sty
Package: trimspaces 2009/09/17 v1.1 Trim spaces around a token list
)
(c:/texlive/2023/texmf-dist/tex/latex/tools/shellesc.sty
Package: shellesc 2023/07/08 v1.0d unified shell escape interface for LaTeX
Package shellesc Info: Restricted shell escape enabled on input line 77.
)
\c@svg@param@lastpage=\count287
\svg@box=\box63
\c@svg@param@currpage=\count288
)
(c:/texlive/2023/texmf-dist/tex/latex/transparent/transparent.sty
Package: transparent 2022-10-27 v1.5 Transparency with color stacks

(c:/texlive/2023/texmf-dist/tex/latex/transparent/transparent-nometadata.sty
Package: transparent-nometadata 2022-10-27 v1.5 Transparency via pdfTeX's color
 stack (HO)

(c:/texlive/2023/texmf-dist/tex/latex/auxhook/auxhook.sty
Package: auxhook 2019-12-17 v1.6 Hooks for auxiliary files (HO)
)))
(c:/texlive/2023/texmf-dist/tex/latex/amsmath/amsmath.sty
Package: amsmath 2023/05/13 v2.17o AMS math features
\@mathmargin=\skip50

For additional information on amsmath, use the `?' option.
(c:/texlive/2023/texmf-dist/tex/latex/amsmath/amstext.sty
Package: amstext 2021/08/26 v2.01 AMS text

(c:/texlive/2023/texmf-dist/tex/latex/amsmath/amsgen.sty
File: amsgen.sty 1999/11/30 v2.0 generic functions
\@emptytoks=\toks38
\ex@=\dimen262
))
(c:/texlive/2023/texmf-dist/tex/latex/amsmath/amsbsy.sty
Package: amsbsy 1999/11/29 v1.2d Bold Symbols
\pmbraise@=\dimen263
)
(c:/texlive/2023/texmf-dist/tex/latex/amsmath/amsopn.sty
Package: amsopn 2022/04/08 v2.04 operator names
)
\inf@bad=\count289
LaTeX Info: Redefining \frac on input line 236.
\uproot@=\count290
\leftroot@=\count291
LaTeX Info: Redefining \overline on input line 399.
LaTeX Info: Redefining \colon on input line 410.
\classnum@=\count292
\DOTSCASE@=\count293
LaTeX Info: Redefining \ldots on input line 496.
LaTeX Info: Redefining \dots on input line 499.
LaTeX Info: Redefining \cdots on input line 620.
\Mathstrutbox@=\box64
\strutbox@=\box65
LaTeX Info: Redefining \big on input line 722.
LaTeX Info: Redefining \Big on input line 723.
LaTeX Info: Redefining \bigg on input line 724.
LaTeX Info: Redefining \Bigg on input line 725.
\big@size=\dimen264
LaTeX Font Info:    Redeclaring font encoding OML on input line 743.
LaTeX Font Info:    Redeclaring font encoding OMS on input line 744.
\macc@depth=\count294
LaTeX Info: Redefining \bmod on input line 905.
LaTeX Info: Redefining \pmod on input line 910.
LaTeX Info: Redefining \smash on input line 940.
LaTeX Info: Redefining \relbar on input line 970.
LaTeX Info: Redefining \Relbar on input line 971.
\c@MaxMatrixCols=\count295
\dotsspace@=\muskip16
\c@parentequation=\count296
\dspbrk@lvl=\count297
\tag@help=\toks39
\row@=\count298
\column@=\count299
\maxfields@=\count300
\andhelp@=\toks40
\eqnshift@=\dimen265
\alignsep@=\dimen266
\tagshift@=\dimen267
\tagwidth@=\dimen268
\totwidth@=\dimen269
\lineht@=\dimen270
\@envbody=\toks41
\multlinegap=\skip51
\multlinetaggap=\skip52
\mathdisplay@stack=\toks42
LaTeX Info: Redefining \[ on input line 2953.
LaTeX Info: Redefining \] on input line 2954.
)
(c:/texlive/2023/texmf-dist/tex/latex/tools/array.sty
Package: array 2023/10/16 v2.5g Tabular extension package (FMi)
\col@sep=\dimen271
\ar@mcellbox=\box66
\extrarowheight=\dimen272
\NC@list=\toks43
\extratabsurround=\skip53
\backup@length=\skip54
\ar@cellbox=\box67
)
(c:/texlive/2023/texmf-dist/tex/latex/tcolorbox/tcolorbox.sty
Package: tcolorbox 2023/09/26 version 6.1.0 text color boxes

(c:/texlive/2023/texmf-dist/tex/latex/tools/verbatim.sty
Package: verbatim 2023-11-06 v1.5v LaTeX2e package for verbatim enhancements
\every@verbatim=\toks44
\verbatim@line=\toks45
\verbatim@in@stream=\read3
)
(c:/texlive/2023/texmf-dist/tex/latex/environ/environ.sty
Package: environ 2014/05/04 v0.3 A new way to define environments
)
(c:/texlive/2023/texmf-dist/tex/latex/etoolbox/etoolbox.sty
Package: etoolbox 2020/10/05 v2.5k e-TeX tools for LaTeX (JAW)
\etb@tempcnta=\count301
)
\tcb@titlebox=\box68
\tcb@upperbox=\box69
\tcb@lowerbox=\box70
\tcb@phantombox=\box71
\c@tcbbreakpart=\count302
\c@tcblayer=\count303
\c@tcolorbox@number=\count304
\tcb@temp=\box72
\tcb@temp=\box73
\tcb@temp=\box74
\tcb@temp=\box75

(c:/texlive/2023/texmf-dist/tex/latex/tcolorbox/tcbskins.code.tex
Library (tcolorbox): 'tcbskins.code.tex' version '6.1.0'
(c:/texlive/2023/texmf-dist/tex/latex/tikzfill/tikzfill.image.sty
Package: tikzfill.image 2023/08/08 v1.0.1 Image filling library for TikZ

(c:/texlive/2023/texmf-dist/tex/latex/tikzfill/tikzfill-common.sty
Package: tikzfill-common 2023/08/08 v1.0.1 Auxiliary code for tikzfill
)
(c:/texlive/2023/texmf-dist/tex/latex/tikzfill/tikzlibraryfill.image.code.tex
File: tikzlibraryfill.image.code.tex 2023/08/08 v1.0.1 Image filling library
\l__tikzfill_img_box=\box76
)) (c:/texlive/2023/texmf-dist/tex/latex/tcolorbox/tcbskinsjigsaw.code.tex
Library (tcolorbox): 'tcbskinsjigsaw.code.tex' version '6.1.0'
))) (c:/texlive/2023/texmf-dist/tex/latex/mhchem/mhchem.sty
Package: mhchem 2021/12/31 v4.09 for typesetting chemical formulae

(c:/texlive/2023/texmf-dist/tex/latex/l3kernel/expl3.sty
Package: expl3 2023-12-11 L3 programming layer (loader) 

(c:/texlive/2023/texmf-dist/tex/latex/l3backend/l3backend-luatex.def
File: l3backend-luatex.def 2023-11-09 L3 backend support: PDF output (LuaTeX)
\l__color_backend_stack_int=\count305
Inserting `l3color' in `luaotfload.parse_color'.
\l__pdf_internal_box=\box77
))
(c:/texlive/2023/texmf-dist/tex/latex/l3packages/l3keys2e/l3keys2e.sty
Package: l3keys2e 2023-10-10 LaTeX2e option processing using LaTeX3 keys
)
(c:/texlive/2023/texmf-dist/tex/latex/tools/calc.sty
Package: calc 2023/07/08 v4.3 Infix arithmetic (KKT,FJ)
\calc@Acount=\count306
\calc@Bcount=\count307
\calc@Adimen=\dimen273
\calc@Bdimen=\dimen274
\calc@Askip=\skip55
\calc@Bskip=\skip56
LaTeX Info: Redefining \setlength on input line 80.
LaTeX Info: Redefining \addtolength on input line 81.
\calc@Ccount=\count308
\calc@Cskip=\skip57
)
(c:/texlive/2023/texmf-dist/tex/latex/chemgreek/chemgreek.sty
(c:/texlive/2023/texmf-dist/tex/latex/l3packages/xparse/xparse.sty
Package: xparse 2023-10-10 L3 Experimental document command parser
)
Package: chemgreek 2020/01/16 v1.1a interface for upright Greek letters for use
 in chemistry (CN)
\l__chemgreek_tmpa_int=\count309
\g__chemgreek_tmpa_int=\count310
)
\l__mhchem_ce_distanceFromLastComma_int=\count311
\__mhchem_arrow_extPgfLength_skip=\skip58
\mhchem@minispace@tmp=\skip59
\mhchem@minibackspace@tmp=\skip60
\mhchem@bondwidth=\skip61
\mhchem@bondheight=\skip62
\mhchem@smallbondwidth@tmpA=\skip63
\mhchem@smallbondwidth@tmpB=\skip64
\mhchem@smallbondwidth=\skip65
\mhchem@bondtmp@minussidebearingleft=\skip66
\mhchem@bondtmp@minussidebearingright=\skip67
\l__mhchem_option_version_int=\count312
\mhchem@option@minusmathsidebearingleft=\dimen275
\mhchem@option@minusmathsidebearingright=\dimen276
\mhchem@option@minustextsidebearingleft=\dimen277
\mhchem@option@minustextsidebearingright=\dimen278
)
(c:/texlive/2023/texmf-dist/tex/latex/geometry/geometry.sty
Package: geometry 2020/01/02 v5.9 Page Geometry

(c:/texlive/2023/texmf-dist/tex/generic/iftex/ifvtex.sty
Package: ifvtex 2019/10/25 v1.7 ifvtex legacy package. Use iftex instead.
)
\Gm@cnth=\count313
\Gm@cntv=\count314
\c@Gm@tempcnt=\count315
\Gm@bindingoffset=\dimen279
\Gm@wd@mp=\dimen280
\Gm@odd@mp=\dimen281
\Gm@even@mp=\dimen282
\Gm@layoutwidth=\dimen283
\Gm@layoutheight=\dimen284
\Gm@layouthoffset=\dimen285
\Gm@layoutvoffset=\dimen286
\Gm@dimlist=\toks46
)
(c:/texlive/2023/texmf-dist/tex/latex/xymtex/base/xymtex.sty
Package `xymtex' (ver5.01) <March 10, 2013> [SF]
xymtex.sty ver5.01 (for LaTeX2e) 2013/03/10[SF]
(c:/texlive/2023/texmf-dist/tex/latex/eepic/epic.sty
Enhancements to Picture Environment. Version 1.2 - Released June 1, 1986
\@@multicnt=\count316
\d@lta=\count317
\@delta=\dimen287
\@@delta=\dimen288
\@gridcnt=\count318
\@joinkind=\count319
\@dotgap=\dimen289
\@ddotgap=\dimen290
\@x@diff=\count320
\@y@diff=\count321
\x@diff=\dimen291
\y@diff=\dimen292
\@dotbox=\box78
\num@segments=\count322
\num@segmentsi=\count323
\@datafile=\read4
) (c:/texlive/2023/texmf-dist/tex/latex/xymtex/base/chemstr.sty
XyMTeX for Drawing Chemical Structural Formulas. Version 5.01
 -- Released June 19, 2013 by Shinsaku Fujita
XyMTeX Macro File `chemstr' (ver5.01) <June 19, 2013> [SF]
\@tempcntXa=\count324
\@tempcntYa=\count325
\@tempcntz=\count326
\@tempcntXb=\count327
\@tempcntYb=\count328
\@tempcntzz=\count329
\@tempcntXc=\count330
\@tempcntYc=\count331
\@tempcntzzz=\count332
\@tempcntXd=\count333
\@tempcntYd=\count334
\@tempcntzzzz=\count335
\@dimtempa=\dimen293
\@tempdimd=\dimen294
\@tempdime=\dimen295
\@cnttempa=\count336
\@cnttempb=\count337
\noshift=\count338
\shifti=\count339
\shiftii=\count340
\shiftiii=\count341
\@tmpaa=\count342
\yl@xdiff=\count343
\yl@ydiff=\count344
\yl@shiftii=\count345
\yl@shifti=\count346
\x@ryl=\count347
\y@ryl=\count348
) (c:/texlive/2023/texmf-dist/tex/latex/xymtex/base/carom.sty
XyMTeX for Drawing Chemical Structural Formulas. Version 5.00
 -- Released October 01, 2010 by Shinsaku Fujita
XyMTeX Macro File `carom' (ver5.00) <October 01, 2010> [SF]
(c:/texlive/2023/texmf-dist/tex/latex/xymtex/base/hetarom.sty
XyMTeX for Drawing Chemical Structural Formulas. Version 5.01
 -- Released March 19, 2013 by Shinsaku Fujita
XyMTeX Macro File `hetarom' (ver5.01) <March 19, 2013> [SF]
) (c:/texlive/2023/texmf-dist/tex/latex/xymtex/base/hetaromh.sty
XyMTeX for Drawing Chemical Structural Formulas. Version 5.01
 -- Released March 19, 2013 by Shinsaku Fujita
XyMTeX Macro File `hetaromh' (ver5.01) <March 19, 2013> [SF]
)) (c:/texlive/2023/texmf-dist/tex/latex/xymtex/base/hetarom.sty
XyMTeX for Drawing Chemical Structural Formulas. Version 5.01
 -- Released March 19, 2013 by Shinsaku Fujita
XyMTeX Macro File `hetarom' (ver5.01) <March 19, 2013> [SF]
) (c:/texlive/2023/texmf-dist/tex/latex/xymtex/base/hetaromh.sty
XyMTeX for Drawing Chemical Structural Formulas. Version 5.01
 -- Released March 19, 2013 by Shinsaku Fujita
XyMTeX Macro File `hetaromh' (ver5.01) <March 19, 2013> [SF]
) (c:/texlive/2023/texmf-dist/tex/latex/xymtex/base/lowcycle.sty
XyMTeX for Drawing Chemical Structural Formulas. Version 5.00
 -- Released October 01, 2010 by Shinsaku Fujita
XyMTeX Macro File `lowcycle' (ver5.00) <October 01, 2010> [SF]
) (c:/texlive/2023/texmf-dist/tex/latex/xymtex/base/ccycle.sty
XyMTeX for Drawing Chemical Structural Formulas. Version 5.01
 -- Released July 23, 2013 by Shinsaku Fujita
XyMTeX Macro File `ccycle' (ver5.01) <July 23, 2013> [SF]
) (c:/texlive/2023/texmf-dist/tex/latex/xymtex/base/hcycle.sty
XyMTeX for Drawing Chemical Structural Formulas. Version 5.01
 -- Released June 25, 2013 by Shinsaku Fujita
XyMTeX Macro File `hcycle' (ver5.01) <June 25, 2013> [SF]
) (c:/texlive/2023/texmf-dist/tex/latex/xymtex/base/aliphat.sty
XyMTeX for Drawing Chemical Structural Formulas. Version 5.01
 -- Released July 20, 2013 by Shinsaku Fujita
XyMTeX Macro File `aliphat' (ver5.01) <July 20, 2013> [SF]
) (c:/texlive/2023/texmf-dist/tex/latex/xymtex/base/locant.sty
XyMTeX for Drawing Chemical Structural Formulas. Version 5.00
 -- Released October 01, 2010 by Shinsaku Fujita
XyMTeX Macro File `locant' (ver4.00) <October 01, 2010> [SF]
) (c:/texlive/2023/texmf-dist/tex/latex/xymtex/base/polymers.sty
XyMTeX for Drawing Chemical Structural Formulas. Version 5.00
 -- Released October 01, 2010 by Shinsaku Fujita
XyMTeX Macro File `polymers' (ver5.00) <October 01, 2010> [SF]
) (c:/texlive/2023/texmf-dist/tex/latex/xymtex/base/methylen.sty
XyMTeX for Drawing Chemical Structural Formulas. Version 5.01
 -- Released July 20, 2013 by Shinsaku Fujita
XyMTeX Macro File `methylen' (ver5.01) <July 20, 2013> [SF]
\test@termcnt=\count349
) (c:/texlive/2023/texmf-dist/tex/latex/xymtex/base/fusering.sty
XyMTeX for Drawing Chemical Structural Formulas. Version 5.00
 -- Released October 01, 2010 by Shinsaku Fujita
XyMTeX Macro File `fusering' (ver5.00) <October 01, 2010> [SF]
) (c:/texlive/2023/texmf-dist/tex/latex/xymtex/base/sizeredc.sty
XyMTeX for Drawing Chemical Structural Formulas. Version 5.00
 -- Released October 01, 2010 by Shinsaku Fujita
XyMTeX Macro File `sizeredc' (ver5.00) <October 01, 2010> [SF]
\@tempcntx=\count350
\@tempcnty=\count351
\@tempcntz=\count352
\@xArg=\count353
\@yArg=\count354
) (c:/texlive/2023/texmf-dist/tex/latex/xymtex/base/steroid.sty
XyMTeX for Drawing Chemical Structural Formulas. Version 5.00
 -- Released October 01, 2010 by Shinsaku Fujita
XyMTeX Macro File `steroid' (ver5.00) <October 01, 2010> [SF]
) (c:/texlive/2023/texmf-dist/tex/latex/xymtex/base/lewisstruc.sty
Part of XyMTeX for Drawing Chemical Structural Formulas. Version 5.01
 -- Released August 02, 2013 by Shinsaku Fujita
XyMTeX Macro File `lewisstruc' (ver5.01) <August 02, 2013> [SF]
) (c:/texlive/2023/texmf-dist/tex/latex/xymtex/base/bondcolor.sty
Part of XyMTeX for Drawing Chemical Structural Formulas. Version 5.00
 -- Released October 01, 2010 by Shinsaku Fujita
XyMTeX Macro File `bondcolor' (ver5.00) <October 01, 2010> [SF]
) (c:/texlive/2023/texmf-dist/tex/latex/xymtex/base/assurelatexmode.sty
Part of XyMTeX for Drawing Chemical Structural Formulas. Version 5.01
 -- Released May 27, 2013 by Shinsaku Fujita
XyMTeX Macro File `assurelatexmode' (ver5.01) <May 27, 2013> [SF]
) (c:/texlive/2023/texmf-dist/tex/latex/xymtex/chemist/chemist.sty
Package `chemist' (ver5.01) <June 6, 2013> [SF]
chemist.sty ver5.01 (for LaTeX2e) 2013/06/06[SF]
\c@compd=\count355
\c@deriv=\count356
\reactarrowsep=\dimen296
\verbatimleftmargin=\dimen297
\verbatimbaselineskip=\dimen298
\hsgr@d=\dimen299
\vsgr@d=\dimen300
\vwgr@d=\dimen301
\hwgr@d=\dimen302
\vsepgr@d=\dimen303
\hsepgr@d=\dimen304
\nrep=\count357
\nrepmax=\count358
\ybaselineshift=\dimen305
\tbaselineshift=\dimen306
\@savetbaselineshift=\dimen307
LaTeX Info: Redefining \rm on input line 788.
LaTeX Info: Redefining \mathversion on input line 892.
\c@mv@chem=\count359
LaTeX Font Info:    Encoding `OML' has changed to `OT1' for symbol font
(Font)              `letters' in the math version `chem' on input line 965.
LaTeX Font Info:    Overwriting symbol font `letters' in version `chem'
(Font)                  OML/cmm/m/it --> OT1/cmr/m/n on input line 965.
LaTeX Font Info:    Overwriting symbol font `operators' in version `chem'
(Font)                  OT1/cmr/m/n --> OT1/cmr/m/n on input line 965.
LaTeX Font Info:    Overwriting symbol font `symbols' in version `chem'
(Font)                  OMS/cmsy/m/n --> OMS/cmsy/m/n on input line 965.
\c@mv@boldchem=\count360
LaTeX Font Info:    Overwriting symbol font `operators' in version `boldchem'
(Font)                  OT1/cmr/m/n --> OT1/cmr/bx/n on input line 965.
LaTeX Font Info:    Encoding `OML' has changed to `OT1' for symbol font
(Font)              `letters' in the math version `boldchem' on input line 965.

LaTeX Font Info:    Overwriting symbol font `letters' in version `boldchem'
(Font)                  OML/cmm/m/it --> OT1/cmr/b/n on input line 965.
LaTeX Font Info:    Overwriting symbol font `symbols' in version `boldchem'
(Font)                  OMS/cmsy/m/n --> OMS/cmsy/b/n on input line 965.
\TestCount=\count361
(c:/texlive/2023/texmf-dist/tex/latex/xymtex/chemist/assurechemist.sty
Part of XyMTeX for Drawing Chemical Structural Formulas. Version 5.00
 -- Released October 01, 2010 by Shinsaku Fujita
XyMTeX Macro File `assurechemist' (ver5.00) <October 01, 2010> [SF]
))) (c:/texlive/2023/texmf-dist/tex/latex/base/textcomp.sty
Package: textcomp 2020/02/02 v2.0n Standard LaTeX package
)
(c:/texlive/2023/texmf-dist/tex/latex/eurosym/eurosym.sty
Package: eurosym 1998/08/06 v1.1 European currency symbol ``Euro''
\@eurobox=\box79
)
(c:/texlive/2023/texmf-dist/tex/latex/jknapltx/mathrsfs.sty
Package: mathrsfs 1996/01/01 Math RSFS package v1.0 (jk)
\symrsfs=\mathgroup4
)
(c:/texlive/2023/texmf-dist/tex/latex/float/float.sty
Package: float 2001/11/08 v1.3d Float enhancements (AL)
\c@float@type=\count362
\float@exts=\toks47
\float@box=\box80
\@float@everytoks=\toks48
\@floatcapt=\box81
)
(c:/texlive/2023/texmf-dist/tex/latex/pstricks/pst-all.sty
Package: pst-all 2008/01/01 the main pstricks tools

(c:/texlive/2023/texmf-dist/tex/latex/pstricks/pstricks.sty
Package: pstricks 2023/11/06 v0.74 LaTeX wrapper for `PSTricks' (RN,HV)

(c:/texlive/2023/texmf-dist/tex/generic/xkeyval/pst-xkey.tex
File: pst-xkey.tex 2005/11/25 v1.6 PSTricks specialization of xkeyval (HA)

(c:/texlive/2023/texmf-dist/tex/latex/xkeyval/xkeyval.sty
Package: xkeyval 2022/06/16 v2.9 package option processing (HA)

(c:/texlive/2023/texmf-dist/tex/generic/xkeyval/xkeyval.tex
(c:/texlive/2023/texmf-dist/tex/generic/xkeyval/xkvutils.tex
\XKV@toks=\toks49
\XKV@tempa@toks=\toks50
)
\XKV@depth=\count363
File: xkeyval.tex 2014/12/03 v2.7a key=value parser (HA)
)))
(c:/texlive/2023/texmf-dist/tex/generic/pstricks/pstricks.tex
(c:/texlive/2023/texmf-dist/tex/generic/pstricks/pst-fp.tex
`pst-fp' v0.06, 2020/11/20 (hv)
\pstFP@xs=\count364
\pstFP@xia=\count365
\pstFP@xib=\count366
\pstFP@xfa=\count367
\pstFP@xfb=\count368
\pstFP@rega=\count369
\pstFP@regb=\count370
\pstFP@regs=\count371
\pstFP@times=\count372
)
\psLoopIndex=\count373

`PSTricks' v3.19b  <2023/11/06> (tvz,hv)
\pst@dima=\dimen308
\pst@dimb=\dimen309
\pst@dimc=\dimen310
\pst@dimd=\dimen311
\pst@dimg=\dimen312
\pst@dimh=\dimen313
\pst@dimm=\dimen314
\pst@dimn=\dimen315
\pst@dimo=\dimen316
\pst@dimp=\dimen317
\pst@hbox=\box82
\pst@ibox=\box83
\pst@boxg=\box84
\pst@cnta=\count374
\pst@cntb=\count375
\pst@cntc=\count376
\pst@cntd=\count377
\pst@cntg=\count378
\pst@cnth=\count379
\pst@cntm=\count380
\pst@cntn=\count381
\pst@cnto=\count382
\pst@cntp=\count383
\@zero=\count384
\pst@toks=\toks51
--- We are running lualatex with luapstricks ---
Lua module: luapstricks 2023-05-23 v0.10 PSTricks backend for LuaLaTeX
Lua function luaPST = 26
Lua function luaPSTcolor = 27
Lua function luaPSTbox = 28 (c:/texlive/2023/texmf-dist/tex/generic/pstricks/ps
tricks-color.tex)
\psunit=\dimen318
\psxunit=\dimen319
\psyunit=\dimen320
\pst@C@@rType=\count385
\pslinewidth=\dimen321
\psk@startLW=\dimen322
\psk@endLW=\dimen323

(c:/texlive/2023/texmf-dist/tex/generic/pstricks/pstricks-arrows.tex
\pshooklength=\dimen324
\pshookwidth=\dimen325
)
\pst@customdefs=\toks52

(c:/texlive/2023/texmf-dist/tex/generic/pstricks/pstricks-dots.tex)
\pslinearc=\dimen326
\pst@symbolStep=\dimen327
\pst@symbolWidth=\dimen328
\pst@symbolLinewidth=\dimen329
\everypsbox=\toks53
\psframesep=\dimen330
\pslabelsep=\dimen331
\sh@wgridXunit=\dimen332
\sh@wgridYunit=\dimen333
\pst@shift=\dimen334
\ps@imagectr=\count386
)
File: pstricks.tex 2023/11/06 v3.19b `PSTricks' (tvz,hv)

(c:/texlive/2023/texmf-dist/tex/generic/pstricks/pst-fp.tex
`pst-fp' v0.06, 2020/11/20 (hv))
File: pst-fp.tex 2020/11/20 v0.06 `PST-fp' (hv)
)
(c:/texlive/2023/texmf-dist/tex/latex/pst-plot/pst-plot.sty
Package: pst-plot 2011/06/05 v1.00 LaTeX wrapper for `pst-plot' (HV)

(c:/texlive/2023/texmf-dist/tex/latex/xkeyval/pst-xkey.sty
Package: pst-xkey 2005/11/25 v1.6 package wrapper for pst-xkey.tex (HA)
)
(c:/texlive/2023/texmf-dist/tex/latex/multido/multido.sty
Package: multido 2004/05/17 package wrapper for PSTricks `multido.tex', (HV/RN)


(c:/texlive/2023/texmf-dist/tex/generic/multido/multido.tex
 v1.42, 2010/05/14 <tvz>
\multido@count=\count387
\multidocount=\count388
\multido@stuff=\toks54
)
File: multido.tex 2010/05/14 v1.42 `multido' (tvz,hv)
)
Package: pst-plot 2021/09/23 package wrapper for pst-plot.tex (hv)

(c:/texlive/2023/texmf-dist/tex/generic/pst-plot/pst-plot.tex
(c:/texlive/2023/texmf-dist/tex/generic/pst-tools/pst-tools.tex
`PST-tools' v0.12, 2021/09/23 (hv)
\randomi=\count389
\ranval=\count390
)
(c:/texlive/2023/texmf-dist/tex/generic/pstricks-add/pstricks-add.tex
(c:/texlive/2023/texmf-dist/tex/generic/pst-node/pst-node.tex
 v1.43, 2022/01/31
\psrow=\count391
\pscol=\count392
\psmatrixcnt=\count393
\psrowsep=\skip68
\pscolsep=\skip69
\pst@args=\count394
\num@pts=\count395
\pst@argcnt=\count396
)
(c:/texlive/2023/texmf-dist/tex/generic/pst-arrow/pst-arrow.tex
`pst-arrow' v0.05, 2021/11/16 (dr,hv))
(c:/texlive/2023/texmf-dist/tex/generic/pst-3d/pst-3d.tex
`PST-3d' v1.11, 2010/02/14 (tvz))
(c:/texlive/2023/texmf-dist/tex/generic/pst-math/pst-math.tex
`pst-math' v0.67 , (CJ,hv)) `pstricks-add' v3.94, 2023/04/17 (dr,hv)
\psparallelogramsep=\dimen335
\pst@cntC=\count397
\pst@stepcount=\count398
\chart@ColorIndex=\dimen336
\chart@ColorStep=\dimen337
\pst@chartHeight=\dimen338
\pst@chartStackDepth=\dimen339
\pst@chartStackWidth=\dimen340
\chart@Toggle=\count399
\psVectorCtr=\count400
)
 v1.94, 2022/11/21 (tvz,hv)
\pstRadUnit=\dimen341
\pstRadUnitInv=\dimen342
\pst@linecnt=\count401
\RCD@file=\read5
\psxlabelsep=\dimen343
\psylabelsep=\dimen344
\psk@subticksize=\dimen345
\pst@xticksizeA=\dimen346
\pst@xticksizeB=\dimen347
\pst@xticksizeC=\dimen348
\pst@yticksizeA=\dimen349
\pst@yticksizeB=\dimen350
\pst@yticksizeC=\dimen351
\@digitcounter=\count402
\psk@llx=\dimen352
\psk@lly=\dimen353
\psk@urx=\dimen354
\psk@ury=\dimen355
\pst@xunit=\dimen356
\pst@yunit=\dimen357
)
File: pst-plot.tex 2022/11/21 1.94 `pst-plot' (tvz,hv)
)
(c:/texlive/2023/texmf-dist/tex/latex/pst-node/pst-node.sty
Package: pst-node 2012/09/18 v1.01 LaTeX wrapper for `pst-node' (HV)
Package: pst-node 2010/04/22 package wrapper for pst-node.tex

(c:/texlive/2023/texmf-dist/tex/generic/pst-node/pst-node.tex)
File: pst-node.tex 2022/11/21 1.94 `pst-node' (tvz,hv)
)
(c:/texlive/2023/texmf-dist/tex/latex/pst-tree/pst-tree.sty
Package: pst-tree 2009/01/25 package wrapper for pst-tree.tex

(c:/texlive/2023/texmf-dist/tex/generic/pst-tree/pst-tree.tex
 v1.14, 2021/09/04(tvz,dg,hv)
\pstree@rootbox=\box85
\pstree@box=\box86
\psnodecnt=\count403
\pstreelevel=\count404
\pstreecnt=\count405
\pstree@cnt=\count406
\pstree@stop=\count407
)
File: pst-tree.tex 2021/09/04 1.14 `pst-tree' (tvz,hv)
)
(c:/texlive/2023/texmf-dist/tex/latex/pst-grad/pst-grad.sty
Package: pst-grad 2004/07/15 package wrapper for pst-grad.tex (hv)

(c:/texlive/2023/texmf-dist/tex/generic/pst-grad/pst-grad.tex
`pst-grad' v1.06, 2006/11/27 (tvz,dg,hv))
File: pst-grad.tex 2006/11/27 1.06 `pst-grad' (tvz)
)
(c:/texlive/2023/texmf-dist/tex/latex/pst-coil/pst-coil.sty
Package: pst-coil 2010/02/01 package wrapper for pst-coil.tex (hv)

(c:/texlive/2023/texmf-dist/tex/generic/pst-coil/pst-coil.tex
 v1.06, 2006/11/27
(c:/texlive/2023/texmf-dist/tex/generic/pst-node/pst-node.tex))
File: pst-coil.tex 2015/05/13 v1.07 `PST-coil' (tvz,hv)
)
(c:/texlive/2023/texmf-dist/tex/latex/pst-text/pst-text.sty
Package: pst-text 2018/12/28 package wrapper for pst-text.tex (hv)

(c:/texlive/2023/texmf-dist/tex/generic/pst-text/pst-text.tex
 v1.01, 2018/12/22(tvz,hv))
File: pst-text.tex 2018/12/22 1.01 `pst-text' (tvz)
)
(c:/texlive/2023/texmf-dist/tex/latex/pst-3d/pst-3d.sty
Package: pst-3d 2009/07/28 package wrapper for pst-3d.tex (hv)

(c:/texlive/2023/texmf-dist/tex/generic/pst-3d/pst-3d.tex)
File: pst-3d.tex 2018/12/22 v1.01 `PST-3d' (hv)
)
(c:/texlive/2023/texmf-dist/tex/latex/pst-eps/pst-eps.sty
Package: pst-eps 2005/05/20 package wrapper for pst-eps.tex (hv)

(c:/texlive/2023/texmf-dist/tex/generic/pst-eps/pst-eps.tex  v1.00, 2006/11/04
\pst@epsout=\write4
\pst@tempout=\write5
)
File: pst-eps.tex 2006/11/04 1.00 `pst-eps' (tvz)
) (c:/texlive/2023/texmf-dist/tex/latex/pst-fill/pst-fill.sty
Package: pst-fill 2010/03/20 package wrapper for pst-fill.tex (hv)

(c:/texlive/2023/texmf-dist/tex/generic/pst-fill/pst-fill.tex
`PST-Fill' v1.02, 2021/10/01 (tvz,dg,hv)
\pst@fillbox=\box87
)
File: pst-fill.tex 2021/10/01 v1.02 `PST-fill' (tvz,dg,hv)
)
(c:/texlive/2023/texmf-dist/tex/latex/pstricks-add/pstricks-add.sty
(c:/texlive/2023/texmf-dist/tex/latex/pst-math/pst-math.sty
Package: pst-math 2023/07/03 v 0.67 package wrapper for PSTricks pst-math.tex

(c:/texlive/2023/texmf-dist/tex/latex/pst-calculate/pst-calculate.sty
Package: pst-calculate 2019/01/24 v. 0.02(Herbert Voss) Support for caculations
 with floating point numbers.

(c:/texlive/2023/texmf-dist/tex/latex/siunitx/siunitx.sty
Package: siunitx 2023-11-14 v3.3.9 A comprehensive (SI) units package
\l__siunitx_number_uncert_offset_int=\count408
\l__siunitx_number_exponent_fixed_int=\count409
\l__siunitx_number_min_decimal_int=\count410
\l__siunitx_number_min_integer_int=\count411
\l__siunitx_number_round_precision_int=\count412
\l__siunitx_number_lower_threshold_int=\count413
\l__siunitx_number_upper_threshold_int=\count414
\l__siunitx_number_group_first_int=\count415
\l__siunitx_number_group_size_int=\count416
\l__siunitx_number_group_minimum_int=\count417
\l__siunitx_angle_tmp_dim=\dimen358
\l__siunitx_angle_marker_box=\box88
\l__siunitx_angle_unit_box=\box89
\l__siunitx_compound_count_int=\count418

(c:/texlive/2023/texmf-dist/tex/latex/translations/translations.sty
Package: translations 2022/02/05 v1.12 internationalization of LaTeX2e packages
 (CN)
)
\l__siunitx_table_tmp_box=\box90
\l__siunitx_table_tmp_dim=\dimen359
\l__siunitx_table_column_width_dim=\dimen360
\l__siunitx_table_integer_box=\box91
\l__siunitx_table_decimal_box=\box92
\l__siunitx_table_uncert_box=\box93
\l__siunitx_table_before_box=\box94
\l__siunitx_table_after_box=\box95
\l__siunitx_table_before_dim=\dimen361
\l__siunitx_table_carry_dim=\dimen362
\l__siunitx_unit_tmp_int=\count419
\l__siunitx_unit_position_int=\count420
\l__siunitx_unit_total_int=\count421
))
(c:/texlive/2023/texmf-dist/tex/generic/iftex/ifluatex.sty
Package: ifluatex 2019/10/25 v1.5 ifluatex legacy package. Use iftex instead.
)
(c:/texlive/2023/texmf-dist/tex/generic/xstring/xstring.sty
(c:/texlive/2023/texmf-dist/tex/generic/xstring/xstring.tex
\xs_counta=\count422
\xs_countb=\count423
)
Package: xstring 2023/08/22 v1.86 String manipulations (CT)
)
(c:/texlive/2023/texmf-dist/tex/generic/pst-math/pst-math.tex)
File: pst-math.tex 2021/10/01 v1.02 `PST-math' (hv)
\c@Rand@No=\count424
\c@Random@Left=\count425
\c@Random@Right=\count426
\c@Random@No@max=\count427
)
Package: pstricks-add 2021/09/10 v. 0.17 package wrapper for pstricks-add.tex (
hv)

(c:/texlive/2023/texmf-dist/tex/generic/pstricks-add/pstricks-add.tex)
File: pstricks-add.tex 2021/10/01 v1.02 `PSTricks-add' (hv)
))
(c:/texlive/2023/texmf-dist/tex/latex/pst-3dplot/pst-3dplot.sty
Package: pst-3dplot 2010/01/01 package wrapper for pst-3dplot.tex (hv)

(c:/texlive/2023/texmf-dist/tex/generic/pst-3dplot/pst-3dplot.tex
(c:/texlive/2023/texmf-dist/tex/generic/pst-node/pst-node.tex)
(c:/texlive/2023/texmf-dist/tex/generic/multido/multido.tex
 v1.42, 2010/05/14 <tvz>) `PST-3dplot' v2.09, 2023/11/01 (HV,DL)
\pst@dimf=\dimen363
\pst@cntx=\count428
\pst@cnty=\count429
\pst@cntz=\count430
\pst@dimx=\dimen364
\pst@dimy=\dimen365
\pst@dimz=\dimen366
\pst@dx=\dimen367
\pst@dy=\dimen368
\pszunit=\dimen369
)
File: pst-3dplot.tex 2023/11/01 v2.09 `PST-3dplot' (hv)
)
(c:/texlive/2023/texmf-dist/tex/latex/leftindex/leftindex.sty
(c:/texlive/2023/texmf-dist/tex/latex/mathtools/mathtools.sty
Package: mathtools 2022/06/29 v1.29 mathematical typesetting tools

(c:/texlive/2023/texmf-dist/tex/latex/mathtools/mhsetup.sty
Package: mhsetup 2021/03/18 v1.4 programming setup (MH)
)
\g_MT_multlinerow_int=\count431
\l_MT_multwidth_dim=\dimen370
\origjot=\skip70
\l_MT_shortvdotswithinadjustabove_dim=\dimen371
\l_MT_shortvdotswithinadjustbelow_dim=\dimen372
\l_MT_above_intertext_sep=\dimen373
\l_MT_below_intertext_sep=\dimen374
\l_MT_above_shortintertext_sep=\dimen375
\l_MT_below_shortintertext_sep=\dimen376
\xmathstrut@box=\box96
\xmathstrut@dim=\dimen377
)
Package: leftindex 2020/08/25 v0.1beta 
\l__leftindex_phantom_height_dim=\dimen378
\l__leftindex_slanting_phantom_with_subscript_box=\box97
\l__leftindex_slanting_phantom_with_subscript_dim=\dimen379
\l__leftindex_slanting_phantom_with_subscript_without_indentation_box=\box98
\l__leftindex_slanting_phantom_with_subscript_without_indentation_dim=\dimen380

\l__leftindex_indentation_of_slanting_phantom_subscript=\dimen381
\l__leftindex_superscript_temp_box=\box99
\l__leftindex_width_of_superscript_dim=\dimen382
\l__leftindex_subscript_temp_box=\box100
\l__leftindex_width_of_subscript_dim=\dimen383
)
(c:/texlive/2023/texmf-dist/tex/latex/import/import.sty
Package: import 2020/04/01  v 6.2
)
(c:/texlive/2023/texmf-dist/tex/latex/xifthen/xifthen.sty
Package: xifthen 2015/11/05 v1.4.0 Extended ifthen features

(c:/texlive/2023/texmf-dist/tex/latex/base/ifthen.sty
Package: ifthen 2022/04/13 v1.1d Standard LaTeX ifthen package (DPC)
)
(c:/texlive/2023/texmf-dist/tex/latex/ifmtarg/ifmtarg.sty
Package: ifmtarg 2018/04/16 v1.2b check for an empty argument
))
(c:/texlive/2023/texmf-dist/tex/latex/pdfpages/pdfpages.sty
Package: pdfpages 2022/12/19 v0.5x Insert pages of external PDF documents (AM)

(c:/texlive/2023/texmf-dist/tex/latex/eso-pic/eso-pic.sty
Package: eso-pic 2023/05/03 v3.0c eso-pic (RN)
\ESO@tempdima=\dimen384
\ESO@tempdimb=\dimen385
)
\AM@pagewidth=\dimen386
\AM@pageheight=\dimen387
\AM@fboxrule=\dimen388

(c:/texlive/2023/texmf-dist/tex/latex/pdfpages/ppluatex.def
File: ppluatex.def 2022/12/19 v0.5x Pdfpages driver for LuaTeX (AM)
)
\pdfpages@includegraphics@status=\count432
\AM@pagebox=\box101
\AM@global@opts=\toks55
\AM@pagecnt=\count433
\AM@toc@title=\toks56
\AM@lof@heading=\toks57
\c@AM@survey=\count434
\AM@templatesizebox=\box102
)
(c:/texlive/2023/texmf-dist/tex/latex/amsfonts/amssymb.sty
Package: amssymb 2013/01/14 v3.01 AMS font symbols

(c:/texlive/2023/texmf-dist/tex/latex/amsfonts/amsfonts.sty
Package: amsfonts 2013/01/14 v3.01 Basic AMSFonts support
\symAMSa=\mathgroup5
\symAMSb=\mathgroup6
LaTeX Font Info:    Redeclaring math symbol \hbar on input line 98.
LaTeX Font Info:    Overwriting math alphabet `\mathfrak' in version `bold'
(Font)                  U/euf/m/n --> U/euf/b/n on input line 106.
))
(c:/texlive/2023/texmf-dist/tex/latex/hyperref/hyperref.sty
Package: hyperref 2023-11-26 v7.01g Hypertext links for LaTeX

(c:/texlive/2023/texmf-dist/tex/latex/kvsetkeys/kvsetkeys.sty
Package: kvsetkeys 2022-10-05 v1.19 Key value parser (HO)
)
(c:/texlive/2023/texmf-dist/tex/generic/kvdefinekeys/kvdefinekeys.sty
Package: kvdefinekeys 2019-12-19 v1.6 Define keys (HO)
)
(c:/texlive/2023/texmf-dist/tex/generic/pdfescape/pdfescape.sty
Package: pdfescape 2019/12/09 v1.15 Implements pdfTeX's escape features (HO)
)
(c:/texlive/2023/texmf-dist/tex/latex/hycolor/hycolor.sty
Package: hycolor 2020-01-27 v1.10 Color options for hyperref/bookmark (HO)
)
(c:/texlive/2023/texmf-dist/tex/latex/letltxmacro/letltxmacro.sty
Package: letltxmacro 2019/12/03 v1.6 Let assignment for LaTeX macros (HO)
)
(c:/texlive/2023/texmf-dist/tex/latex/hyperref/nameref.sty
Package: nameref 2023-11-26 v2.56 Cross-referencing by name of section

(c:/texlive/2023/texmf-dist/tex/latex/refcount/refcount.sty
Package: refcount 2019/12/15 v3.6 Data extraction from label references (HO)
)
(c:/texlive/2023/texmf-dist/tex/generic/gettitlestring/gettitlestring.sty
Package: gettitlestring 2019/12/15 v1.6 Cleanup title references (HO)

(c:/texlive/2023/texmf-dist/tex/latex/kvoptions/kvoptions.sty
Package: kvoptions 2022-06-15 v3.15 Key value format for package options (HO)
))
\c@section@level=\count435
)
\@linkdim=\dimen389
\Hy@linkcounter=\count436
\Hy@pagecounter=\count437

(c:/texlive/2023/texmf-dist/tex/latex/hyperref/pd1enc.def
File: pd1enc.def 2023-11-26 v7.01g Hyperref: PDFDocEncoding definition (HO)
)
(c:/texlive/2023/texmf-dist/tex/generic/intcalc/intcalc.sty
Package: intcalc 2019/12/15 v1.3 Expandable calculations with integers (HO)
)
\Hy@SavedSpaceFactor=\count438

(c:/texlive/2023/texmf-dist/tex/latex/hyperref/puenc.def
File: puenc.def 2023-11-26 v7.01g Hyperref: PDF Unicode definition (HO)
)
Package hyperref Info: Hyper figures OFF on input line 4181.
Package hyperref Info: Link nesting OFF on input line 4186.
Package hyperref Info: Hyper index ON on input line 4189.
Package hyperref Info: Plain pages OFF on input line 4196.
Package hyperref Info: Backreferencing OFF on input line 4201.
Package hyperref Info: Implicit mode ON; LaTeX internals redefined.
Package hyperref Info: Bookmarks ON on input line 4448.
\c@Hy@tempcnt=\count439

(c:/texlive/2023/texmf-dist/tex/latex/url/url.sty
\Urlmuskip=\muskip17
Package: url 2013/09/16  ver 3.4  Verb mode for urls, etc.
)
LaTeX Info: Redefining \url on input line 4786.
\XeTeXLinkMargin=\dimen390

(c:/texlive/2023/texmf-dist/tex/generic/bitset/bitset.sty
Package: bitset 2019/12/09 v1.3 Handle bit-vector datatype (HO)

(c:/texlive/2023/texmf-dist/tex/generic/bigintcalc/bigintcalc.sty
Package: bigintcalc 2019/12/15 v1.5 Expandable calculations on big integers (HO
)
))
\Fld@menulength=\count440
\Field@Width=\dimen391
\Fld@charsize=\dimen392
Package hyperref Info: Hyper figures OFF on input line 6065.
Package hyperref Info: Link nesting OFF on input line 6070.
Package hyperref Info: Hyper index ON on input line 6073.
Package hyperref Info: backreferencing OFF on input line 6080.
Package hyperref Info: Link coloring OFF on input line 6085.
Package hyperref Info: Link coloring with OCG OFF on input line 6090.
Package hyperref Info: PDF/A mode OFF on input line 6095.

(c:/texlive/2023/texmf-dist/tex/latex/base/atbegshi-ltx.sty
Package: atbegshi-ltx 2021/01/10 v1.0c Emulation of the original atbegshi
package with kernel methods
)
\Hy@abspage=\count441
\c@Item=\count442
\c@Hfootnote=\count443
)
Package hyperref Info: Driver (autodetected): hluatex.

(c:/texlive/2023/texmf-dist/tex/latex/hyperref/hluatex.def
File: hluatex.def 2023-11-26 v7.01g Hyperref driver for luaTeX

(c:/texlive/2023/texmf-dist/tex/generic/stringenc/stringenc.sty
Package: stringenc 2019/11/29 v1.12 Convert strings between diff. encodings (HO
)
)
(c:/texlive/2023/texmf-dist/tex/latex/base/atveryend-ltx.sty
Package: atveryend-ltx 2020/08/19 v1.0a Emulation of the original atveryend pac
kage
with kernel methods
)
\Fld@listcount=\count444
\c@bookmark@seq@number=\count445

(c:/texlive/2023/texmf-dist/tex/latex/rerunfilecheck/rerunfilecheck.sty
Package: rerunfilecheck 2022-07-10 v1.10 Rerun checks for auxiliary files (HO)

(c:/texlive/2023/texmf-dist/tex/generic/uniquecounter/uniquecounter.sty
Package: uniquecounter 2019/12/15 v1.4 Provide unlimited unique counter (HO)
)
Package uniquecounter Info: New unique counter `rerunfilecheck' on input line 2
85.
)
\Hy@SectionHShift=\skip71
)
(c:/texlive/2023/texmf-dist/tex/latex/darkmode/darkmode.sty
Package: darkmode 2022-09-01 v1.0.1 Provide general dark mode support for any L
aTeX document.

(c:/texlive/2023/texmf-dist/tex/latex/pagecolor/pagecolor.sty
Package: pagecolor 2023-04-18 v1.2c Provides thepagecolor (HMM)
))
(c:/texlive/2023/texmf-dist/tex/latex/cancel/cancel.sty
Package: cancel 2013/04/12 v2.2 Cancel math terms
)
(c:/texlive/2023/texmf-dist/tex/generic/pgf/frontendlayer/tikz/libraries/tikzli
braryarrows.code.tex
File: tikzlibraryarrows.code.tex 2023-01-15 v3.1.10 (3.1.10)

(c:/texlive/2023/texmf-dist/tex/generic/pgf/libraries/pgflibraryarrows.code.tex
File: pgflibraryarrows.code.tex 2023-01-15 v3.1.10 (3.1.10)
\arrowsize=\dimen393
))
Package translations Info: No language package found. I am going to use `englis
h' as default language. on input line 95.
 (./onde.aux)
\openout1 = onde.aux

LaTeX Font Info:    Checking defaults for OML/cmm/m/it on input line 95.
LaTeX Font Info:    ... okay on input line 95.
LaTeX Font Info:    Checking defaults for OMS/cmsy/m/n on input line 95.
LaTeX Font Info:    ... okay on input line 95.
LaTeX Font Info:    Checking defaults for OT1/cmr/m/n on input line 95.
LaTeX Font Info:    ... okay on input line 95.
LaTeX Font Info:    Checking defaults for T1/cmr/m/n on input line 95.
LaTeX Font Info:    ... okay on input line 95.
LaTeX Font Info:    Checking defaults for TS1/cmr/m/n on input line 95.
LaTeX Font Info:    Trying to load font information for TS1+cmr on input line 9
5.
 (c:/texlive/2023/texmf-dist/tex/latex/base/ts1cmr.fd
File: ts1cmr.fd 2023/04/13 v2.5m Standard LaTeX font definitions
)
LaTeX Font Info:    ... okay on input line 95.
LaTeX Font Info:    Checking defaults for TU/lmr/m/n on input line 95.
LaTeX Font Info:    ... okay on input line 95.
LaTeX Font Info:    Checking defaults for OMX/cmex/m/n on input line 95.
LaTeX Font Info:    ... okay on input line 95.
LaTeX Font Info:    Checking defaults for U/cmr/m/n on input line 95.
LaTeX Font Info:    ... okay on input line 95.
LaTeX Font Info:    Checking defaults for PD1/pdf/m/n on input line 95.
LaTeX Font Info:    ... okay on input line 95.
LaTeX Font Info:    Checking defaults for PU/pdf/m/n on input line 95.
LaTeX Font Info:    ... okay on input line 95.

(c:/texlive/2023/texmf-dist/tex/context/base/mkii/supp-pdf.mkii
[Loading MPS to PDF converter (version 2006.09.02).]
\scratchcounter=\count446
\scratchdimen=\dimen394
\scratchbox=\box103
\nofMPsegments=\count447
\nofMParguments=\count448
\everyMPshowfont=\toks58
\MPscratchCnt=\count449
\MPscratchDim=\dimen395
\MPnumerator=\count450
\makeMPintoPDFobject=\count451
\everyMPtoPDFconversion=\toks59
) (c:/texlive/2023/texmf-dist/tex/latex/epstopdf-pkg/epstopdf-base.sty
Package: epstopdf-base 2020-01-24 v2.11 Base part for package epstopdf
Package epstopdf-base Info: Redefining graphics rule for `.eps' on input line 4
85.

(c:/texlive/2023/texmf-dist/tex/latex/latexconfig/epstopdf-sys.cfg
File: epstopdf-sys.cfg 2010/07/13 v1.3 Configuration of (r)epstopdf for TeX Liv
e
))
Package pgfplots notification 'compat/show suggested version=true': you might b
enefit from \pgfplotsset{compat=1.18} (current compat level: 1.15).


Package chemgreek Info: Activating mapping `default' on line 95.

*geometry* driver: auto-detecting
*geometry* detected driver: luatex
*geometry* verbose mode - [ preamble ] result:
* driver: luatex
* paper: a4paper
* layout: <same size as paper>
* layoutoffset:(h,v)=(0.0pt,0.0pt)
* modes: 
* h-part:(L,W,R)=(81.94394pt, 433.62pt, 81.94394pt)
* v-part:(T,H,B)=(48.93872pt, 722.7pt, 73.40813pt)
* \paperwidth=597.50787pt
* \paperheight=845.04684pt
* \textwidth=433.62pt
* \textheight=722.7pt
* \oddsidemargin=9.67395pt
* \evensidemargin=9.67395pt
* \topmargin=-60.33127pt
* \headheight=12.0pt
* \headsep=25.0pt
* \topskip=10.0pt
* \footskip=30.0pt
* \marginparwidth=65.0pt
* \marginparsep=11.0pt
* \columnsep=10.0pt
* \skip\footins=9.0pt plus 4.0pt minus 2.0pt
* \hoffset=0.0pt
* \voffset=0.0pt
* \mag=1000
* \@twocolumnfalse
* \@twosidefalse
* \@mparswitchfalse
* \@reversemarginfalse
* (1in=72.27pt=25.4mm, 1cm=28.453pt)


(c:/texlive/2023/texmf-dist/tex/latex/translations/translations-basic-dictionar
y-english.trsl
File: translations-basic-dictionary-english.trsl (english translation file `tra
nslations-basic-dictionary')
)
Package translations Info: loading dictionary `translations-basic-dictionary' f
or `english'. on input line 95.
 (c:/texlive/2023/texmf-dist/tex/latex/pdflscape/pdflscape.sty
Package: pdflscape 2022-10-27 v0.13 Display of landscape pages in PDF

(c:/texlive/2023/texmf-dist/tex/latex/pdflscape/pdflscape-nometadata.sty
Package: pdflscape-nometadata 2022-10-28 v0.13 Display of landscape pages in PD
F (HO)

(c:/texlive/2023/texmf-dist/tex/latex/graphics/lscape.sty
Package: lscape 2020/05/28 v3.02 Landscape Pages (DPC)
)
Package pdflscape Info: Auto-detected driver: pdftex on input line 81.
))
Package hyperref Info: Link coloring OFF on input line 95.
 (./onde.out)
(./onde.out)
\@outlinefile=\write6

\openout6 = onde.out
 (./titlepage.tex [1

{c:/texlive/2023/texmf-var/fonts/map/pdftex/updmap/pdftex.map}]) (./onde.toc
LaTeX Font Info:    Trying to load font information for U+rsfs on input line 2.


(c:/texlive/2023/texmf-dist/tex/latex/jknapltx/ursfs.fd
File: ursfs.fd 1998/03/24 rsfs font definition file (jk)
)
LaTeX Font Info:    Trying to load font information for U+msa on input line 2.

(c:/texlive/2023/texmf-dist/tex/latex/amsfonts/umsa.fd
File: umsa.fd 2013/01/14 v3.01 AMS symbols A
)
LaTeX Font Info:    Trying to load font information for U+msb on input line 2.

(c:/texlive/2023/texmf-dist/tex/latex/amsfonts/umsb.fd
File: umsb.fd 2013/01/14 v3.01 AMS symbols B
))
\tf@toc=\write7

\openout7 = onde.toc

warning  (pdf backend): ignoring duplicate destination with the name 'page.1'
[1]
Overfull \hbox (3.9325pt too wide) in paragraph at lines 110--111
 [][][][][][] 
 []

[2]
Overfull \hbox (3.9325pt too wide) in paragraph at lines 236--237
 [][][][][][] 
 []

[3]
Overfull \hbox (62.30324pt too wide) detected at line 260
\OML/cmm/m/it/10 dF[] \OT1/cmr/m/n/10 = \OML/cmm/m/it/10 T\OT1/cmr/m/n/10 ([] \
OML/cmm/m/it/10 [] \OMS/cmsy/m/n/10 ^^@ [] \OML/cmm/m/it/10 \OT1/cmr/m/n/10 ) = \OML/cmm/m/it/10 T\OT1/cmr/m/n/10 ([] \OML/cmm/m/it/10 [] \OMS/cmsy/m/n/10 ^^@ [] \OML/cmm/m/it/10 \OT1/cmr/m/n/10 ) = \OML/cmm/m/it/10 T [] \OT1/cmr/m/n/10 = \OML/cmm/m/it/10 TdS \OT1/cmr/m/n/10 = \OML/cmm/m/it/10 T[]dx \OT1/cmr/m/n/10 = \OML/cmm/m/it/10 T[] [] dx \OT1/cmr/m/n/10 = \OML/cmm/m/it/10 T[]dx
 []


Overfull \hbox (3.9325pt too wide) in paragraph at lines 285--286
 [][][][][][] 
 []

[4] [5] [6]
Overfull \hbox (3.9325pt too wide) in paragraph at lines 387--388
 [][][][][][] 
 []


Underfull \hbox (badness 10000) in paragraph at lines 398--400

 []

[7] [8]
Underfull \hbox (badness 10000) in paragraph at lines 414--415

 []

[9] [10]
Underfull \hbox (badness 10000) in paragraph at lines 611--612

 []

[11] [12] [13] [14] (./onde.aux)
 ***********
LaTeX2e <2023-11-01>
L3 programming layer <2023-12-11>
 ***********
Package rerunfilecheck Info: File `onde.out' has not changed.
(rerunfilecheck)             Checksum: A375FD96EC15BB959C40E5D55C9AE365;4219.
)

Here is how much of LuaTeX's memory you used:
 51360 strings out of 476506
 125027,2373549 words of node,token memory allocated
 873 words of node memory still in use:
   7 hlist, 2 vlist, 2 rule, 2 glue, 4 kern, 1 glyph, 89 attribute, 61 glue_spec
, 89 attribute_list, 2 write nodes
   avail lists: 2:1298,3:671,4:144,5:567,6:77,7:5840,8:95,9:1393,10:13,11:306
 71943 multiletter control sequences out of 65536+600000
 57 fonts using 3986183 bytes
 117i,13n,109p,718b,1466s stack positions out of 10000i,1000n,20000p,200000b,200000s
<c:/texlive/2023/texmf-dist/fonts/opentype/public/lm/lmroman7-regular.otf><c:/te
xlive/2023/texmf-dist/fonts/opentype/public/lm/lmroman10-regular.otf><c:/texlive
/2023/texmf-dist/fonts/opentype/public/lm/lmroman10-italic.otf><c:/texlive/2023/
texmf-dist/fonts/opentype/public/lm/lmroman10-bold.otf><c:/texlive/2023/texmf-di
st/fonts/opentype/public/lm/lmroman12-bold.otf><c:/texlive/2023/texmf-dist/fonts
/type1/public/amsfonts/cm/cmbx10.pfb><c:/texlive/2023/texmf-dist/fonts/type1/pub
lic/amsfonts/cm/cmex10.pfb><c:/texlive/2023/texmf-dist/fonts/type1/public/amsfon
ts/cm/cmmi10.pfb><c:/texlive/2023/texmf-dist/fonts/type1/public/amsfonts/cm/cmmi
7.pfb><c:/texlive/2023/texmf-dist/fonts/type1/public/amsfonts/cm/cmmib10.pfb><c:
/texlive/2023/texmf-dist/fonts/type1/public/amsfonts/cm/cmr10.pfb><c:/texlive/20
23/texmf-dist/fonts/type1/public/amsfonts/cm/cmr5.pfb><c:/texlive/2023/texmf-dis
t/fonts/type1/public/amsfonts/cm/cmr7.pfb><c:/texlive/2023/texmf-dist/fonts/type
1/public/amsfonts/cm/cmsy10.pfb><c:/texlive/2023/texmf-dist/fonts/type1/public/a
msfonts/cm/cmsy7.pfb>
Output written on onde.pdf (15 pages, 169649 bytes).

PDF statistics: 295 PDF objects out of 1000 (max. 8388607)
 250 compressed objects within 3 object streams
 54 named destinations out of 1000 (max. 131072)
 216 words of extra memory for PDF output out of 10000 (max. 100000000)

