\BOOKMARK [1][-]{section.1}{\376\377\000S\000i\000s\000t\000e\000m\000i\000\040\000d\000i\000\040\000e\000q\000u\000a\000z\000i\000o\000n\000i\000\040\000l\000i\000n\000e\000a\000r\000i}{}% 1
\BOOKMARK [2][-]{section*.2}{\376\377\000T\000e\000o\000r\000e\000m\000a\000\040\000d\000i\000\040\000R\000o\000u\000c\000h\000\350\000-\000C\000a\000p\000e\000l\000l\000i}{section.1}% 2
\BOOKMARK [2][-]{subsection.1.1}{\376\377\000S\000i\000s\000t\000e\000m\000i\000\040\000o\000m\000o\000g\000e\000n\000e\000i}{section.1}% 3
\BOOKMARK [3][-]{section*.3}{\376\377\000T\000e\000o\000r\000e\000m\000a\000:\000\040\000p\000a\000r\000a\000m\000e\000t\000r\000i\000\040\000l\000i\000b\000e\000r\000i}{subsection.1.1}% 4
\BOOKMARK [1][-]{section.2}{\376\377\000M\000a\000t\000r\000i\000c\000i}{}% 5
\BOOKMARK [2][-]{subsection.2.1}{\376\377\000O\000p\000e\000r\000a\000z\000i\000o\000n\000i\000\040\000t\000r\000a\000\040\000m\000a\000t\000r\000i\000c\000i}{section.2}% 6
\BOOKMARK [3][-]{section*.5}{\376\377\000P\000r\000o\000d\000o\000t\000t\000o\000\040\000c\000o\000m\000e\000\040\000c\000o\000m\000b\000i\000n\000a\000z\000i\000o\000n\000e\000\040\000l\000i\000n\000e\000a\000r\000e}{subsection.2.1}% 7
\BOOKMARK [3][-]{section*.6}{\376\377\000L\000a\000\040\000t\000r\000a\000s\000p\000o\000s\000t\000a\000\040\000d\000i\000\040\000u\000n\000a\000\040\000m\000a\000t\000r\000i\000c\000e}{subsection.2.1}% 8
\BOOKMARK [2][-]{subsection.2.2}{\376\377\000D\000e\000t\000e\000r\000m\000i\000n\000a\000n\000t\000e}{section.2}% 9
\BOOKMARK [3][-]{section*.10}{\376\377\000C\000a\000l\000c\000o\000l\000o\000\040\000d\000e\000l\000\040\000d\000e\000t\000e\000r\000m\000i\000n\000a\000n\000t\000e}{subsection.2.2}% 10
\BOOKMARK [3][-]{section*.11}{\376\377\000C\000o\000m\000e\000\040\000c\000a\000m\000b\000i\000a\000\040\000i\000l\000\040\000d\000e\000t\000e\000r\000m\000i\000n\000a\000n\000t\000e\000\040\000d\000o\000p\000o\000\040\000l\000e\000\040\0003\000\040\000m\000o\000s\000s\000e\000?}{subsection.2.2}% 11
\BOOKMARK [2][-]{subsection.2.3}{\376\377\000T\000e\000o\000r\000e\000m\000i\000\040\000d\000i\000\040\000L\000a\000p\000l\000a\000c\000e}{section.2}% 12
\BOOKMARK [3][-]{section*.13}{\376\377\000P\000r\000i\000m\000o\000\040\000T\000e\000o\000r\000e\000m\000a\000\040\000d\000i\000\040\000L\000a\000p\000l\000a\000c\000e}{subsection.2.3}% 13
\BOOKMARK [3][-]{section*.14}{\376\377\000S\000e\000c\000o\000n\000d\000o\000\040\000T\000e\000o\000r\000e\000m\000a\000\040\000d\000i\000\040\000L\000a\000p\000l\000a\000c\000e}{subsection.2.3}% 14
\BOOKMARK [2][-]{subsection.2.4}{\376\377\000M\000a\000t\000r\000i\000c\000i\000\040\000i\000n\000v\000e\000r\000s\000e}{section.2}% 15
\BOOKMARK [3][-]{section*.16}{\376\377\000T\000e\000o\000r\000e\000m\000a\000:\000\040\000m\000a\000t\000r\000i\000c\000e\000\040\000i\000n\000v\000e\000r\000s\000a}{subsection.2.4}% 16
\BOOKMARK [3][-]{section*.17}{\376\377\000T\000e\000o\000r\000e\000m\000a\000:\000\040\000M\000a\000t\000r\000i\000c\000e\000\040\000i\000n\000v\000e\000r\000t\000i\000b\000i\000l\000e\000\040\000s\000e\000\040\000e\000\040\000s\000o\000l\000o\000\040\000s\000e\000\040\000h\000a\000\040\000r\000a\000n\000g\000o\000\040\000m\000a\000s\000s\000i\000m\000o}{subsection.2.4}% 17
\BOOKMARK [3][-]{section*.18}{\376\377\000C\000a\000l\000c\000o\000l\000o\000\040\000d\000e\000l\000l\000a\000\040\000m\000a\000t\000r\000i\000c\000e\000\040\000i\000n\000v\000e\000r\000s\000a\000\040\0001}{subsection.2.4}% 18
\BOOKMARK [3][-]{section*.19}{\376\377\000C\000a\000l\000c\000o\000l\000o\000\040\000d\000e\000l\000l\000a\000\040\000m\000a\000t\000r\000i\000c\000e\000\040\000i\000n\000v\000e\000r\000s\000a\000\040\0002}{subsection.2.4}% 19
\BOOKMARK [2][-]{subsection.2.5}{\376\377\000T\000e\000o\000r\000e\000m\000a\000\040\000d\000i\000\040\000C\000r\000a\000m\000e\000r}{section.2}% 20
\BOOKMARK [1][-]{section.3}{\376\377\000P\000r\000o\000d\000o\000t\000t\000o\000\040\000s\000c\000a\000l\000a\000r\000e\000\040\000e\000\040\000v\000e\000t\000t\000o\000r\000i\000a\000l\000e}{}% 21
\BOOKMARK [2][-]{subsection.3.1}{\376\377\000P\000r\000o\000p\000r\000i\000e\000t\000\340\000\040\000d\000e\000l\000\040\000p\000r\000o\000d\000o\000t\000t\000o\000\040\000s\000c\000a\000l\000a\000r\000e}{section.3}% 22
\BOOKMARK [2][-]{subsection.3.2}{\376\377\000I\000n\000t\000e\000r\000p\000r\000e\000t\000a\000z\000i\000o\000n\000e\000\040\000g\000e\000o\000m\000e\000t\000r\000i\000c\000a\000\040\000d\000e\000l\000\040\000p\000r\000o\000d\000o\000t\000t\000o\000\040\000s\000c\000a\000l\000a\000r\000e}{section.3}% 23
\BOOKMARK [3][-]{section*.20}{\376\377\000T\000e\000o\000r\000e\000m\000a\000:\000\040\000v\000e\000t\000t\000o\000r\000e\000\040\000p\000r\000o\000i\000e\000z\000i\000o\000n\000e\000\040\000o\000r\000t\000o\000g\000o\000n\000a\000l\000e}{subsection.3.2}% 24
\BOOKMARK [3][-]{section*.21}{\376\377\000T\000e\000o\000r\000e\000m\000a\000\040\000d\000i\000\040\000P\000i\000t\000a\000g\000o\000r\000a\000\040\000g\000e\000n\000e\000r\000a\000l\000i\000z\000z\000a\000t\000o}{subsection.3.2}% 25
\BOOKMARK [2][-]{subsection.3.3}{\376\377\000P\000r\000o\000d\000o\000t\000t\000o\000\040\000v\000e\000t\000t\000o\000r\000i\000a\000l\000e}{section.3}% 26
\BOOKMARK [3][-]{section*.22}{\376\377\000P\000r\000o\000p\000r\000i\000e\000t\000\340\000\040\000d\000e\000l\000\040\000p\000r\000o\000d\000o\000t\000t\000o\000\040\000v\000e\000t\000t\000o\000r\000i\000a\000l\000e}{subsection.3.3}% 27
\BOOKMARK [3][-]{section*.23}{\376\377\000I\000n\000t\000e\000r\000p\000r\000e\000t\000a\000z\000i\000o\000n\000e\000\040\000g\000e\000o\000m\000e\000t\000r\000i\000c\000a\000\040\000d\000e\000l\000\040\000p\000r\000o\000d\000o\000t\000t\000o\000\040\000v\000e\000t\000t\000o\000r\000i\000a\000l\000e}{subsection.3.3}% 28
\BOOKMARK [2][-]{subsection.3.4}{\376\377\000P\000r\000o\000d\000o\000t\000t\000o\000\040\000m\000i\000s\000t\000o}{section.3}% 29
\BOOKMARK [1][-]{section.4}{\376\377\000S\000p\000a\000z\000i\000\040\000V\000e\000t\000t\000o\000r\000i\000a\000l\000i}{}% 30
\BOOKMARK [2][-]{section*.24}{\376\377\000P\000r\000o\000p\000r\000i\000e\000t\000\340\000\040\000d\000e\000l\000l\000a\000\040\000s\000o\000m\000m\000a}{section.4}% 31
\BOOKMARK [3][-]{section*.25}{\376\377\000P\000r\000o\000p\000r\000i\000e\000t\000\340\000\040\000d\000e\000l\000\040\000p\000r\000o\000d\000o\000t\000t\000o}{section*.24}% 32
\BOOKMARK [2][-]{subsection.4.1}{\376\377\000S\000o\000t\000t\000o\000s\000p\000a\000z\000i\000\040\000v\000e\000t\000t\000o\000r\000i\000a\000l\000i}{section.4}% 33
\BOOKMARK [3][-]{section*.26}{\376\377\000+\000\040\000S\000o\000m\000m\000a\000\040\000d\000i\000\040\000d\000u\000e\000\040\000s\000o\000t\000t\000o\000s\000p\000a\000z\000i}{subsection.4.1}% 34
\BOOKMARK [3][-]{section*.28}{\376\377\000\040\000I\000n\000t\000e\000r\000s\000e\000z\000i\000o\000n\000e\000\040\000d\000i\000\040\000d\000u\000e\000\040\000s\000o\000t\000t\000o\000s\000p\000a\000z\000i}{subsection.4.1}% 35
\BOOKMARK [2][-]{subsection.4.2}{\376\377\000C\000o\000m\000b\000i\000n\000a\000z\000i\000o\000n\000e\000\040\000l\000i\000n\000e\000a\000r\000e}{section.4}% 36
\BOOKMARK [3][-]{section*.30}{\376\377\000T\000e\000o\000r\000e\000m\000a\000:\000\040\000s\000o\000m\000m\000a\000\040\000p\000i\000\371\000\040\000p\000i\000c\000c\000o\000l\000o\000\040\000s\000o\000t\000t\000o\000s\000p\000a\000z\000i\000o}{subsection.4.2}% 37
\BOOKMARK [2][-]{subsection.4.3}{\376\377\000I\000n\000d\000i\000p\000e\000n\000d\000e\000n\000z\000a\000\040\000l\000i\000n\000e\000a\000r\000e}{section.4}% 38
\BOOKMARK [2][-]{subsection.4.4}{\376\377\000B\000a\000s\000i}{section.4}% 39
\BOOKMARK [3][-]{section*.31}{\376\377\000T\000e\000o\000r\000e\000m\000a\000:\000\040\000u\000n\000i\000c\000i\000t\000\340\000\040\000d\000i\000\040\000s\000c\000r\000i\000t\000t\000u\000r\000a}{subsection.4.4}% 40
\BOOKMARK [3][-]{section*.32}{\376\377\000L\000e\000m\000m\000a\000\040\000d\000i\000\040\000S\000t\000e\000i\000n\000i\000t\000z}{subsection.4.4}% 41
\BOOKMARK [3][-]{section*.33}{\376\377\000F\000o\000r\000m\000u\000l\000a\000\040\000d\000i\000\040\000G\000r\000a\000s\000s\000m\000a\000n}{subsection.4.4}% 42
\BOOKMARK [2][-]{subsection.4.5}{\376\377\000C\000a\000m\000b\000i\000a\000m\000e\000n\000t\000o\000\040\000d\000i\000\040\000b\000a\000s\000e}{section.4}% 43
\BOOKMARK [3][-]{section*.34}{\376\377\000M\000e\000t\000o\000d\000o\000\040\000p\000e\000r\000\040\000t\000r\000o\000v\000a\000r\000e\000\040\000l\000a\000\040\000m\000a\000t\000r\000i\000c\000e\000\040\000d\000i\000\040\000c\000a\000m\000b\000i\000a\000m\000e\000n\000t\000o\000\040\000d\000i\000\040\000b\000a\000s\000e}{subsection.4.5}% 44
\BOOKMARK [2][-]{subsection.4.6}{\376\377\000B\000a\000s\000i\000\040\000o\000r\000t\000o\000n\000o\000r\000m\000a\000l\000i}{section.4}% 45
\BOOKMARK [3][-]{section*.35}{\376\377\000A\000l\000g\000o\000r\000i\000t\000m\000o\000\040\000d\000i\000\040\000o\000r\000t\000o\000g\000o\000n\000a\000l\000i\000z\000z\000a\000z\000i\000o\000n\000e\000\040\000d\000i\000\040\000G\000r\000a\000m\000-\000S\000c\000h\000m\000i\000d\000t\000\040}{subsection.4.6}% 46
\BOOKMARK [2][-]{subsection.4.7}{\376\377\000S\000p\000a\000z\000i\000o\000\040\000d\000e\000l\000l\000e\000\040\000r\000i\000g\000h\000e\000,\000\040\000d\000e\000l\000l\000e\000\040\000c\000o\000l\000o\000n\000n\000e\000,\000\040\000N\000u\000l\000l\000s\000p\000a\000c\000e}{section.4}% 47
\BOOKMARK [3][-]{section*.37}{\376\377\000T\000e\000o\000r\000e\000m\000a\000\040\000d\000e\000l\000\040\000r\000a\000n\000g\000o}{subsection.4.7}% 48
\BOOKMARK [3][-]{section*.38}{\376\377\000T\000e\000o\000r\000e\000m\000a\000\040\000d\000i\000\040\000n\000u\000l\000l\000i\000t\000\340\000\040\000+\000\040\000r\000a\000n\000g\000o}{subsection.4.7}% 49
\BOOKMARK [2][-]{subsection.4.8}{\376\377\000R\000a\000n\000k}{section.4}% 50
\BOOKMARK [1][-]{section.5}{\376\377\000A\000p\000p\000l\000i\000c\000a\000z\000i\000o\000n\000i\000\040\000L\000i\000n\000e\000a\000r\000i}{}% 51
\BOOKMARK [2][-]{section*.39}{\376\377\000T\000e\000o\000r\000e\000m\000a\000\040\000f\000o\000n\000d\000a\000m\000e\000n\000t\000a\000l\000e\000\040\000d\000e\000l\000l\000e\000\040\000a\000p\000p\000l\000i\000c\000a\000z\000i\000o\000n\000i\000\040\000l\000i\000n\000e\000a\000r\000i}{section.5}% 52
\BOOKMARK [2][-]{subsection.5.1}{\376\377\000A\000p\000p\000l\000i\000c\000a\000z\000i\000o\000n\000i\000\040\000l\000i\000n\000e\000a\000r\000i\000\040\000i\000n\000\040\000c\000o\000m\000p\000o\000n\000e\000n\000t\000i}{section.5}% 53
\BOOKMARK [2][-]{subsection.5.2}{\376\377\000S\000u\000r\000i\000e\000t\000t\000i\000v\000i\000t\000\340\000\040\000e\000\040\000I\000n\000i\000e\000t\000t\000i\000v\000i\000t\000\340}{section.5}% 54
\BOOKMARK [3][-]{section*.40}{\376\377\000T\000e\000o\000r\000e\000m\000a\000:\000\040\000S\000u\000r\000i\000e\000t\000t\000i\000v\000i\000\340}{subsection.5.2}% 55
\BOOKMARK [3][-]{section*.41}{\376\377\000T\000e\000o\000r\000e\000m\000a\000:\000\040\000I\000n\000i\000e\000t\000t\000i\000v\000i\000t\000\340}{subsection.5.2}% 56
\BOOKMARK [3][-]{section*.42}{\376\377\000I\000s\000o\000m\000o\000r\000f\000i\000s\000m\000o\000\040\000e\000\040\000a\000u\000t\000o\000m\000o\000r\000f\000i\000s\000m\000o}{subsection.5.2}% 57
\BOOKMARK [2][-]{subsection.5.3}{\376\377\000C\000o\000n\000t\000r\000o\000i\000m\000m\000a\000g\000i\000n\000e}{section.5}% 58
\BOOKMARK [3][-]{section*.43}{\376\377\000T\000e\000o\000r\000e\000m\000a\000:\000\040\000f\000-\0001\000\040\000\350\000\040\000s\000o\000t\000t\000o\000s\000p\000a\000z\000i\000o}{subsection.5.3}% 59
\BOOKMARK [3][-]{section*.44}{\376\377\000N\000u\000c\000l\000e\000o}{subsection.5.3}% 60
\BOOKMARK [1][-]{section.6}{\376\377\000A\000u\000t\000o\000v\000e\000t\000t\000o\000r\000i\000,\000\040\000a\000u\000t\000o\000v\000a\000l\000o\000r\000i}{}% 61
\BOOKMARK [2][-]{subsection.6.1}{\376\377\000A\000u\000t\000o\000v\000e\000t\000t\000o\000r\000i\000\040\000e\000\040\000a\000u\000t\000o\000v\000a\000l\000o\000r\000i}{section.6}% 62
\BOOKMARK [1][-]{section.7}{\376\377\000I\000s\000o\000m\000e\000t\000r\000i\000e}{}% 63
\BOOKMARK [2][-]{section*.48}{\376\377\000P\000r\000o\000p\000r\000i\000e\000t\000\340\000\040\000d\000e\000l\000l\000e\000\040\000i\000s\000o\000m\000e\000t\000r\000i\000e}{section.7}% 64
\BOOKMARK [3][-]{section*.49}{\376\377\000B\000a\000s\000i\000\040\000d\000e\000s\000t\000r\000o\000r\000s\000e}{section*.48}% 65
\BOOKMARK [2][-]{subsection.7.1}{\376\377\000I\000s\000o\000m\000e\000t\000r\000i\000e\000\040\000i\000n\000\040\000V\0002}{section.7}% 66
\BOOKMARK [2][-]{subsection.7.2}{\376\377\000I\000s\000o\000m\000e\000t\000r\000i\000e\000\040\000i\000n\000\040\000V\0003}{section.7}% 67
\BOOKMARK [3][-]{section*.50}{\376\377\000T\000e\000o\000r\000e\000m\000a\000\040\000d\000i\000\040\000E\000u\000l\000e\000r\000o}{subsection.7.2}% 68
\BOOKMARK [1][-]{section.8}{\376\377\000D\000i\000a\000g\000o\000n\000a\000l\000i\000z\000z\000a\000z\000i\000o\000n\000e}{}% 69
\BOOKMARK [2][-]{subsection.8.1}{\376\377\000C\000r\000i\000t\000e\000r\000i\000\040\000d\000i\000\040\000d\000i\000a\000g\000o\000n\000a\000l\000i\000z\000z\000a\000b\000i\000l\000i\000t\000\340}{section.8}% 70
\BOOKMARK [2][-]{subsection.8.2}{\376\377\000E\000n\000d\000o\000m\000o\000r\000f\000i\000s\000m\000i\000\040\000a\000u\000t\000o\000a\000g\000g\000i\000u\000n\000t\000i}{section.8}% 71
\BOOKMARK [3][-]{section*.51}{\376\377\000T\000e\000o\000r\000e\000m\000a\000\040\000s\000p\000e\000t\000t\000r\000a\000l\000e}{subsection.8.2}% 72
\BOOKMARK [1][-]{section.9}{\376\377\000F\000o\000r\000m\000e\000\040\000b\000i\000l\000i\000n\000e\000a\000r\000i}{}% 73
\BOOKMARK [2][-]{subsection.9.1}{\376\377\000M\000a\000t\000r\000i\000c\000e\000\040\000a\000s\000s\000o\000c\000i\000a\000t\000a\000\040\000a\000l\000l\000a\000\040\000F\000B\000S}{section.9}% 74
\BOOKMARK [3][-]{section*.53}{\376\377\000M\000a\000t\000r\000i\000c\000i\000\040\000c\000o\000n\000g\000r\000u\000e\000n\000t\000i}{subsection.9.1}% 75
\BOOKMARK [2][-]{subsection.9.2}{\376\377\000F\000o\000r\000m\000a\000\040\000q\000u\000a\000d\000r\000a\000t\000i\000c\000a}{section.9}% 76
\BOOKMARK [2][-]{subsection.9.3}{\376\377\000-\000o\000r\000t\000o\000g\000o\000n\000a\000l\000i\000t\000\340}{section.9}% 77
\BOOKMARK [3][-]{section*.55}{\376\377\000C\000l\000a\000s\000s\000i\000f\000i\000c\000a\000z\000i\000o\000n\000e\000\040\000f\000o\000r\000m\000a\000\040\000q\000u\000a\000d\000r\000a\000t\000i\000c\000a}{subsection.9.3}% 78
\BOOKMARK [2][-]{subsection.9.4}{\376\377\000C\000a\000u\000c\000h\000y\000-\000S\000c\000h\000w\000a\000r\000z\000\040\000e\000\040\000M\000i\000n\000k\000o\000w\000s\000k\000i}{section.9}% 79
\BOOKMARK [3][-]{section*.56}{\376\377\000D\000i\000s\000u\000g\000u\000a\000g\000l\000i\000a\000n\000z\000a\000\040\000d\000i\000\040\000C\000a\000u\000c\000h\000y\000-\000S\000c\000h\000w\000a\000r\000z}{subsection.9.4}% 80
\BOOKMARK [3][-]{section*.57}{\376\377\000D\000i\000s\000u\000g\000u\000a\000g\000l\000i\000a\000n\000z\000a\000\040\000d\000i\000\040\000M\000i\000n\000k\000o\000w\000s\000k\000y}{subsection.9.4}% 81
\BOOKMARK [2][-]{subsection.9.5}{\376\377\000T\000e\000o\000r\000e\000m\000a\000\040\000d\000i\000\040\000e\000s\000i\000s\000t\000e\000n\000z\000a\000\040\000d\000i\000\040\000u\000n\000a\000\040\000f\000o\000r\000m\000a\000\040\000c\000a\000n\000o\000n\000i\000c\000a}{section.9}% 82
\BOOKMARK [2][-]{subsection.9.6}{\376\377\000F\000o\000r\000m\000a\000\040\000n\000o\000r\000m\000a\000l\000e}{section.9}% 83
\BOOKMARK [3][-]{section*.58}{\376\377\000T\000e\000o\000r\000e\000m\000a\000\040\000d\000i\000\040\000e\000s\000i\000s\000t\000e\000n\000z\000a\000\040\000d\000i\000\040\000u\000n\000a\000\040\000f\000o\000r\000m\000a\000\040\000n\000o\000r\000m\000a\000l\000e}{subsection.9.6}% 84
\BOOKMARK [3][-]{section*.59}{\376\377\000T\000e\000o\000r\000e\000m\000a\000\040\000d\000i\000\040\000S\000y\000l\000v\000e\000s\000t\000e\000r}{subsection.9.6}% 85
