This is pdfTeX, Version 3.141592653-2.6-1.40.25 (TeX Live 2023/Arch Linux) (preloaded format=pdflatex 2024.2.21)  21 FEB 2024 14:15
entering extended mode
 restricted \write18 enabled.
 file:line:error style messages enabled.
 %&-line parsing enabled.
**gal.tex
(./gal.tex
LaTeX2e <2022-11-01> patch level 1
L3 programming layer <2023-02-22> (/usr/share/texmf-dist/tex/latex/base/article.cls
Document Class: article 2022/07/02 v1.4n Standard LaTeX document class
(/usr/share/texmf-dist/tex/latex/base/size10.clo
File: size10.clo 2022/07/02 v1.4n Standard LaTeX file (size option)
)
\c@part=\count185
\c@section=\count186
\c@subsection=\count187
\c@subsubsection=\count188
\c@paragraph=\count189
\c@subparagraph=\count190
\c@figure=\count191
\c@table=\count192
\abovecaptionskip=\skip48
\belowcaptionskip=\skip49
\bibindent=\dimen140
) (/usr/share/texmf-dist/tex/latex/pgf/frontendlayer/tikz.sty (/usr/share/texmf-dist/tex/latex/pgf/basiclayer/pgf.sty (/usr/share/texmf-dist/tex/latex/pgf/utilities/pgfrcs.sty (/usr/share/texmf-dist/tex/generic/pgf/utilities/pgfutil-common.tex
\pgfutil@everybye=\toks16
\pgfutil@tempdima=\dimen141
\pgfutil@tempdimb=\dimen142
) (/usr/share/texmf-dist/tex/generic/pgf/utilities/pgfutil-latex.def
\pgfutil@abb=\box51
) (/usr/share/texmf-dist/tex/generic/pgf/utilities/pgfrcs.code.tex (/usr/share/texmf-dist/tex/generic/pgf/pgf.revision.tex)
Package: pgfrcs 2023-01-15 v3.1.10 (3.1.10)
))
Package: pgf 2023-01-15 v3.1.10 (3.1.10)
 (/usr/share/texmf-dist/tex/latex/pgf/basiclayer/pgfcore.sty (/usr/share/texmf-dist/tex/latex/graphics/graphicx.sty
Package: graphicx 2021/09/16 v1.2d Enhanced LaTeX Graphics (DPC,SPQR)
 (/usr/share/texmf-dist/tex/latex/graphics/keyval.sty
Package: keyval 2022/05/29 v1.15 key=value parser (DPC)
\KV@toks@=\toks17
) (/usr/share/texmf-dist/tex/latex/graphics/graphics.sty
Package: graphics 2022/03/10 v1.4e Standard LaTeX Graphics (DPC,SPQR)
 (/usr/share/texmf-dist/tex/latex/graphics/trig.sty
Package: trig 2021/08/11 v1.11 sin cos tan (DPC)
) (/usr/share/texmf-dist/tex/latex/graphics-cfg/graphics.cfg
File: graphics.cfg 2016/06/04 v1.11 sample graphics configuration
)
Package graphics Info: Driver file: pdftex.def on input line 107.
 (/usr/share/texmf-dist/tex/latex/graphics-def/pdftex.def
File: pdftex.def 2022/09/22 v1.2b Graphics/color driver for pdftex
))
\Gin@req@height=\dimen143
\Gin@req@width=\dimen144
) (/usr/share/texmf-dist/tex/latex/pgf/systemlayer/pgfsys.sty (/usr/share/texmf-dist/tex/generic/pgf/systemlayer/pgfsys.code.tex
Package: pgfsys 2023-01-15 v3.1.10 (3.1.10)
 (/usr/share/texmf-dist/tex/generic/pgf/utilities/pgfkeys.code.tex
\pgfkeys@pathtoks=\toks18
\pgfkeys@temptoks=\toks19
 (/usr/share/texmf-dist/tex/generic/pgf/utilities/pgfkeyslibraryfiltered.code.tex
\pgfkeys@tmptoks=\toks20
))
\pgf@x=\dimen145
\pgf@y=\dimen146
\pgf@xa=\dimen147
\pgf@ya=\dimen148
\pgf@xb=\dimen149
\pgf@yb=\dimen150
\pgf@xc=\dimen151
\pgf@yc=\dimen152
\pgf@xd=\dimen153
\pgf@yd=\dimen154
\w@pgf@writea=\write3
\r@pgf@reada=\read2
\c@pgf@counta=\count193
\c@pgf@countb=\count194
\c@pgf@countc=\count195
\c@pgf@countd=\count196
\t@pgf@toka=\toks21
\t@pgf@tokb=\toks22
\t@pgf@tokc=\toks23
\pgf@sys@id@count=\count197
 (/usr/share/texmf-dist/tex/generic/pgf/systemlayer/pgf.cfg
File: pgf.cfg 2023-01-15 v3.1.10 (3.1.10)
)
Driver file for pgf: pgfsys-pdftex.def
 (/usr/share/texmf-dist/tex/generic/pgf/systemlayer/pgfsys-pdftex.def
File: pgfsys-pdftex.def 2023-01-15 v3.1.10 (3.1.10)
 (/usr/share/texmf-dist/tex/generic/pgf/systemlayer/pgfsys-common-pdf.def
File: pgfsys-common-pdf.def 2023-01-15 v3.1.10 (3.1.10)
))) (/usr/share/texmf-dist/tex/generic/pgf/systemlayer/pgfsyssoftpath.code.tex
File: pgfsyssoftpath.code.tex 2023-01-15 v3.1.10 (3.1.10)
\pgfsyssoftpath@smallbuffer@items=\count198
\pgfsyssoftpath@bigbuffer@items=\count199
) (/usr/share/texmf-dist/tex/generic/pgf/systemlayer/pgfsysprotocol.code.tex
File: pgfsysprotocol.code.tex 2023-01-15 v3.1.10 (3.1.10)
)) (/usr/share/texmf-dist/tex/latex/xcolor/xcolor.sty
Package: xcolor 2022/06/12 v2.14 LaTeX color extensions (UK)
 (/usr/share/texmf-dist/tex/latex/graphics-cfg/color.cfg
File: color.cfg 2016/01/02 v1.6 sample color configuration
)
Package xcolor Info: Driver file: pdftex.def on input line 227.
 (/usr/share/texmf-dist/tex/latex/graphics/mathcolor.ltx)
Package xcolor Info: Model `cmy' substituted by `cmy0' on input line 1353.
Package xcolor Info: Model `hsb' substituted by `rgb' on input line 1357.
Package xcolor Info: Model `RGB' extended on input line 1369.
Package xcolor Info: Model `HTML' substituted by `rgb' on input line 1371.
Package xcolor Info: Model `Hsb' substituted by `hsb' on input line 1372.
Package xcolor Info: Model `tHsb' substituted by `hsb' on input line 1373.
Package xcolor Info: Model `HSB' substituted by `hsb' on input line 1374.
Package xcolor Info: Model `Gray' substituted by `gray' on input line 1375.
Package xcolor Info: Model `wave' substituted by `hsb' on input line 1376.
 (/usr/share/texmf-dist/tex/latex/xcolor/x11nam.def
File: x11nam.def 2022/06/12 v2.14 Predefined colors according to Unix/X11 (UK)
)) (/usr/share/texmf-dist/tex/generic/pgf/basiclayer/pgfcore.code.tex
Package: pgfcore 2023-01-15 v3.1.10 (3.1.10)
 (/usr/share/texmf-dist/tex/generic/pgf/math/pgfmath.code.tex (/usr/share/texmf-dist/tex/generic/pgf/math/pgfmathutil.code.tex) (/usr/share/texmf-dist/tex/generic/pgf/math/pgfmathparser.code.tex
\pgfmath@dimen=\dimen155
\pgfmath@count=\count266
\pgfmath@box=\box52
\pgfmath@toks=\toks24
\pgfmath@stack@operand=\toks25
\pgfmath@stack@operation=\toks26
)
(/usr/share/texmf-dist/tex/generic/pgf/math/pgfmathfunctions.code.tex) (/usr/share/texmf-dist/tex/generic/pgf/math/pgfmathfunctions.basic.code.tex) (/usr/share/texmf-dist/tex/generic/pgf/math/pgfmathfunctions.trigonometric.code.tex) (/usr/share/texmf-dist/tex/generic/pgf/math/pgfmathfunctions.random.code.tex) (/usr/share/texmf-dist/tex/generic/pgf/math/pgfmathfunctions.comparison.code.tex) (/usr/share/texmf-dist/tex/generic/pgf/math/pgfmathfunctions.base.code.tex) (/usr/share/texmf-dist/tex/generic/pgf/math/pgfmathfunctions.round.code.tex) (/usr/share/texmf-dist/tex/generic/pgf/math/pgfmathfunctions.misc.code.tex) (/usr/share/texmf-dist/tex/generic/pgf/math/pgfmathfunctions.integerarithmetics.code.tex) (/usr/share/texmf-dist/tex/generic/pgf/math/pgfmathcalc.code.tex) (/usr/share/texmf-dist/tex/generic/pgf/math/pgfmathfloat.code.tex
\c@pgfmathroundto@lastzeros=\count267
)) (/usr/share/texmf-dist/tex/generic/pgf/math/pgfint.code.tex) (/usr/share/texmf-dist/tex/generic/pgf/basiclayer/pgfcorepoints.code.tex
File: pgfcorepoints.code.tex 2023-01-15 v3.1.10 (3.1.10)
\pgf@picminx=\dimen156
\pgf@picmaxx=\dimen157
\pgf@picminy=\dimen158
\pgf@picmaxy=\dimen159
\pgf@pathminx=\dimen160
\pgf@pathmaxx=\dimen161
\pgf@pathminy=\dimen162
\pgf@pathmaxy=\dimen163
\pgf@xx=\dimen164
\pgf@xy=\dimen165
\pgf@yx=\dimen166
\pgf@yy=\dimen167
\pgf@zx=\dimen168
\pgf@zy=\dimen169
) (/usr/share/texmf-dist/tex/generic/pgf/basiclayer/pgfcorepathconstruct.code.tex
File: pgfcorepathconstruct.code.tex 2023-01-15 v3.1.10 (3.1.10)
\pgf@path@lastx=\dimen170
\pgf@path@lasty=\dimen171
) (/usr/share/texmf-dist/tex/generic/pgf/basiclayer/pgfcorepathusage.code.tex
File: pgfcorepathusage.code.tex 2023-01-15 v3.1.10 (3.1.10)
\pgf@shorten@end@additional=\dimen172
\pgf@shorten@start@additional=\dimen173
) (/usr/share/texmf-dist/tex/generic/pgf/basiclayer/pgfcorescopes.code.tex
File: pgfcorescopes.code.tex 2023-01-15 v3.1.10 (3.1.10)
\pgfpic=\box53
\pgf@hbox=\box54
\pgf@layerbox@main=\box55
\pgf@picture@serial@count=\count268
) (/usr/share/texmf-dist/tex/generic/pgf/basiclayer/pgfcoregraphicstate.code.tex
File: pgfcoregraphicstate.code.tex 2023-01-15 v3.1.10 (3.1.10)
\pgflinewidth=\dimen174
) (/usr/share/texmf-dist/tex/generic/pgf/basiclayer/pgfcoretransformations.code.tex
File: pgfcoretransformations.code.tex 2023-01-15 v3.1.10 (3.1.10)
\pgf@pt@x=\dimen175
\pgf@pt@y=\dimen176
\pgf@pt@temp=\dimen177
) (/usr/share/texmf-dist/tex/generic/pgf/basiclayer/pgfcorequick.code.tex
File: pgfcorequick.code.tex 2023-01-15 v3.1.10 (3.1.10)
) (/usr/share/texmf-dist/tex/generic/pgf/basiclayer/pgfcoreobjects.code.tex
File: pgfcoreobjects.code.tex 2023-01-15 v3.1.10 (3.1.10)
) (/usr/share/texmf-dist/tex/generic/pgf/basiclayer/pgfcorepathprocessing.code.tex
File: pgfcorepathprocessing.code.tex 2023-01-15 v3.1.10 (3.1.10)
) (/usr/share/texmf-dist/tex/generic/pgf/basiclayer/pgfcorearrows.code.tex
File: pgfcorearrows.code.tex 2023-01-15 v3.1.10 (3.1.10)
\pgfarrowsep=\dimen178
) (/usr/share/texmf-dist/tex/generic/pgf/basiclayer/pgfcoreshade.code.tex
File: pgfcoreshade.code.tex 2023-01-15 v3.1.10 (3.1.10)
\pgf@max=\dimen179
\pgf@sys@shading@range@num=\count269
\pgf@shadingcount=\count270
) (/usr/share/texmf-dist/tex/generic/pgf/basiclayer/pgfcoreimage.code.tex
File: pgfcoreimage.code.tex 2023-01-15 v3.1.10 (3.1.10)
) (/usr/share/texmf-dist/tex/generic/pgf/basiclayer/pgfcoreexternal.code.tex
File: pgfcoreexternal.code.tex 2023-01-15 v3.1.10 (3.1.10)
\pgfexternal@startupbox=\box56
) (/usr/share/texmf-dist/tex/generic/pgf/basiclayer/pgfcorelayers.code.tex
File: pgfcorelayers.code.tex 2023-01-15 v3.1.10 (3.1.10)
)
(/usr/share/texmf-dist/tex/generic/pgf/basiclayer/pgfcoretransparency.code.tex
File: pgfcoretransparency.code.tex 2023-01-15 v3.1.10 (3.1.10)
) (/usr/share/texmf-dist/tex/generic/pgf/basiclayer/pgfcorepatterns.code.tex
File: pgfcorepatterns.code.tex 2023-01-15 v3.1.10 (3.1.10)
) (/usr/share/texmf-dist/tex/generic/pgf/basiclayer/pgfcorerdf.code.tex
File: pgfcorerdf.code.tex 2023-01-15 v3.1.10 (3.1.10)
))) (/usr/share/texmf-dist/tex/generic/pgf/modules/pgfmoduleshapes.code.tex
File: pgfmoduleshapes.code.tex 2023-01-15 v3.1.10 (3.1.10)
\pgfnodeparttextbox=\box57
) (/usr/share/texmf-dist/tex/generic/pgf/modules/pgfmoduleplot.code.tex
File: pgfmoduleplot.code.tex 2023-01-15 v3.1.10 (3.1.10)
) (/usr/share/texmf-dist/tex/latex/pgf/compatibility/pgfcomp-version-0-65.sty
Package: pgfcomp-version-0-65 2023-01-15 v3.1.10 (3.1.10)
\pgf@nodesepstart=\dimen180
\pgf@nodesepend=\dimen181
) (/usr/share/texmf-dist/tex/latex/pgf/compatibility/pgfcomp-version-1-18.sty
Package: pgfcomp-version-1-18 2023-01-15 v3.1.10 (3.1.10)
)) (/usr/share/texmf-dist/tex/latex/pgf/utilities/pgffor.sty (/usr/share/texmf-dist/tex/latex/pgf/utilities/pgfkeys.sty (/usr/share/texmf-dist/tex/generic/pgf/utilities/pgfkeys.code.tex)) (/usr/share/texmf-dist/tex/latex/pgf/math/pgfmath.sty (/usr/share/texmf-dist/tex/generic/pgf/math/pgfmath.code.tex)) (/usr/share/texmf-dist/tex/generic/pgf/utilities/pgffor.code.tex
Package: pgffor 2023-01-15 v3.1.10 (3.1.10)
\pgffor@iter=\dimen182
\pgffor@skip=\dimen183
\pgffor@stack=\toks27
\pgffor@toks=\toks28
)) (/usr/share/texmf-dist/tex/generic/pgf/frontendlayer/tikz/tikz.code.tex
Package: tikz 2023-01-15 v3.1.10 (3.1.10)
 (/usr/share/texmf-dist/tex/generic/pgf/libraries/pgflibraryplothandlers.code.tex
File: pgflibraryplothandlers.code.tex 2023-01-15 v3.1.10 (3.1.10)
\pgf@plot@mark@count=\count271
\pgfplotmarksize=\dimen184
)
\tikz@lastx=\dimen185
\tikz@lasty=\dimen186
\tikz@lastxsaved=\dimen187
\tikz@lastysaved=\dimen188
\tikz@lastmovetox=\dimen189
\tikz@lastmovetoy=\dimen190
\tikzleveldistance=\dimen191
\tikzsiblingdistance=\dimen192
\tikz@figbox=\box58
\tikz@figbox@bg=\box59
\tikz@tempbox=\box60
\tikz@tempbox@bg=\box61
\tikztreelevel=\count272
\tikznumberofchildren=\count273
\tikznumberofcurrentchild=\count274
\tikz@fig@count=\count275
 (/usr/share/texmf-dist/tex/generic/pgf/modules/pgfmodulematrix.code.tex
File: pgfmodulematrix.code.tex 2023-01-15 v3.1.10 (3.1.10)
\pgfmatrixcurrentrow=\count276
\pgfmatrixcurrentcolumn=\count277
\pgf@matrix@numberofcolumns=\count278
)
\tikz@expandcount=\count279
 (/usr/share/texmf-dist/tex/generic/pgf/frontendlayer/tikz/libraries/tikzlibrarytopaths.code.tex
File: tikzlibrarytopaths.code.tex 2023-01-15 v3.1.10 (3.1.10)
))) (/usr/share/texmf-dist/tex/latex/pgfplots/pgfplots.sty (/usr/share/texmf-dist/tex/generic/pgfplots/pgfplots.revision.tex)
Package: pgfplots 2021/05/15 v1.18.1 Data Visualization (1.18.1)
 (/usr/share/texmf-dist/tex/generic/pgfplots/pgfplots.code.tex (/usr/share/texmf-dist/tex/generic/pgfplots/pgfplotscore.code.tex
\t@pgfplots@toka=\toks29
\t@pgfplots@tokb=\toks30
\t@pgfplots@tokc=\toks31
\pgfplots@tmpa=\dimen193
\c@pgfplots@coordindex=\count280
\c@pgfplots@scanlineindex=\count281
 (/usr/share/texmf-dist/tex/generic/pgfplots/sys/pgfplotssysgeneric.code.tex)) (/usr/share/texmf-dist/tex/generic/pgfplots/libs/pgfplotslibrary.code.tex) (/usr/share/texmf-dist/tex/generic/pgfplots/oldpgfcompatib/pgfplotsoldpgfsupp_loader.code.tex (/usr/share/texmf-dist/tex/generic/pgf/libraries/pgflibraryfpu.code.tex)
Package pgfplots: loading complementary utilities for your pgf version...
\t@pgf@toka=\toks32
\t@pgf@tokb=\toks33
\t@pgf@tokc=\toks34
(/usr/share/texmf-dist/tex/generic/pgfplots/oldpgfcompatib/pgfplotsoldpgfsupp_pgfutil-common-lists.tex)) (/usr/share/texmf-dist/tex/generic/pgfplots/util/pgfplotsutil.code.tex (/usr/share/texmf-dist/tex/generic/pgfplots/liststructure/pgfplotsliststructure.code.tex) (/usr/share/texmf-dist/tex/generic/pgfplots/liststructure/pgfplotsliststructureext.code.tex) (/usr/share/texmf-dist/tex/generic/pgfplots/liststructure/pgfplotsarray.code.tex
\c@pgfplotsarray@tmp=\count282
) (/usr/share/texmf-dist/tex/generic/pgfplots/liststructure/pgfplotsmatrix.code.tex) (/usr/share/texmf-dist/tex/generic/pgfplots/numtable/pgfplotstableshared.code.tex
\c@pgfplotstable@counta=\count283
\t@pgfplotstable@a=\toks35
) (/usr/share/texmf-dist/tex/generic/pgfplots/liststructure/pgfplotsdeque.code.tex) (/usr/share/texmf-dist/tex/generic/pgfplots/util/pgfplotsbinary.code.tex (/usr/share/texmf-dist/tex/generic/pgfplots/util/pgfplotsbinary.data.code.tex)) (/usr/share/texmf-dist/tex/generic/pgfplots/util/pgfplotsutil.verb.code.tex) (/usr/share/texmf-dist/tex/generic/pgfplots/libs/pgflibrarypgfplots.surfshading.code.tex
\c@pgfplotslibrarysurf@no=\count284
 (/usr/share/texmf-dist/tex/generic/pgfplots/sys/pgflibrarypgfplots.surfshading.pgfsys-pdftex.def))) (/usr/share/texmf-dist/tex/generic/pgfplots/util/pgfplotscolormap.code.tex (/usr/share/texmf-dist/tex/generic/pgfplots/util/pgfplotscolor.code.tex)) (/usr/share/texmf-dist/tex/generic/pgfplots/pgfplotsstackedplots.code.tex) (/usr/share/texmf-dist/tex/generic/pgfplots/pgfplotsplothandlers.code.tex (/usr/share/texmf-dist/tex/generic/pgfplots/pgfplotsmeshplothandler.code.tex (/usr/share/texmf-dist/tex/generic/pgfplots/pgfplotsmeshplotimage.code.tex))) (/usr/share/texmf-dist/tex/generic/pgfplots/pgfplots.scaling.code.tex) (/usr/share/texmf-dist/tex/generic/pgfplots/pgfplotscoordprocessing.code.tex) (/usr/share/texmf-dist/tex/generic/pgfplots/pgfplots.errorbars.code.tex) (/usr/share/texmf-dist/tex/generic/pgfplots/pgfplots.markers.code.tex) (/usr/share/texmf-dist/tex/generic/pgfplots/pgfplotsticks.code.tex) (/usr/share/texmf-dist/tex/generic/pgfplots/pgfplots.paths.code.tex)
(/usr/share/texmf-dist/tex/generic/pgf/frontendlayer/tikz/libraries/tikzlibrarydecorations.code.tex (/usr/share/texmf-dist/tex/generic/pgf/modules/pgfmoduledecorations.code.tex
\pgfdecoratedcompleteddistance=\dimen194
\pgfdecoratedremainingdistance=\dimen195
\pgfdecoratedinputsegmentcompleteddistance=\dimen196
\pgfdecoratedinputsegmentremainingdistance=\dimen197
\pgf@decorate@distancetomove=\dimen198
\pgf@decorate@repeatstate=\count285
\pgfdecorationsegmentamplitude=\dimen199
\pgfdecorationsegmentlength=\dimen256
)
\tikz@lib@dec@box=\box62
) (/usr/share/texmf-dist/tex/generic/pgf/frontendlayer/tikz/libraries/tikzlibrarydecorations.pathmorphing.code.tex (/usr/share/texmf-dist/tex/generic/pgf/libraries/decorations/pgflibrarydecorations.pathmorphing.code.tex)) (/usr/share/texmf-dist/tex/generic/pgf/frontendlayer/tikz/libraries/tikzlibrarydecorations.pathreplacing.code.tex (/usr/share/texmf-dist/tex/generic/pgf/libraries/decorations/pgflibrarydecorations.pathreplacing.code.tex)) (/usr/share/texmf-dist/tex/generic/pgfplots/libs/tikzlibrarypgfplots.contourlua.code.tex)
\pgfplots@numplots=\count286
\pgfplots@xmin@reg=\dimen257
\pgfplots@xmax@reg=\dimen258
\pgfplots@ymin@reg=\dimen259
\pgfplots@ymax@reg=\dimen260
\pgfplots@zmin@reg=\dimen261
\pgfplots@zmax@reg=\dimen262
) (/usr/share/texmf-dist/tex/generic/pgf/frontendlayer/tikz/libraries/tikzlibraryplotmarks.code.tex
File: tikzlibraryplotmarks.code.tex 2023-01-15 v3.1.10 (3.1.10)
 (/usr/share/texmf-dist/tex/generic/pgf/libraries/pgflibraryplotmarks.code.tex
File: pgflibraryplotmarks.code.tex 2023-01-15 v3.1.10 (3.1.10)
))) (/usr/share/texmf-dist/tex/latex/svg/svg.sty
Package: svg 2020/11/26 v2.02k (include SVG pictures)
 (/usr/share/texmf-dist/tex/generic/iftex/iftex.sty
Package: iftex 2022/02/03 v1.0f TeX engine tests
) (/usr/share/texmf-dist/tex/latex/koma-script/scrbase.sty
Package: scrbase 2022/10/12 v3.38 KOMA-Script package (KOMA-Script-independent basics and keyval usage)
 (/usr/share/texmf-dist/tex/latex/koma-script/scrlfile.sty
Package: scrlfile 2022/10/12 v3.38 KOMA-Script package (file load hooks)
 (/usr/share/texmf-dist/tex/latex/koma-script/scrlfile-hook.sty
Package: scrlfile-hook 2022/10/12 v3.38 KOMA-Script package (using LaTeX hooks)
 (/usr/share/texmf-dist/tex/latex/koma-script/scrlogo.sty
Package: scrlogo 2022/10/12 v3.38 KOMA-Script package (logo)
)))
Applying: [2021/05/01] Usage of raw or classic option list on input line 252.
Already applied: [0000/00/00] Usage of raw or classic option list on input line 368.
) (/usr/share/texmf-dist/tex/generic/pdftexcmds/pdftexcmds.sty
Package: pdftexcmds 2020-06-27 v0.33 Utility functions of pdfTeX for LuaTeX (HO)
 (/usr/share/texmf-dist/tex/generic/infwarerr/infwarerr.sty
Package: infwarerr 2019/12/03 v1.5 Providing info/warning/error messages (HO)
) (/usr/share/texmf-dist/tex/generic/ltxcmds/ltxcmds.sty
Package: ltxcmds 2020-05-10 v1.25 LaTeX kernel commands for general use (HO)
)
Package pdftexcmds Info: \pdf@primitive is available.
Package pdftexcmds Info: \pdf@ifprimitive is available.
Package pdftexcmds Info: \pdfdraftmode found.
) (/usr/share/texmf-dist/tex/latex/trimspaces/trimspaces.sty
Package: trimspaces 2009/09/17 v1.1 Trim spaces around a token list
) (/usr/share/texmf-dist/tex/latex/tools/shellesc.sty
Package: shellesc 2019/11/08 v1.0c unified shell escape interface for LaTeX
Package shellesc Info: Restricted shell escape enabled on input line 77.
)
\c@svg@param@lastpage=\count287
\svg@box=\box63
\c@svg@param@currpage=\count288
) (/usr/share/texmf-dist/tex/latex/transparent/transparent.sty
Package: transparent 2022-10-27 v1.5 Transparency with color stacks
 (/usr/share/texmf-dist/tex/latex/transparent/transparent-nometadata.sty
Package: transparent-nometadata 2022-10-27 v1.5 Transparency via pdfTeX's color stack (HO)
 (/usr/share/texmf-dist/tex/latex/auxhook/auxhook.sty
Package: auxhook 2019-12-17 v1.6 Hooks for auxiliary files (HO)
))) (/usr/share/texmf-dist/tex/latex/amsmath/amsmath.sty
Package: amsmath 2022/04/08 v2.17n AMS math features
\@mathmargin=\skip50

For additional information on amsmath, use the `?' option.
(/usr/share/texmf-dist/tex/latex/amsmath/amstext.sty
Package: amstext 2021/08/26 v2.01 AMS text
 (/usr/share/texmf-dist/tex/latex/amsmath/amsgen.sty
File: amsgen.sty 1999/11/30 v2.0 generic functions
\@emptytoks=\toks36
\ex@=\dimen263
)) (/usr/share/texmf-dist/tex/latex/amsmath/amsbsy.sty
Package: amsbsy 1999/11/29 v1.2d Bold Symbols
\pmbraise@=\dimen264
) (/usr/share/texmf-dist/tex/latex/amsmath/amsopn.sty
Package: amsopn 2022/04/08 v2.04 operator names
)
\inf@bad=\count289
LaTeX Info: Redefining \frac on input line 234.
\uproot@=\count290
\leftroot@=\count291
LaTeX Info: Redefining \overline on input line 399.
LaTeX Info: Redefining \colon on input line 410.
\classnum@=\count292
\DOTSCASE@=\count293
LaTeX Info: Redefining \ldots on input line 496.
LaTeX Info: Redefining \dots on input line 499.
LaTeX Info: Redefining \cdots on input line 620.
\Mathstrutbox@=\box64
\strutbox@=\box65
LaTeX Info: Redefining \big on input line 722.
LaTeX Info: Redefining \Big on input line 723.
LaTeX Info: Redefining \bigg on input line 724.
LaTeX Info: Redefining \Bigg on input line 725.
\big@size=\dimen265
LaTeX Font Info:    Redeclaring font encoding OML on input line 743.
LaTeX Font Info:    Redeclaring font encoding OMS on input line 744.
\macc@depth=\count294
LaTeX Info: Redefining \bmod on input line 905.
LaTeX Info: Redefining \pmod on input line 910.
LaTeX Info: Redefining \smash on input line 940.
LaTeX Info: Redefining \relbar on input line 970.
LaTeX Info: Redefining \Relbar on input line 971.
\c@MaxMatrixCols=\count295
\dotsspace@=\muskip16
\c@parentequation=\count296
\dspbrk@lvl=\count297
\tag@help=\toks37
\row@=\count298
\column@=\count299
\maxfields@=\count300
\andhelp@=\toks38
\eqnshift@=\dimen266
\alignsep@=\dimen267
\tagshift@=\dimen268
\tagwidth@=\dimen269
\totwidth@=\dimen270
\lineht@=\dimen271
\@envbody=\toks39
\multlinegap=\skip51
\multlinetaggap=\skip52
\mathdisplay@stack=\toks40
LaTeX Info: Redefining \[ on input line 2953.
LaTeX Info: Redefining \] on input line 2954.
) (/usr/share/texmf-dist/tex/latex/tools/array.sty
Package: array 2022/09/04 v2.5g Tabular extension package (FMi)
\col@sep=\dimen272
\ar@mcellbox=\box66
\extrarowheight=\dimen273
\NC@list=\toks41
\extratabsurround=\skip53
\backup@length=\skip54
\ar@cellbox=\box67
) (/usr/share/texmf-dist/tex/latex/tcolorbox/tcolorbox.sty
Package: tcolorbox 2023/02/12 version 6.0.1 text color boxes
 (/usr/share/texmf-dist/tex/latex/tools/verbatim.sty
Package: verbatim 2022-07-02 v1.5u LaTeX2e package for verbatim enhancements
\every@verbatim=\toks42
\verbatim@line=\toks43
\verbatim@in@stream=\read3
) (/usr/share/texmf-dist/tex/latex/environ/environ.sty
Package: environ 2014/05/04 v0.3 A new way to define environments
) (/usr/share/texmf-dist/tex/latex/etoolbox/etoolbox.sty
Package: etoolbox 2020/10/05 v2.5k e-TeX tools for LaTeX (JAW)
\etb@tempcnta=\count301
)
\tcb@titlebox=\box68
\tcb@upperbox=\box69
\tcb@lowerbox=\box70
\tcb@phantombox=\box71
\c@tcbbreakpart=\count302
\c@tcblayer=\count303
\c@tcolorbox@number=\count304
\tcb@temp=\box72
\tcb@temp=\box73
\tcb@temp=\box74
\tcb@temp=\box75
 (/usr/share/texmf-dist/tex/latex/tcolorbox/tcbskins.code.tex
Library (tcolorbox): 'tcbskins.code.tex' version '6.0.1'
(/usr/share/texmf-dist/tex/latex/tikzfill/tikzfill.image.sty
Package: tikzfill.image 2022/07/20 v1.0.0 Image filling library for TikZ
 (/usr/share/texmf-dist/tex/latex/tikzfill/tikzfill-common.sty
Package: tikzfill-common 2022/07/20 v1.0.0 Auxiliary code for tikzfill
) (/usr/share/texmf-dist/tex/latex/tikzfill/tikzlibraryfill.image.code.tex
File: tikzlibraryfill.image.code.tex 2022/07/20 v1.0.0 Image filling library
\l__tikzfill_img_box=\box76
)) (/usr/share/texmf-dist/tex/latex/tcolorbox/tcbskinsjigsaw.code.tex
Library (tcolorbox): 'tcbskinsjigsaw.code.tex' version '6.0.1'
))) (/usr/share/texmf-dist/tex/latex/mhchem/mhchem.sty
Package: mhchem 2021/12/31 v4.09 for typesetting chemical formulae
 (/usr/share/texmf-dist/tex/latex/l3kernel/expl3.sty
Package: expl3 2023-02-22 L3 programming layer (loader) 
 (/usr/share/texmf-dist/tex/latex/l3backend/l3backend-pdftex.def
File: l3backend-pdftex.def 2023-01-16 L3 backend support: PDF output (pdfTeX)
\l__color_backend_stack_int=\count305
\l__pdf_internal_box=\box77
)) (/usr/share/texmf-dist/tex/latex/l3packages/l3keys2e/l3keys2e.sty
Package: l3keys2e 2023-02-02 LaTeX2e option processing using LaTeX3 keys
) (/usr/share/texmf-dist/tex/latex/tools/calc.sty
Package: calc 2017/05/25 v4.3 Infix arithmetic (KKT,FJ)
\calc@Acount=\count306
\calc@Bcount=\count307
\calc@Adimen=\dimen274
\calc@Bdimen=\dimen275
\calc@Askip=\skip55
\calc@Bskip=\skip56
LaTeX Info: Redefining \setlength on input line 80.
LaTeX Info: Redefining \addtolength on input line 81.
\calc@Ccount=\count308
\calc@Cskip=\skip57
) (/usr/share/texmf-dist/tex/latex/chemgreek/chemgreek.sty (/usr/share/texmf-dist/tex/latex/l3packages/xparse/xparse.sty
Package: xparse 2023-02-02 L3 Experimental document command parser
)
Package: chemgreek 2020/01/16 v1.1a interface for upright Greek letters for use in chemistry (CN)
\l__chemgreek_tmpa_int=\count309
\g__chemgreek_tmpa_int=\count310
)
\l__mhchem_ce_distanceFromLastComma_int=\count311
\__mhchem_arrow_extPgfLength_skip=\skip58
\mhchem@minispace@tmp=\skip59
\mhchem@minibackspace@tmp=\skip60
\mhchem@bondwidth=\skip61
\mhchem@bondheight=\skip62
\mhchem@smallbondwidth@tmpA=\skip63
\mhchem@smallbondwidth@tmpB=\skip64
\mhchem@smallbondwidth=\skip65
\mhchem@bondtmp@minussidebearingleft=\skip66
\mhchem@bondtmp@minussidebearingright=\skip67
\l__mhchem_option_version_int=\count312
\mhchem@option@minusmathsidebearingleft=\dimen276
\mhchem@option@minusmathsidebearingright=\dimen277
\mhchem@option@minustextsidebearingleft=\dimen278
\mhchem@option@minustextsidebearingright=\dimen279
) (/usr/share/texmf-dist/tex/latex/geometry/geometry.sty
Package: geometry 2020/01/02 v5.9 Page Geometry
 (/usr/share/texmf-dist/tex/generic/iftex/ifvtex.sty
Package: ifvtex 2019/10/25 v1.7 ifvtex legacy package. Use iftex instead.
)
\Gm@cnth=\count313
\Gm@cntv=\count314
\c@Gm@tempcnt=\count315
\Gm@bindingoffset=\dimen280
\Gm@wd@mp=\dimen281
\Gm@odd@mp=\dimen282
\Gm@even@mp=\dimen283
\Gm@layoutwidth=\dimen284
\Gm@layoutheight=\dimen285
\Gm@layouthoffset=\dimen286
\Gm@layoutvoffset=\dimen287
\Gm@dimlist=\toks44
) (/usr/share/texmf-dist/tex/latex/fourier/fourier.sty
Package: fourier 2022/02/05 2.3 fourier-GUTenberg package
Now handling font encoding FML ...
... no UTF-8 mapping file for font encoding FML
Now handling font encoding FMS ...
... no UTF-8 mapping file for font encoding FMS
Now handling font encoding FMX ...
... no UTF-8 mapping file for font encoding FMX
 (/usr/share/texmf-dist/tex/latex/base/fontenc.sty
Package: fontenc 2021/04/29 v2.0v Standard LaTeX package
LaTeX Font Info:    Trying to load font information for T1+futs on input line 112.
 (/usr/share/texmf-dist/tex/latex/fourier/t1futs.fd
File: t1futs.fd 2004/03/02 Fontinst v1.926 font definitions for T1/futs.
)) (/usr/share/texmf-dist/tex/latex/base/textcomp.sty
Package: textcomp 2020/02/02 v2.0n Standard LaTeX package
) (/usr/share/texmf-dist/tex/latex/fourier/fourier-orns.sty
Package: fourier-orns 2022/02/05 2.3 fourier-ornaments package
)
LaTeX Font Info:    Redeclaring symbol font `operators' on input line 63.
LaTeX Font Info:    Encoding `OT1' has changed to `T1' for symbol font
(Font)              `operators' in the math version `normal' on input line 63.
LaTeX Font Info:    Overwriting symbol font `operators' in version `normal'
(Font)                  OT1/cmr/m/n --> T1/futs/m/n on input line 63.
LaTeX Font Info:    Encoding `OT1' has changed to `T1' for symbol font
(Font)              `operators' in the math version `bold' on input line 63.
LaTeX Font Info:    Overwriting symbol font `operators' in version `bold'
(Font)                  OT1/cmr/bx/n --> T1/futs/m/n on input line 63.
LaTeX Font Info:    Overwriting symbol font `operators' in version `bold'
(Font)                  T1/futs/m/n --> T1/futs/b/n on input line 64.
LaTeX Font Info:    Redeclaring symbol font `letters' on input line 72.
LaTeX Font Info:    Encoding `OML' has changed to `FML' for symbol font
(Font)              `letters' in the math version `normal' on input line 72.
LaTeX Font Info:    Overwriting symbol font `letters' in version `normal'
(Font)                  OML/cmm/m/it --> FML/futmi/m/it on input line 72.
LaTeX Font Info:    Encoding `OML' has changed to `FML' for symbol font
(Font)              `letters' in the math version `bold' on input line 72.
LaTeX Font Info:    Overwriting symbol font `letters' in version `bold'
(Font)                  OML/cmm/b/it --> FML/futmi/m/it on input line 72.
\symotherletters=\mathgroup4
LaTeX Font Info:    Overwriting symbol font `letters' in version `bold'
(Font)                  FML/futmi/m/it --> FML/futmi/b/it on input line 74.
LaTeX Font Info:    Overwriting symbol font `otherletters' in version `bold'
(Font)                  FML/futm/m/it --> FML/futm/b/it on input line 75.
LaTeX Font Info:    Redeclaring math symbol \Gamma on input line 76.
LaTeX Font Info:    Redeclaring math symbol \Delta on input line 77.
LaTeX Font Info:    Redeclaring math symbol \Theta on input line 78.
LaTeX Font Info:    Redeclaring math symbol \Lambda on input line 79.
LaTeX Font Info:    Redeclaring math symbol \Xi on input line 80.
LaTeX Font Info:    Redeclaring math symbol \Pi on input line 81.
LaTeX Font Info:    Redeclaring math symbol \Sigma on input line 82.
LaTeX Font Info:    Redeclaring math symbol \Upsilon on input line 83.
LaTeX Font Info:    Redeclaring math symbol \Phi on input line 84.
LaTeX Font Info:    Redeclaring math symbol \Psi on input line 85.
LaTeX Font Info:    Redeclaring math symbol \Omega on input line 86.
LaTeX Font Info:    Redeclaring symbol font `symbols' on input line 126.
LaTeX Font Info:    Encoding `OMS' has changed to `FMS' for symbol font
(Font)              `symbols' in the math version `normal' on input line 126.
LaTeX Font Info:    Overwriting symbol font `symbols' in version `normal'
(Font)                  OMS/cmsy/m/n --> FMS/futm/m/n on input line 126.
LaTeX Font Info:    Encoding `OMS' has changed to `FMS' for symbol font
(Font)              `symbols' in the math version `bold' on input line 126.
LaTeX Font Info:    Overwriting symbol font `symbols' in version `bold'
(Font)                  OMS/cmsy/b/n --> FMS/futm/m/n on input line 126.
LaTeX Font Info:    Redeclaring symbol font `largesymbols' on input line 127.
LaTeX Font Info:    Encoding `OMX' has changed to `FMX' for symbol font
(Font)              `largesymbols' in the math version `normal' on input line 127.
LaTeX Font Info:    Overwriting symbol font `largesymbols' in version `normal'
(Font)                  OMX/cmex/m/n --> FMX/futm/m/n on input line 127.
LaTeX Font Info:    Encoding `OMX' has changed to `FMX' for symbol font
(Font)              `largesymbols' in the math version `bold' on input line 127.
LaTeX Font Info:    Overwriting symbol font `largesymbols' in version `bold'
(Font)                  OMX/cmex/m/n --> FMX/futm/m/n on input line 127.
LaTeX Font Info:    Redeclaring math alphabet \mathbf on input line 128.
LaTeX Font Info:    Overwriting math alphabet `\mathbf' in version `normal'
(Font)                  OT1/cmr/bx/n --> T1/futs/bx/n on input line 128.
LaTeX Font Info:    Overwriting math alphabet `\mathbf' in version `bold'
(Font)                  OT1/cmr/bx/n --> T1/futs/bx/n on input line 128.
LaTeX Font Info:    Redeclaring math alphabet \mathrm on input line 129.
LaTeX Font Info:    Redeclaring math alphabet \mathit on input line 130.
LaTeX Font Info:    Overwriting math alphabet `\mathit' in version `normal'
(Font)                  OT1/cmr/m/it --> T1/futs/m/it on input line 130.
LaTeX Font Info:    Overwriting math alphabet `\mathit' in version `bold'
(Font)                  OT1/cmr/bx/it --> T1/futs/m/it on input line 130.
LaTeX Font Info:    Redeclaring math alphabet \mathcal on input line 131.
LaTeX Font Info:    Redeclaring math symbol \parallel on input line 147.
LaTeX Font Info:    Redeclaring math symbol \hbar on input line 161.
LaTeX Font Info:    Redeclaring math symbol \varkappa on input line 199.
LaTeX Font Info:    Redeclaring math symbol \varvarrho on input line 200.
LaTeX Font Info:    Redeclaring math delimiter \Vert on input line 223.
LaTeX Font Info:    Redeclaring math delimiter \vert on input line 228.
LaTeX Font Info:    Redeclaring math delimiter \lvert on input line 230.
LaTeX Font Info:    Redeclaring math delimiter \rvert on input line 232.
LaTeX Font Info:    Redeclaring math delimiter \lVert on input line 234.
LaTeX Font Info:    Redeclaring math delimiter \rVert on input line 236.
LaTeX Font Info:    Redeclaring math delimiter \Downarrow on input line 238.
LaTeX Font Info:    Redeclaring math delimiter \backslash on input line 240.
LaTeX Font Info:    Redeclaring math delimiter \rangle on input line 242.
LaTeX Font Info:    Redeclaring math delimiter \langle on input line 244.
LaTeX Font Info:    Redeclaring math delimiter \rbrace on input line 246.
LaTeX Font Info:    Redeclaring math delimiter \lbrace on input line 248.
LaTeX Font Info:    Redeclaring math delimiter \rceil on input line 250.
LaTeX Font Info:    Redeclaring math delimiter \lceil on input line 252.
LaTeX Font Info:    Redeclaring math delimiter \rfloor on input line 254.
LaTeX Font Info:    Redeclaring math delimiter \lfloor on input line 256.
LaTeX Font Info:    Redeclaring math accent \acute on input line 260.
LaTeX Font Info:    Redeclaring math accent \grave on input line 261.
LaTeX Font Info:    Redeclaring math accent \ddot on input line 262.
LaTeX Font Info:    Redeclaring math accent \tilde on input line 263.
LaTeX Font Info:    Redeclaring math accent \bar on input line 264.
LaTeX Font Info:    Redeclaring math accent \breve on input line 265.
LaTeX Font Info:    Redeclaring math accent \check on input line 266.
LaTeX Font Info:    Redeclaring math accent \hat on input line 267.
LaTeX Font Info:    Redeclaring math accent \dot on input line 268.
LaTeX Font Info:    Redeclaring math accent \mathring on input line 269.
\symUfutm=\mathgroup5
) (/usr/share/texmf-dist/tex/latex/xymtex/base/xymtex.sty
Package `xymtex' (ver5.01) <March 10, 2013> [SF]
xymtex.sty ver5.01 (for LaTeX2e) 2013/03/10[SF]
(/usr/share/texmf-dist/tex/latex/eepic/epic.sty
Enhancements to Picture Environment. Version 1.2 - Released June 1, 1986
\@@multicnt=\count316
\d@lta=\count317
\@delta=\dimen288
\@@delta=\dimen289
\@gridcnt=\count318
\@joinkind=\count319
\@dotgap=\dimen290
\@ddotgap=\dimen291
\@x@diff=\count320
\@y@diff=\count321
\x@diff=\dimen292
\y@diff=\dimen293
\@dotbox=\box78
\num@segments=\count322
\num@segmentsi=\count323
\@datafile=\read4
) (/usr/share/texmf-dist/tex/latex/xymtex/base/chemstr.sty
XyMTeX for Drawing Chemical Structural Formulas. Version 5.01
 -- Released June 19, 2013 by Shinsaku Fujita
XyMTeX Macro File `chemstr' (ver5.01) <June 19, 2013> [SF]
\@tempcntXa=\count324
\@tempcntYa=\count325
\@tempcntz=\count326
\@tempcntXb=\count327
\@tempcntYb=\count328
\@tempcntzz=\count329
\@tempcntXc=\count330
\@tempcntYc=\count331
\@tempcntzzz=\count332
\@tempcntXd=\count333
\@tempcntYd=\count334
\@tempcntzzzz=\count335
\@dimtempa=\dimen294
\@tempdimd=\dimen295
\@tempdime=\dimen296
\@cnttempa=\count336
\@cnttempb=\count337
\noshift=\count338
\shifti=\count339
\shiftii=\count340
\shiftiii=\count341
\@tmpaa=\count342
\yl@xdiff=\count343
\yl@ydiff=\count344
\yl@shiftii=\count345
\yl@shifti=\count346
\x@ryl=\count347
\y@ryl=\count348
) (/usr/share/texmf-dist/tex/latex/xymtex/base/carom.sty
XyMTeX for Drawing Chemical Structural Formulas. Version 5.00
 -- Released October 01, 2010 by Shinsaku Fujita
XyMTeX Macro File `carom' (ver5.00) <October 01, 2010> [SF]
(/usr/share/texmf-dist/tex/latex/xymtex/base/hetarom.sty
XyMTeX for Drawing Chemical Structural Formulas. Version 5.01
 -- Released March 19, 2013 by Shinsaku Fujita
XyMTeX Macro File `hetarom' (ver5.01) <March 19, 2013> [SF]
) (/usr/share/texmf-dist/tex/latex/xymtex/base/hetaromh.sty
XyMTeX for Drawing Chemical Structural Formulas. Version 5.01
 -- Released March 19, 2013 by Shinsaku Fujita
XyMTeX Macro File `hetaromh' (ver5.01) <March 19, 2013> [SF]
)) (/usr/share/texmf-dist/tex/latex/xymtex/base/hetarom.sty
XyMTeX for Drawing Chemical Structural Formulas. Version 5.01
 -- Released March 19, 2013 by Shinsaku Fujita
XyMTeX Macro File `hetarom' (ver5.01) <March 19, 2013> [SF]
) (/usr/share/texmf-dist/tex/latex/xymtex/base/hetaromh.sty
XyMTeX for Drawing Chemical Structural Formulas. Version 5.01
 -- Released March 19, 2013 by Shinsaku Fujita
XyMTeX Macro File `hetaromh' (ver5.01) <March 19, 2013> [SF]
) (/usr/share/texmf-dist/tex/latex/xymtex/base/lowcycle.sty
XyMTeX for Drawing Chemical Structural Formulas. Version 5.00
 -- Released October 01, 2010 by Shinsaku Fujita
XyMTeX Macro File `lowcycle' (ver5.00) <October 01, 2010> [SF]
) (/usr/share/texmf-dist/tex/latex/xymtex/base/ccycle.sty
XyMTeX for Drawing Chemical Structural Formulas. Version 5.01
 -- Released July 23, 2013 by Shinsaku Fujita
XyMTeX Macro File `ccycle' (ver5.01) <July 23, 2013> [SF]
) (/usr/share/texmf-dist/tex/latex/xymtex/base/hcycle.sty
XyMTeX for Drawing Chemical Structural Formulas. Version 5.01
 -- Released June 25, 2013 by Shinsaku Fujita
XyMTeX Macro File `hcycle' (ver5.01) <June 25, 2013> [SF]
) (/usr/share/texmf-dist/tex/latex/xymtex/base/aliphat.sty
XyMTeX for Drawing Chemical Structural Formulas. Version 5.01
 -- Released July 20, 2013 by Shinsaku Fujita
XyMTeX Macro File `aliphat' (ver5.01) <July 20, 2013> [SF]
) (/usr/share/texmf-dist/tex/latex/xymtex/base/locant.sty
XyMTeX for Drawing Chemical Structural Formulas. Version 5.00
 -- Released October 01, 2010 by Shinsaku Fujita
XyMTeX Macro File `locant' (ver4.00) <October 01, 2010> [SF]
) (/usr/share/texmf-dist/tex/latex/xymtex/base/polymers.sty
XyMTeX for Drawing Chemical Structural Formulas. Version 5.00
 -- Released October 01, 2010 by Shinsaku Fujita
XyMTeX Macro File `polymers' (ver5.00) <October 01, 2010> [SF]
) (/usr/share/texmf-dist/tex/latex/xymtex/base/methylen.sty
XyMTeX for Drawing Chemical Structural Formulas. Version 5.01
 -- Released July 20, 2013 by Shinsaku Fujita
XyMTeX Macro File `methylen' (ver5.01) <July 20, 2013> [SF]
\test@termcnt=\count349
) (/usr/share/texmf-dist/tex/latex/xymtex/base/fusering.sty
XyMTeX for Drawing Chemical Structural Formulas. Version 5.00
 -- Released October 01, 2010 by Shinsaku Fujita
XyMTeX Macro File `fusering' (ver5.00) <October 01, 2010> [SF]
) (/usr/share/texmf-dist/tex/latex/xymtex/base/sizeredc.sty
XyMTeX for Drawing Chemical Structural Formulas. Version 5.00
 -- Released October 01, 2010 by Shinsaku Fujita
XyMTeX Macro File `sizeredc' (ver5.00) <October 01, 2010> [SF]
\@tempcntx=\count350
\@tempcnty=\count351
\@tempcntz=\count352
\@xArg=\count353
\@yArg=\count354
) (/usr/share/texmf-dist/tex/latex/xymtex/base/steroid.sty
XyMTeX for Drawing Chemical Structural Formulas. Version 5.00
 -- Released October 01, 2010 by Shinsaku Fujita
XyMTeX Macro File `steroid' (ver5.00) <October 01, 2010> [SF]
) (/usr/share/texmf-dist/tex/latex/xymtex/base/lewisstruc.sty
Part of XyMTeX for Drawing Chemical Structural Formulas. Version 5.01
 -- Released August 02, 2013 by Shinsaku Fujita
XyMTeX Macro File `lewisstruc' (ver5.01) <August 02, 2013> [SF]
) (/usr/share/texmf-dist/tex/latex/xymtex/base/bondcolor.sty
Part of XyMTeX for Drawing Chemical Structural Formulas. Version 5.00
 -- Released October 01, 2010 by Shinsaku Fujita
XyMTeX Macro File `bondcolor' (ver5.00) <October 01, 2010> [SF]
) (/usr/share/texmf-dist/tex/latex/xymtex/base/assurelatexmode.sty
Part of XyMTeX for Drawing Chemical Structural Formulas. Version 5.01
 -- Released May 27, 2013 by Shinsaku Fujita
XyMTeX Macro File `assurelatexmode' (ver5.01) <May 27, 2013> [SF]
) (/usr/share/texmf-dist/tex/latex/xymtex/chemist/chemist.sty
Package `chemist' (ver5.01) <June 6, 2013> [SF]
chemist.sty ver5.01 (for LaTeX2e) 2013/06/06[SF]
\c@compd=\count355
\c@deriv=\count356
\reactarrowsep=\dimen297
\verbatimleftmargin=\dimen298
\verbatimbaselineskip=\dimen299
\hsgr@d=\dimen300
\vsgr@d=\dimen301
\vwgr@d=\dimen302
\hwgr@d=\dimen303
\vsepgr@d=\dimen304
\hsepgr@d=\dimen305
\nrep=\count357
\nrepmax=\count358
\ybaselineshift=\dimen306
\tbaselineshift=\dimen307
\@savetbaselineshift=\dimen308
LaTeX Info: Redefining \rm on input line 788.
LaTeX Info: Redefining \mathversion on input line 892.
\c@mv@chem=\count359
LaTeX Font Info:    Encoding `FML' has changed to `OT1' for symbol font
(Font)              `letters' in the math version `chem' on input line 965.
LaTeX Font Info:    Overwriting symbol font `letters' in version `chem'
(Font)                  FML/futmi/m/it --> OT1/cmr/m/n on input line 965.
LaTeX Font Info:    Encoding `T1' has changed to `OT1' for symbol font
(Font)              `operators' in the math version `chem' on input line 965.
LaTeX Font Info:    Overwriting symbol font `operators' in version `chem'
(Font)                  T1/futs/m/n --> OT1/cmr/m/n on input line 965.
LaTeX Font Info:    Encoding `FMS' has changed to `OMS' for symbol font
(Font)              `symbols' in the math version `chem' on input line 965.
LaTeX Font Info:    Overwriting symbol font `symbols' in version `chem'
(Font)                  FMS/futm/m/n --> OMS/cmsy/m/n on input line 965.
\c@mv@boldchem=\count360
LaTeX Font Info:    Encoding `T1' has changed to `OT1' for symbol font
(Font)              `operators' in the math version `boldchem' on input line 965.
LaTeX Font Info:    Overwriting symbol font `operators' in version `boldchem'
(Font)                  T1/futs/m/n --> OT1/cmr/bx/n on input line 965.
LaTeX Font Info:    Encoding `FML' has changed to `OT1' for symbol font
(Font)              `letters' in the math version `boldchem' on input line 965.
LaTeX Font Info:    Overwriting symbol font `letters' in version `boldchem'
(Font)                  FML/futmi/m/it --> OT1/cmr/b/n on input line 965.
LaTeX Font Info:    Encoding `FMS' has changed to `OMS' for symbol font
(Font)              `symbols' in the math version `boldchem' on input line 965.
LaTeX Font Info:    Overwriting symbol font `symbols' in version `boldchem'
(Font)                  FMS/futm/m/n --> OMS/cmsy/b/n on input line 965.
\TestCount=\count361
(/usr/share/texmf-dist/tex/latex/xymtex/chemist/assurechemist.sty
Part of XyMTeX for Drawing Chemical Structural Formulas. Version 5.00
 -- Released October 01, 2010 by Shinsaku Fujita
XyMTeX Macro File `assurechemist' (ver5.00) <October 01, 2010> [SF]
))) (/usr/share/texmf-dist/tex/latex/eurosym/eurosym.sty
Package: eurosym 1998/08/06 v1.1 European currency symbol ``Euro''
\@eurobox=\box79
) (/usr/share/texmf-dist/tex/latex/jknapltx/mathrsfs.sty
Package: mathrsfs 1996/01/01 Math RSFS package v1.0 (jk)
\symrsfs=\mathgroup6
) (/usr/share/texmf-dist/tex/latex/float/float.sty
Package: float 2001/11/08 v1.3d Float enhancements (AL)
\c@float@type=\count362
\float@exts=\toks45
\float@box=\box80
\@float@everytoks=\toks46
\@floatcapt=\box81
) (/usr/share/texmf-dist/tex/latex/pstricks/pst-all.sty
Package: pst-all 2008/01/01 the main pstricks tools
 (/usr/share/texmf-dist/tex/latex/pstricks/pstricks.sty
Package: pstricks 2022/19/23 v0.72 LaTeX wrapper for `PSTricks' (RN,HV)
 (/usr/share/texmf-dist/tex/generic/xkeyval/pst-xkey.tex
File: pst-xkey.tex 2005/11/25 v1.6 PSTricks specialization of xkeyval (HA)
 (/usr/share/texmf-dist/tex/latex/xkeyval/xkeyval.sty
Package: xkeyval 2022/06/16 v2.9 package option processing (HA)
 (/usr/share/texmf-dist/tex/generic/xkeyval/xkeyval.tex (/usr/share/texmf-dist/tex/generic/xkeyval/xkvutils.tex
\XKV@toks=\toks47
\XKV@tempa@toks=\toks48
)
\XKV@depth=\count363
File: xkeyval.tex 2014/12/03 v2.7a key=value parser (HA)
))) (/usr/share/texmf-dist/tex/generic/pstricks/pstricks.tex (/usr/share/texmf-dist/tex/generic/pstricks/pst-fp.tex `pst-fp' v0.06, 2020/11/20 (hv)
\pstFP@xs=\count364
\pstFP@xia=\count365
\pstFP@xib=\count366
\pstFP@xfa=\count367
\pstFP@xfb=\count368
\pstFP@rega=\count369
\pstFP@regb=\count370
\pstFP@regs=\count371
\pstFP@times=\count372
)
\psLoopIndex=\count373

`PSTricks' v3.18  <2022/11/28> (tvz,hv)
\pst@dima=\dimen309
\pst@dimb=\dimen310
\pst@dimc=\dimen311
\pst@dimd=\dimen312
\pst@dimg=\dimen313
\pst@dimh=\dimen314
\pst@dimm=\dimen315
\pst@dimn=\dimen316
\pst@dimo=\dimen317
\pst@dimp=\dimen318
\pst@hbox=\box82
\pst@ibox=\box83
\pst@boxg=\box84
\pst@cnta=\count374
\pst@cntb=\count375
\pst@cntc=\count376
\pst@cntd=\count377
\pst@cntg=\count378
\pst@cnth=\count379
\pst@cntm=\count380
\pst@cntn=\count381
\pst@cnto=\count382
\pst@cntp=\count383
\@zero=\count384
\pst@toks=\toks49
--- We are running latex or xelatex ---
(/usr/share/texmf-dist/tex/generic/pstricks/pstricks.con) (/usr/share/texmf-dist/tex/generic/pstricks/pstricks-color.tex)
\psunit=\dimen319
\psxunit=\dimen320
\psyunit=\dimen321
\pst@C@@rType=\count385
\pslinewidth=\dimen322
\psk@startLW=\dimen323
\psk@endLW=\dimen324
 (/usr/share/texmf-dist/tex/generic/pstricks/pstricks-arrows.tex
\pshooklength=\dimen325
\pshookwidth=\dimen326
)
\pst@customdefs=\toks50
 (/usr/share/texmf-dist/tex/generic/pstricks/pstricks-dots.tex)
\pslinearc=\dimen327
\pst@symbolStep=\dimen328
\pst@symbolWidth=\dimen329
\pst@symbolLinewidth=\dimen330
\everypsbox=\toks51
\psframesep=\dimen331
\pslabelsep=\dimen332
\sh@wgridXunit=\dimen333
\sh@wgridYunit=\dimen334
\pst@shift=\dimen335
\ps@imagectr=\count386
 (/usr/share/texmf-dist/tex/generic/pstricks/pstricks.con))
File: pstricks.tex 2022/11/28 v3.18 `PSTricks' (tvz,hv)
 (/usr/share/texmf-dist/tex/generic/pstricks/pst-fp.tex `pst-fp' v0.06, 2020/11/20 (hv))
File: pst-fp.tex 2020/11/20 v0.06 `PST-fp' (hv)
) (/usr/share/texmf-dist/tex/latex/pst-plot/pst-plot.sty
Package: pst-plot 2011/06/05 v1.00 LaTeX wrapper for `pst-plot' (HV)
 (/usr/share/texmf-dist/tex/latex/xkeyval/pst-xkey.sty
Package: pst-xkey 2005/11/25 v1.6 package wrapper for pst-xkey.tex (HA)
) (/usr/share/texmf-dist/tex/latex/multido/multido.sty
Package: multido 2004/05/17 package wrapper for PSTricks `multido.tex', (HV/RN)
 (/usr/share/texmf-dist/tex/generic/multido/multido.tex  v1.42, 2010/05/14 <tvz>
\multido@count=\count387
\multidocount=\count388
\multido@stuff=\toks52
)
File: multido.tex 2010/05/14 v1.42 `multido' (tvz,hv)
)
Package: pst-plot 2021/09/23 package wrapper for pst-plot.tex (hv)
 (/usr/share/texmf-dist/tex/generic/pst-plot/pst-plot.tex (/usr/share/texmf-dist/tex/generic/pst-tools/pst-tools.tex `PST-tools' v0.12, 2021/09/23 (hv)
\randomi=\count389
\ranval=\count390
) (/usr/share/texmf-dist/tex/generic/pstricks-add/pstricks-add.tex (/usr/share/texmf-dist/tex/generic/pst-node/pst-node.tex  v1.43, 2022/01/31
\psrow=\count391
\pscol=\count392
\psmatrixcnt=\count393
\psrowsep=\skip68
\pscolsep=\skip69
\pst@args=\count394
\num@pts=\count395
\pst@argcnt=\count396
) (/usr/share/texmf-dist/tex/generic/pst-arrow/pst-arrow.tex `pst-arrow' v0.05, 2021/11/16 (dr,hv)) (/usr/share/texmf-dist/tex/generic/pst-3d/pst-3d.tex `PST-3d' v1.11, 2010/02/14 (tvz)) (/usr/share/texmf-dist/tex/generic/pst-math/pst-math.tex `pst-math' v0.66 , (CJ,hv)) `pstricks-add' v3.93, 2022/11/21 (dr,hv)
\psparallelogramsep=\dimen336
\pst@cntC=\count397
\pst@stepcount=\count398
\chart@ColorIndex=\dimen337
\chart@ColorStep=\dimen338
\pst@chartHeight=\dimen339
\pst@chartStackDepth=\dimen340
\pst@chartStackWidth=\dimen341
\chart@Toggle=\count399
\psVectorCtr=\count400
)  v1.94, 2022/11/21 (tvz,hv)
\pstRadUnit=\dimen342
\pstRadUnitInv=\dimen343
\pst@linecnt=\count401
\RCD@file=\read5
\psxlabelsep=\dimen344
\psylabelsep=\dimen345
\psk@subticksize=\dimen346
\pst@xticksizeA=\dimen347
\pst@xticksizeB=\dimen348
\pst@xticksizeC=\dimen349
\pst@yticksizeA=\dimen350
\pst@yticksizeB=\dimen351
\pst@yticksizeC=\dimen352
\@digitcounter=\count402
\psk@llx=\dimen353
\psk@lly=\dimen354
\psk@urx=\dimen355
\psk@ury=\dimen356
\pst@xunit=\dimen357
\pst@yunit=\dimen358
)
File: pst-plot.tex 2022/11/21 1.94 `pst-plot' (tvz,hv)
) (/usr/share/texmf-dist/tex/latex/pst-node/pst-node.sty
Package: pst-node 2012/09/18 v1.01 LaTeX wrapper for `pst-node' (HV)
Package: pst-node 2010/04/22 package wrapper for pst-node.tex
 (/usr/share/texmf-dist/tex/generic/pst-node/pst-node.tex)
File: pst-node.tex 2022/11/21 1.94 `pst-node' (tvz,hv)
) (/usr/share/texmf-dist/tex/latex/pst-tree/pst-tree.sty
Package: pst-tree 2009/01/25 package wrapper for pst-tree.tex
 (/usr/share/texmf-dist/tex/generic/pst-tree/pst-tree.tex  v1.14, 2021/09/04(tvz,dg,hv)
\pstree@rootbox=\box85
\pstree@box=\box86
\psnodecnt=\count403
\pstreelevel=\count404
\pstreecnt=\count405
\pstree@cnt=\count406
\pstree@stop=\count407
)
File: pst-tree.tex 2021/09/04 1.14 `pst-tree' (tvz,hv)
) (/usr/share/texmf-dist/tex/latex/pst-grad/pst-grad.sty
Package: pst-grad 2004/07/15 package wrapper for pst-grad.tex (hv)
 (/usr/share/texmf-dist/tex/generic/pst-grad/pst-grad.tex `pst-grad' v1.06, 2006/11/27 (tvz,dg,hv))
File: pst-grad.tex 2006/11/27 1.06 `pst-grad' (tvz)
) (/usr/share/texmf-dist/tex/latex/pst-coil/pst-coil.sty
Package: pst-coil 2010/02/01 package wrapper for pst-coil.tex (hv)
 (/usr/share/texmf-dist/tex/generic/pst-coil/pst-coil.tex  v1.06, 2006/11/27 (/usr/share/texmf-dist/tex/generic/pst-node/pst-node.tex))
File: pst-coil.tex 2015/05/13 v1.07 `PST-coil' (tvz,hv)
) (/usr/share/texmf-dist/tex/latex/pst-text/pst-text.sty
Package: pst-text 2018/12/28 package wrapper for pst-text.tex (hv)
 (/usr/share/texmf-dist/tex/generic/pst-text/pst-text.tex
 v1.01, 2018/12/22(tvz,hv))
File: pst-text.tex 2018/12/22 1.01 `pst-text' (tvz)
) (/usr/share/texmf-dist/tex/latex/pst-3d/pst-3d.sty
Package: pst-3d 2009/07/28 package wrapper for pst-3d.tex (hv)
 (/usr/share/texmf-dist/tex/generic/pst-3d/pst-3d.tex)
File: pst-3d.tex 2018/12/22 v1.01 `PST-3d' (hv)
) (/usr/share/texmf-dist/tex/latex/pst-eps/pst-eps.sty
Package: pst-eps 2005/05/20 package wrapper for pst-eps.tex (hv)
 (/usr/share/texmf-dist/tex/generic/pst-eps/pst-eps.tex  v1.00, 2006/11/04
\pst@epsout=\write4
\pst@tempout=\write5
)
File: pst-eps.tex 2006/11/04 1.00 `pst-eps' (tvz)
) (/usr/share/texmf-dist/tex/latex/pst-fill/pst-fill.sty
Package: pst-fill 2010/03/20 package wrapper for pst-fill.tex (hv)
 (/usr/share/texmf-dist/tex/generic/pst-fill/pst-fill.tex `PST-Fill' v1.02, 2021/10/01 (tvz,dg,hv)
\pst@fillbox=\box87
)
File: pst-fill.tex 2021/10/01 v1.02 `PST-fill' (tvz,dg,hv)
) (/usr/share/texmf-dist/tex/latex/pstricks-add/pstricks-add.sty (/usr/share/texmf-dist/tex/latex/pst-math/pst-math.sty
Package: pst-math 2022/10/17 v 0.66 package wrapper for PSTricks pst-math.tex
 (/usr/share/texmf-dist/tex/latex/pst-calculate/pst-calculate.sty
Package: pst-calculate 2019/01/24 v. 0.02(Herbert Voss) Support for caculations with floating point numbers.
 (/usr/share/texmf-dist/tex/latex/siunitx/siunitx.sty
Package: siunitx 2023-03-04 v3.2.2 A comprehensive (SI) units package
\l__siunitx_angle_tmp_dim=\dimen359
\l__siunitx_angle_marker_box=\box88
\l__siunitx_angle_unit_box=\box89
\l__siunitx_compound_count_int=\count408
 (/usr/share/texmf-dist/tex/latex/translations/translations.sty
Package: translations 2022/02/05 v1.12 internationalization of LaTeX2e packages (CN)
)
\l__siunitx_number_exponent_fixed_int=\count409
\l__siunitx_number_min_decimal_int=\count410
\l__siunitx_number_min_integer_int=\count411
\l__siunitx_number_round_precision_int=\count412
\l__siunitx_number_lower_threshold_int=\count413
\l__siunitx_number_upper_threshold_int=\count414
\l__siunitx_number_group_first_int=\count415
\l__siunitx_number_group_size_int=\count416
\l__siunitx_number_group_minimum_int=\count417
\l__siunitx_table_tmp_box=\box90
\l__siunitx_table_tmp_dim=\dimen360
\l__siunitx_table_column_width_dim=\dimen361
\l__siunitx_table_integer_box=\box91
\l__siunitx_table_decimal_box=\box92
\l__siunitx_table_uncert_box=\box93
\l__siunitx_table_before_box=\box94
\l__siunitx_table_after_box=\box95
\l__siunitx_table_before_dim=\dimen362
\l__siunitx_table_carry_dim=\dimen363
\l__siunitx_unit_tmp_int=\count418
\l__siunitx_unit_position_int=\count419
\l__siunitx_unit_total_int=\count420
)) (/usr/share/texmf-dist/tex/generic/iftex/ifluatex.sty
Package: ifluatex 2019/10/25 v1.5 ifluatex legacy package. Use iftex instead.
) (/usr/share/texmf-dist/tex/generic/xstring/xstring.sty (/usr/share/texmf-dist/tex/generic/xstring/xstring.tex
\integerpart=\count421
\decimalpart=\count422
)
Package: xstring 2023/01/14 v1.85 String manipulations (CT)
) (/usr/share/texmf-dist/tex/generic/pst-math/pst-math.tex)
File: pst-math.tex 2021/10/01 v1.02 `PST-math' (hv)
\c@Rand@No=\count423
\c@Random@Left=\count424
\c@Random@Right=\count425
\c@Random@No@max=\count426
)
Package: pstricks-add 2021/09/10 v. 0.17 package wrapper for pstricks-add.tex (hv)
 (/usr/share/texmf-dist/tex/generic/pstricks-add/pstricks-add.tex)
File: pstricks-add.tex 2021/10/01 v1.02 `PSTricks-add' (hv)
)) (/usr/share/texmf-dist/tex/latex/pst-3dplot/pst-3dplot.sty
Package: pst-3dplot 2010/01/01 package wrapper for pst-3dplot.tex (hv)
 (/usr/share/texmf-dist/tex/generic/pst-3dplot/pst-3dplot.tex (/usr/share/texmf-dist/tex/generic/pst-node/pst-node.tex) (/usr/share/texmf-dist/tex/generic/multido/multido.tex  v1.42, 2010/05/14 <tvz>) `PST-3dplot' v2.07a, 2022/01/14 (HV,DL)
\pst@dimf=\dimen364
\pst@cntx=\count427
\pst@cnty=\count428
\pst@cntz=\count429
\pst@dimx=\dimen365
\pst@dimy=\dimen366
\pst@dimz=\dimen367
\pst@dx=\dimen368
\pst@dy=\dimen369
\pszunit=\dimen370
)
File: pst-3dplot.tex 2022/01/14 v2.07a `PST-3dplot' (hv)
) (/usr/share/texmf-dist/tex/latex/leftindex/leftindex.sty (/usr/share/texmf-dist/tex/latex/mathtools/mathtools.sty
Package: mathtools 2022/06/29 v1.29 mathematical typesetting tools
 (/usr/share/texmf-dist/tex/latex/mathtools/mhsetup.sty
Package: mhsetup 2021/03/18 v1.4 programming setup (MH)
)
\g_MT_multlinerow_int=\count430
\l_MT_multwidth_dim=\dimen371
\origjot=\skip70
\l_MT_shortvdotswithinadjustabove_dim=\dimen372
\l_MT_shortvdotswithinadjustbelow_dim=\dimen373
\l_MT_above_intertext_sep=\dimen374
\l_MT_below_intertext_sep=\dimen375
\l_MT_above_shortintertext_sep=\dimen376
\l_MT_below_shortintertext_sep=\dimen377
\xmathstrut@box=\box96
\xmathstrut@dim=\dimen378
)
Package: leftindex 2020/08/25 v0.1beta 
\l__leftindex_phantom_height_dim=\dimen379
\l__leftindex_slanting_phantom_with_subscript_box=\box97
\l__leftindex_slanting_phantom_with_subscript_dim=\dimen380
\l__leftindex_slanting_phantom_with_subscript_without_indentation_box=\box98
\l__leftindex_slanting_phantom_with_subscript_without_indentation_dim=\dimen381
\l__leftindex_indentation_of_slanting_phantom_subscript=\dimen382
\l__leftindex_superscript_temp_box=\box99
\l__leftindex_width_of_superscript_dim=\dimen383
\l__leftindex_subscript_temp_box=\box100
\l__leftindex_width_of_subscript_dim=\dimen384
) (/usr/share/texmf-dist/tex/latex/import/import.sty
Package: import 2020/04/01  v 6.2
) (/usr/share/texmf-dist/tex/latex/xifthen/xifthen.sty
Package: xifthen 2015/11/05 v1.4.0 Extended ifthen features
 (/usr/share/texmf-dist/tex/latex/base/ifthen.sty
Package: ifthen 2022/04/13 v1.1d Standard LaTeX ifthen package (DPC)
) (/usr/share/texmf-dist/tex/latex/ifmtarg/ifmtarg.sty
Package: ifmtarg 2018/04/16 v1.2b check for an empty argument
)) (/usr/share/texmf-dist/tex/latex/pdfpages/pdfpages.sty
Package: pdfpages 2022/12/19 v0.5x Insert pages of external PDF documents (AM)
 (/usr/share/texmf-dist/tex/latex/eso-pic/eso-pic.sty
Package: eso-pic 2020/10/14 v3.0a eso-pic (RN)
\ESO@tempdima=\dimen385
\ESO@tempdimb=\dimen386
)
\AM@pagewidth=\dimen387
\AM@pageheight=\dimen388
\AM@fboxrule=\dimen389
 (/usr/share/texmf-dist/tex/latex/pdfpages/pppdftex.def
File: pppdftex.def 2022/12/19 v0.5x Pdfpages driver for pdfTeX (AM)
)
\pdfpages@includegraphics@status=\count431
\AM@pagebox=\box101
\AM@global@opts=\toks53
\AM@pagecnt=\count432
\AM@toc@title=\toks54
\AM@lof@heading=\toks55
\c@AM@survey=\count433
\AM@templatesizebox=\box102
) (/usr/share/texmf-dist/tex/latex/amsfonts/amssymb.sty
Package: amssymb 2013/01/14 v3.01 AMS font symbols
 (/usr/share/texmf-dist/tex/latex/amsfonts/amsfonts.sty
Package: amsfonts 2013/01/14 v3.01 Basic AMSFonts support
\symAMSa=\mathgroup7
\symAMSb=\mathgroup8
LaTeX Font Info:    Overwriting math alphabet `\mathfrak' in version `bold'
(Font)                  U/euf/m/n --> U/euf/b/n on input line 106.
)
LaTeX Font Info:    Redeclaring math symbol \blacksquare on input line 48.
LaTeX Font Info:    Redeclaring math symbol \vDash on input line 60.
LaTeX Font Info:    Redeclaring math symbol \leftleftarrows on input line 63.
LaTeX Font Info:    Redeclaring math symbol \rightrightarrows on input line 64.
LaTeX Font Info:    Redeclaring math symbol \leqslant on input line 101.
LaTeX Font Info:    Redeclaring math symbol \geqslant on input line 108.
LaTeX Font Info:    Redeclaring math symbol \blacktriangleright on input line 120.
LaTeX Font Info:    Redeclaring math symbol \blacktriangleleft on input line 121.
LaTeX Font Info:    Redeclaring math symbol \complement on input line 165.
LaTeX Font Info:    Redeclaring math symbol \intercal on input line 166.
LaTeX Font Info:    Redeclaring math symbol \nleqslant on input line 181.
LaTeX Font Info:    Redeclaring math symbol \ngeqslant on input line 182.
LaTeX Font Info:    Redeclaring math symbol \varsubsetneq on input line 203.
LaTeX Font Info:    Redeclaring math symbol \subsetneqq on input line 207.
LaTeX Font Info:    Redeclaring math symbol \nparallel on input line 215.
LaTeX Font Info:    Redeclaring math symbol \nvDash on input line 221.
LaTeX Font Info:    Redeclaring math symbol \nexists on input line 235.
LaTeX Font Info:    Redeclaring math symbol \smallsetminus on input line 251.
LaTeX Font Info:    Redeclaring math symbol \curvearrowleft on input line 257.
LaTeX Font Info:    Redeclaring math symbol \curvearrowright on input line 258.
LaTeX Font Info:    Redeclaring math symbol \varkappa on input line 260.
LaTeX Font Info:    Redeclaring math symbol \hslash on input line 262.
)
(/usr/share/texmf-dist/tex/latex/hyperref/hyperref.sty
Package: hyperref 2023-02-07 v7.00v Hypertext links for LaTeX
 (/usr/share/texmf-dist/tex/latex/kvsetkeys/kvsetkeys.sty
Package: kvsetkeys 2022-10-05 v1.19 Key value parser (HO)
) (/usr/share/texmf-dist/tex/generic/kvdefinekeys/kvdefinekeys.sty
Package: kvdefinekeys 2019-12-19 v1.6 Define keys (HO)
) (/usr/share/texmf-dist/tex/generic/pdfescape/pdfescape.sty
Package: pdfescape 2019/12/09 v1.15 Implements pdfTeX's escape features (HO)
) (/usr/share/texmf-dist/tex/latex/hycolor/hycolor.sty
Package: hycolor 2020-01-27 v1.10 Color options for hyperref/bookmark (HO)
) (/usr/share/texmf-dist/tex/latex/letltxmacro/letltxmacro.sty
Package: letltxmacro 2019/12/03 v1.6 Let assignment for LaTeX macros (HO)
) (/usr/share/texmf-dist/tex/latex/hyperref/nameref.sty
Package: nameref 2022-05-17 v2.50 Cross-referencing by name of section
 (/usr/share/texmf-dist/tex/latex/refcount/refcount.sty
Package: refcount 2019/12/15 v3.6 Data extraction from label references (HO)
) (/usr/share/texmf-dist/tex/generic/gettitlestring/gettitlestring.sty
Package: gettitlestring 2019/12/15 v1.6 Cleanup title references (HO)
 (/usr/share/texmf-dist/tex/latex/kvoptions/kvoptions.sty
Package: kvoptions 2022-06-15 v3.15 Key value format for package options (HO)
))
\c@section@level=\count434
)
\@linkdim=\dimen390
\Hy@linkcounter=\count435
\Hy@pagecounter=\count436
 (/usr/share/texmf-dist/tex/latex/hyperref/pd1enc.def
File: pd1enc.def 2023-02-07 v7.00v Hyperref: PDFDocEncoding definition (HO)
Now handling font encoding PD1 ...
... no UTF-8 mapping file for font encoding PD1
) (/usr/share/texmf-dist/tex/generic/intcalc/intcalc.sty
Package: intcalc 2019/12/15 v1.3 Expandable calculations with integers (HO)
) (/usr/share/texmf-dist/tex/generic/etexcmds/etexcmds.sty
Package: etexcmds 2019/12/15 v1.7 Avoid name clashes with e-TeX commands (HO)
)
\Hy@SavedSpaceFactor=\count437
 (/usr/share/texmf-dist/tex/latex/hyperref/puenc.def
File: puenc.def 2023-02-07 v7.00v Hyperref: PDF Unicode definition (HO)
Now handling font encoding PU ...
... no UTF-8 mapping file for font encoding PU
)
Package hyperref Info: Hyper figures OFF on input line 4177.
Package hyperref Info: Link nesting OFF on input line 4182.
Package hyperref Info: Hyper index ON on input line 4185.
Package hyperref Info: Plain pages OFF on input line 4192.
Package hyperref Info: Backreferencing OFF on input line 4197.
Package hyperref Info: Implicit mode ON; LaTeX internals redefined.
Package hyperref Info: Bookmarks ON on input line 4425.
\c@Hy@tempcnt=\count438
 (/usr/share/texmf-dist/tex/latex/url/url.sty
\Urlmuskip=\muskip17
Package: url 2013/09/16  ver 3.4  Verb mode for urls, etc.
)
LaTeX Info: Redefining \url on input line 4763.
\XeTeXLinkMargin=\dimen391
 (/usr/share/texmf-dist/tex/generic/bitset/bitset.sty
Package: bitset 2019/12/09 v1.3 Handle bit-vector datatype (HO)
 (/usr/share/texmf-dist/tex/generic/bigintcalc/bigintcalc.sty
Package: bigintcalc 2019/12/15 v1.5 Expandable calculations on big integers (HO)
))
\Fld@menulength=\count439
\Field@Width=\dimen392
\Fld@charsize=\dimen393
Package hyperref Info: Hyper figures OFF on input line 6042.
Package hyperref Info: Link nesting OFF on input line 6047.
Package hyperref Info: Hyper index ON on input line 6050.
Package hyperref Info: backreferencing OFF on input line 6057.
Package hyperref Info: Link coloring OFF on input line 6062.
Package hyperref Info: Link coloring with OCG OFF on input line 6067.
Package hyperref Info: PDF/A mode OFF on input line 6072.
 (/usr/share/texmf-dist/tex/latex/base/atbegshi-ltx.sty
Package: atbegshi-ltx 2021/01/10 v1.0c Emulation of the original atbegshi
package with kernel methods
)
\Hy@abspage=\count440
\c@Item=\count441
\c@Hfootnote=\count442
)
Package hyperref Info: Driver (autodetected): hpdftex.
 (/usr/share/texmf-dist/tex/latex/hyperref/hpdftex.def
File: hpdftex.def 2023-02-07 v7.00v Hyperref driver for pdfTeX
 (/usr/share/texmf-dist/tex/latex/base/atveryend-ltx.sty
Package: atveryend-ltx 2020/08/19 v1.0a Emulation of the original atveryend package
with kernel methods
)
\Fld@listcount=\count443
\c@bookmark@seq@number=\count444
 (/usr/share/texmf-dist/tex/latex/rerunfilecheck/rerunfilecheck.sty
Package: rerunfilecheck 2022-07-10 v1.10 Rerun checks for auxiliary files (HO)
 (/usr/share/texmf-dist/tex/generic/uniquecounter/uniquecounter.sty
Package: uniquecounter 2019/12/15 v1.4 Provide unlimited unique counter (HO)
)
Package uniquecounter Info: New unique counter `rerunfilecheck' on input line 285.
)
\Hy@SectionHShift=\skip71
) (/usr/share/texmf-dist/tex/generic/pgf/frontendlayer/tikz/libraries/tikzlibraryarrows.code.tex
File: tikzlibraryarrows.code.tex 2023-01-15 v3.1.10 (3.1.10)
 (/usr/share/texmf-dist/tex/generic/pgf/libraries/pgflibraryarrows.code.tex
File: pgflibraryarrows.code.tex 2023-01-15 v3.1.10 (3.1.10)
\arrowsize=\dimen394
))
Package translations Info: No language package found. I am going to use `english' as default language. on input line 93.
 (./gal.aux)
\openout1 = `gal.aux'.

LaTeX Font Info:    Checking defaults for OML/cmm/m/it on input line 93.
LaTeX Font Info:    ... okay on input line 93.
LaTeX Font Info:    Checking defaults for OMS/cmsy/m/n on input line 93.
LaTeX Font Info:    ... okay on input line 93.
LaTeX Font Info:    Checking defaults for OT1/cmr/m/n on input line 93.
LaTeX Font Info:    ... okay on input line 93.
LaTeX Font Info:    Checking defaults for T1/cmr/m/n on input line 93.
LaTeX Font Info:    ... okay on input line 93.
LaTeX Font Info:    Checking defaults for TS1/cmr/m/n on input line 93.
LaTeX Font Info:    ... okay on input line 93.
LaTeX Font Info:    Checking defaults for OMX/cmex/m/n on input line 93.
LaTeX Font Info:    ... okay on input line 93.
LaTeX Font Info:    Checking defaults for U/cmr/m/n on input line 93.
LaTeX Font Info:    ... okay on input line 93.
LaTeX Font Info:    Checking defaults for FML/futm/m/it on input line 93.
LaTeX Font Info:    Trying to load font information for FML+futm on input line 93.
 (/usr/share/texmf-dist/tex/latex/fourier/fmlfutm.fd
File: fmlfutm.fd 2004/10/30 Fontinst v1.926 font definitions for FML/futm.
)
LaTeX Font Info:    ... okay on input line 93.
LaTeX Font Info:    Checking defaults for FMS/futm/m/n on input line 93.
LaTeX Font Info:    Trying to load font information for FMS+futm on input line 93.
 (/usr/share/texmf-dist/tex/latex/fourier/fmsfutm.fd
File: fmsfutm.fd 2004/10/30 Fontinst v1.926 font definitions for FMS/futm.
)
LaTeX Font Info:    ... okay on input line 93.
LaTeX Font Info:    Checking defaults for FMX/futm/m/n on input line 93.
LaTeX Font Info:    Trying to load font information for FMX+futm on input line 93.
 (/usr/share/texmf-dist/tex/latex/fourier/fmxfutm.fd
File: fmxfutm.fd futm-extension
)
LaTeX Font Info:    ... okay on input line 93.
LaTeX Font Info:    Checking defaults for PD1/pdf/m/n on input line 93.
LaTeX Font Info:    ... okay on input line 93.
LaTeX Font Info:    Checking defaults for PU/pdf/m/n on input line 93.
LaTeX Font Info:    ... okay on input line 93.
 (/usr/share/texmf-dist/tex/context/base/mkii/supp-pdf.mkii
[Loading MPS to PDF converter (version 2006.09.02).]
\scratchcounter=\count445
\scratchdimen=\dimen395
\scratchbox=\box103
\nofMPsegments=\count446
\nofMParguments=\count447
\everyMPshowfont=\toks56
\MPscratchCnt=\count448
\MPscratchDim=\dimen396
\MPnumerator=\count449
\makeMPintoPDFobject=\count450
\everyMPtoPDFconversion=\toks57
) (/usr/share/texmf-dist/tex/latex/epstopdf-pkg/epstopdf-base.sty
Package: epstopdf-base 2020-01-24 v2.11 Base part for package epstopdf
Package epstopdf-base Info: Redefining graphics rule for `.eps' on input line 485.
 (/usr/share/texmf-dist/tex/latex/latexconfig/epstopdf-sys.cfg
File: epstopdf-sys.cfg 2010/07/13 v1.3 Configuration of (r)epstopdf for TeX Live
))
Package pgfplots notification 'compat/show suggested version=true': you might benefit from \pgfplotsset{compat=1.18} (current compat level: 1.15).


Package chemgreek Info: Activating mapping `fourier' on line 93.

*geometry* driver: auto-detecting
*geometry* detected driver: pdftex
*geometry* verbose mode - [ preamble ] result:
* driver: pdftex
* paper: a4paper
* layout: <same size as paper>
* layoutoffset:(h,v)=(0.0pt,0.0pt)
* modes: 
* h-part:(L,W,R)=(81.94394pt, 433.62pt, 81.94394pt)
* v-part:(T,H,B)=(48.93872pt, 722.7pt, 73.40813pt)
* \paperwidth=597.50787pt
* \paperheight=845.04684pt
* \textwidth=433.62pt
* \textheight=722.7pt
* \oddsidemargin=9.67395pt
* \evensidemargin=9.67395pt
* \topmargin=-60.33127pt
* \headheight=12.0pt
* \headsep=25.0pt
* \topskip=10.0pt
* \footskip=30.0pt
* \marginparwidth=65.0pt
* \marginparsep=11.0pt
* \columnsep=10.0pt
* \skip\footins=9.0pt plus 4.0pt minus 2.0pt
* \hoffset=0.0pt
* \voffset=0.0pt
* \mag=1000
* \@twocolumnfalse
* \@twosidefalse
* \@mparswitchfalse
* \@reversemarginfalse
* (1in=72.27pt=25.4mm, 1cm=28.453pt)

LaTeX Font Info:    Redeclaring math accent \widehat on input line 93.
LaTeX Font Info:    Redeclaring math accent \widetilde on input line 93.
(/usr/share/texmf-dist/tex/latex/translations/translations-basic-dictionary-english.trsl
File: translations-basic-dictionary-english.trsl (english translation file `translations-basic-dictionary')
)
Package translations Info: loading dictionary `translations-basic-dictionary' for `english'. on input line 93.
 (/usr/share/texmf-dist/tex/latex/pdflscape/pdflscape.sty
Package: pdflscape 2022-10-27 v0.13 Display of landscape pages in PDF
 (/usr/share/texmf-dist/tex/latex/pdflscape/pdflscape-nometadata.sty
Package: pdflscape-nometadata 2022-10-28 v0.13 Display of landscape pages in PDF (HO)
 (/usr/share/texmf-dist/tex/latex/graphics/lscape.sty
Package: lscape 2020/05/28 v3.02 Landscape Pages (DPC)
)
Package pdflscape Info: Auto-detected driver: pdftex on input line 81.
))
Package hyperref Info: Link coloring OFF on input line 93.
 (./gal.out) (./gal.out)
\@outlinefile=\write6
\openout6 = `gal.out'.

 (./titlepage.tex
<pngegg.png, id=356, 1027.84pt x 1027.84pt>
File: pngegg.png Graphic file (type png)
<use pngegg.png>
Package pdftex.def Info: pngegg.png  used on input line 5.
(pdftex.def)             Requested size: 174.73048pt x 174.73048pt.
 [1
Non-PDF special ignored!
<special> header=pstricks.pro
Non-PDF special ignored!
<special> header=pst-algparser.pro
Non-PDF special ignored!
<special> header=pst-tools.pro
Non-PDF special ignored!
<special> header=pst-dots.pro
Non-PDF special ignored!
<special> header=pst-node.pro
Non-PDF special ignored!
<special> header=pst-3d.pro
Non-PDF special ignored!
<special> header=pst-math.pro
Non-PDF special ignored!
<special> header=pstricks-add.pro
Non-PDF special ignored!
<special> header=pst-grad.pro
Non-PDF special ignored!
<special> header=pst-coil.pro
Non-PDF special ignored!
<special> header=pst-text.pro
Non-PDF special ignored!
<special> header=pst-3dplot.pro

Non-PDF special ignored!
<special> ps: /pssetRGBcolor /setrgbcolor load def /pssetCMYKcolor /setcmyk...
Non-PDF special ignored!
<special> ps:tx@Dict begin  gsave STV CP T /ps@rot 0 def grestore  end
Non-PDF special ignored!
<special> ps:tx@Dict begin  gsave STV CP T /ps@refangle 0.  def grestore  e...
Non-PDF special ignored!
<special> ps:0.8 setlinewidth 0 setgray
Non-PDF special ignored!
<special> ps:tx@Dict begin  gsave STV CP T /ps@rot 0 def grestore  end
Non-PDF special ignored!
<special> ps:0.8 setlinewidth 0 setgray
{/var/lib/texmf/fonts/map/pdftex/updmap/pdftex.map}{/usr/share/texmf-dist/fonts/enc/dvips/base/8r.enc} <./pngegg.png>]) (./gal.toc
LaTeX Font Info:    Trying to load font information for FML+futmi on input line 2.
 (/usr/share/texmf-dist/tex/latex/fourier/fmlfutmi.fd
File: fmlfutmi.fd 2004/10/30 Fontinst v1.926 font definitions for FML/futmi.
)
LaTeX Font Info:    Font shape `FMX/futm/m/n' will be
(Font)              scaled to size 9.19998pt on input line 2.
LaTeX Font Info:    Font shape `FMX/futm/m/n' will be
(Font)              scaled to size 6.99199pt on input line 2.
LaTeX Font Info:    Font shape `FMX/futm/m/n' will be
(Font)              scaled to size 5.51999pt on input line 2.
LaTeX Font Info:    Font shape `U/futm/m/n' will be
(Font)              scaled to size 9.19998pt on input line 2.
LaTeX Font Info:    Font shape `U/futm/m/n' will be
(Font)              scaled to size 6.99199pt on input line 2.
LaTeX Font Info:    Font shape `U/futm/m/n' will be
(Font)              scaled to size 5.51999pt on input line 2.
LaTeX Font Info:    Trying to load font information for U+rsfs on input line 2.
 (/usr/share/texmf-dist/tex/latex/jknapltx/ursfs.fd
File: ursfs.fd 1998/03/24 rsfs font definition file (jk)
)
LaTeX Font Info:    Trying to load font information for U+msa on input line 2.
 (/usr/share/texmf-dist/tex/latex/amsfonts/umsa.fd
File: umsa.fd 2013/01/14 v3.01 AMS symbols A
)
LaTeX Font Info:    Trying to load font information for U+msb on input line 2.
 (/usr/share/texmf-dist/tex/latex/amsfonts/umsb.fd
File: umsb.fd 2013/01/14 v3.01 AMS symbols B
)
pdfTeX warning (ext4): destination with the same identifier (name{page.1}) has been already used, duplicate ignored
<to be read again> 
                   \relax 
l.62 ...n}{Teorema: Suriettivi}{31}{section*.41}
                                                  % [1])
\tf@toc=\write7
\openout7 = `gal.toc'.

 [2]
Overfull \hbox (32.21931pt too wide) in paragraph at lines 111--112
\T1/futs/m/n/10 Prima di par-lare di sis-temi defini-amo cosa si in-tende per \T1/futs/m/it/10 equazione lin-eare\T1/futs/m/n/10 : un'equazione lin-eare  un'uguaglianza
 []

Package svg Info: Last page of `./svg-inkscape/sistemi_piani_svg-tex.pdf' is 1 on input line 145.
(./svg-inkscape/sistemi_piani_svg-tex.pdf_tex
<./svg-inkscape/sistemi_piani_svg-tex.pdf, id=466, page=1, 656.32918pt x 378.90564pt>
File: ./svg-inkscape/sistemi_piani_svg-tex.pdf Graphic file (type pdf)
<use ./svg-inkscape/sistemi_piani_svg-tex.pdf, page 1>
Package pdftex.def Info: ./svg-inkscape/sistemi_piani_svg-tex.pdf , page1 used on input line 56.
(pdftex.def)             Requested size: 393.8015pt x 227.34512pt.
)

Package hyperref Warning: Difference (2) between bookmark levels is greater 
(hyperref)                than one, level fixed on input line 160.


Overfull \hbox (3.9325pt too wide) in paragraph at lines 160--161
 [][][][][][] 
 []

[3 <./svg-inkscape/sistemi_piani_svg-tex.pdf>]
Overfull \hbox (3.9325pt too wide) in paragraph at lines 212--213
 [][][][][][] 
 []

[4] [5]
Overfull \hbox (3.9325pt too wide) in paragraph at lines 330--331
 [][][][][][] 
 []

[6]
Overfull \hbox (3.9325pt too wide) in paragraph at lines 428--429
 [][][][][][] 
 []

Package svg Info: Last page of `./svg-inkscape/vettori_u_svg-tex.pdf' is 1 on input line 445.
(./svg-inkscape/vettori_u_svg-tex.pdf_tex
<./svg-inkscape/vettori_u_svg-tex.pdf, id=499, page=1, 209.7109pt x 194.3331pt>
File: ./svg-inkscape/vettori_u_svg-tex.pdf Graphic file (type pdf)
<use ./svg-inkscape/vettori_u_svg-tex.pdf, page 1>
Package pdftex.def Info: ./svg-inkscape/vettori_u_svg-tex.pdf , page1 used on input line 56.
(pdftex.def)             Requested size: 167.76936pt x 155.46964pt.
)
Package svg Info: Last page of `./svg-inkscape/vettori_du_svg-tex.pdf' is 1 on input line 477.
 (./svg-inkscape/vettori_du_svg-tex.pdf_tex
<./svg-inkscape/vettori_du_svg-tex.pdf, id=501, page=1, 331.12769pt x 311.37515pt>
File: ./svg-inkscape/vettori_du_svg-tex.pdf Graphic file (type pdf)
<use ./svg-inkscape/vettori_du_svg-tex.pdf, page 1>
Package pdftex.def Info: ./svg-inkscape/vettori_du_svg-tex.pdf , page1 used on input line 56.
(pdftex.def)             Requested size: 264.90312pt x 249.10045pt.
) [7 <./svg-inkscape/vettori_u_svg-tex.pdf>]
Overfull \hbox (0.74937pt too wide) in paragraph at lines 483--484
 []\T1/futs/b/n/10 Prodotto come com-po-sizione di trasfor-mazioni \T1/futs/m/n/10 Se ap-plichi-amo pi trasfor-mazioni con-sec-u-tive, quindi
 []

[8 <./svg-inkscape/vettori_du_svg-tex.pdf>]
<figures/determ.png, id=519, 1011.78pt x 524.96124pt>
File: figures/determ.png Graphic file (type png)
<use figures/determ.png>
Package pdftex.def Info: figures/determ.png  used on input line 525.
(pdftex.def)             Requested size: 303.53633pt x 157.48958pt.

Overfull \hbox (3.9325pt too wide) in paragraph at lines 559--560
 [][][][][][] 
 []

[9 <./figures/determ.png>] [10]
Overfull \hbox (3.9325pt too wide) in paragraph at lines 713--714
 [][][][][][] 
 []

[11]
Overfull \hbox (3.9325pt too wide) in paragraph at lines 766--767
 [][][][][][] 
 []

[12]
Overfull \hbox (3.9325pt too wide) in paragraph at lines 822--823
 [][][][][][] 
 []


Underfull \hbox (badness 10000) in paragraph at lines 839--841

 []

[13]
Overfull \hbox (3.9325pt too wide) in paragraph at lines 903--904
 [][][][][][] 
 []

[14]
<figures/norma.png, id=565, 793.96625pt x 529.98pt>
File: figures/norma.png Graphic file (type png)
<use figures/norma.png>
Package pdftex.def Info: figures/norma.png  used on input line 966.
(pdftex.def)             Requested size: 158.79044pt x 105.99411pt.
<figures/angoli.png, id=566, 1384.17125pt x 350.30875pt>
File: figures/angoli.png Graphic file (type png)
<use figures/angoli.png>
Package pdftex.def Info: figures/angoli.png  used on input line 981.
(pdftex.def)             Requested size: 346.04196pt x 87.57697pt.

Overfull \hbox (3.9325pt too wide) in paragraph at lines 1002--1003
 [][][][][][] 
 []

LaTeX Font Info:    Trying to load font information for TS1+futs on input line 1012.
(/usr/share/texmf-dist/tex/latex/fourier/ts1futs.fd
File: ts1futs.fd 2003/09/14 Fontinst v1.801 font definitions for TS1/futs.
) [15 <./figures/norma.png> <./figures/angoli.png>]
<figures/proj.png, id=575, 672.5125pt x 407.5225pt>
File: figures/proj.png Graphic file (type png)
<use figures/proj.png>
Package pdftex.def Info: figures/proj.png  used on input line 1022.
(pdftex.def)             Requested size: 168.1277pt x 101.88037pt.

Overfull \hbox (3.9325pt too wide) in paragraph at lines 1036--1037
 [][][][][][] 
 []


Overfull \hbox (3.9325pt too wide) in paragraph at lines 1073--1074
 [][][][][][] 
 []

[16 <./figures/proj.png>]
Overfull \hbox (3.9325pt too wide) in paragraph at lines 1098--1099
 [][][][][][] 
 []


Overfull \hbox (3.9325pt too wide) in paragraph at lines 1127--1128
 [][][][][][] 
 []


Underfull \hbox (badness 10000) in paragraph at lines 1152--1154

 []

[17]
Overfull \hbox (3.9325pt too wide) in paragraph at lines 1186--1187
 [][][][][][] 
 []

<figures/uedge.png, id=587, 799.98875pt x 585.18625pt>
File: figures/uedge.png Graphic file (type png)
<use figures/uedge.png>
Package pdftex.def Info: figures/uedge.png  used on input line 1240.
(pdftex.def)             Requested size: 119.99313pt x 87.77414pt.

Overfull \hbox (3.9325pt too wide) in paragraph at lines 1257--1258
 [][][][][][] 
 []

[18 <./figures/uedge.png>] [19]
Overfull \hbox (3.9325pt too wide) in paragraph at lines 1309--1310
 [][][][][][] 
 []


Package hyperref Warning: Difference (2) between bookmark levels is greater 
(hyperref)                than one, level fixed on input line 1313.


Overfull \hbox (3.9325pt too wide) in paragraph at lines 1343--1344
 [][][][][][] 
 []

<figures/subspace.png, id=599, 878.28125pt x 551.05875pt>
File: figures/subspace.png Graphic file (type png)
<use figures/subspace.png>
Package pdftex.def Info: figures/subspace.png  used on input line 1347.
(pdftex.def)             Requested size: 219.56978pt x 137.76434pt.

Overfull \hbox (3.9325pt too wide) in paragraph at lines 1362--1363
 [][][][][][] 
 []

[20 <./figures/subspace.png>]

Package hyperref Warning: Token not allowed in a PDF string (Unicode):
(hyperref)                removing `math shift' on input line 1387.


Package hyperref Warning: Token not allowed in a PDF string (Unicode):
(hyperref)                removing `math shift' on input line 1387.


Overfull \hbox (3.9325pt too wide) in paragraph at lines 1426--1427
 [][][][][][] 
 []

[21]
Underfull \hbox (badness 10000) in paragraph at lines 1439--1440

 []


Underfull \hbox (badness 10000) in paragraph at lines 1454--1456

 []


Package hyperref Warning: Token not allowed in a PDF string (Unicode):
(hyperref)                removing `math shift' on input line 1471.


Package hyperref Warning: Token not allowed in a PDF string (Unicode):
(hyperref)                removing `\cap' on input line 1471.


Package hyperref Warning: Token not allowed in a PDF string (Unicode):
(hyperref)                removing `math shift' on input line 1471.


Overfull \hbox (3.9325pt too wide) in paragraph at lines 1482--1483
 [][][][][][] 
 []


Overfull \hbox (3.9325pt too wide) in paragraph at lines 1495--1496
 [][][][][][] 
 []


Overfull \hbox (3.9325pt too wide) in paragraph at lines 1510--1511
 [][][][][][] 
 []

[22]
<figures/span.png, id=629, 1379.1525pt x 539.01375pt>
File: figures/span.png Graphic file (type png)
<use figures/span.png>
Package pdftex.def Info: figures/span.png  used on input line 1516.
(pdftex.def)             Requested size: 413.74895pt x 161.70537pt.

Overfull \hbox (3.9325pt too wide) in paragraph at lines 1540--1541
 [][][][][][] 
 []

<figures/linind.png, id=630, 1682.285pt x 461.725pt>
File: figures/linind.png Graphic file (type png)
<use figures/linind.png>
Package pdftex.def Info: figures/linind.png  used on input line 1544.
(pdftex.def)             Requested size: 370.10385pt x 101.5798pt.
<figures/linind2.png, id=631, 1679.27374pt x 533.995pt>
File: figures/linind2.png Graphic file (type png)
<use figures/linind2.png>
Package pdftex.def Info: figures/linind2.png  used on input line 1552.
(pdftex.def)             Requested size: 369.44136pt x 117.47926pt.
[23 <./figures/span.png> <./figures/linind.png>]
Overfull \hbox (3.9325pt too wide) in paragraph at lines 1570--1571
 [][][][][][] 
 []


Overfull \hbox (3.9325pt too wide) in paragraph at lines 1584--1585
 [][][][][][] 
 []

[24 <./figures/linind2.png>]
LaTeX Font Info:    Font shape `T1/futs/bx/n' in size <10> not available
(Font)              Font shape `T1/futs/b/n' tried instead on input line 1688.
LaTeX Font Info:    Font shape `T1/futs/bx/n' in size <7.6> not available
(Font)              Font shape `T1/futs/b/n' tried instead on input line 1688.
LaTeX Font Info:    Font shape `T1/futs/bx/n' in size <6> not available
(Font)              Font shape `T1/futs/b/n' tried instead on input line 1688.
 [25]
Overfull \hbox (4.70923pt too wide) in paragraph at lines 1711--1712
\T1/futs/m/n/10 In moltissimi casi risulta pi co-modo es-primere un vet-tore rispetto a una base di-versa da quella di partenza.
 []

[26]
Overfull \hbox (3.1522pt too wide) in paragraph at lines 1861--1863
 []\T1/futs/b/n/10 C(A) e nullspace[] \T1/futs/m/n/10 Che re-lazione in-ter-corre tra lo spazio delle colonne e il nullspace? Scriv-i-amo l'equazione
 []

[27]
Overfull \hbox (3.9325pt too wide) in paragraph at lines 1881--1882
 [][][][][][] 
 []


Overfull \hbox (3.9325pt too wide) in paragraph at lines 1944--1945
 [][][][][][] 
 []

[28] [29]
Overfull \hbox (3.9325pt too wide) in paragraph at lines 2021--2022
 [][][][][][] 
 []


Package hyperref Warning: Difference (2) between bookmark levels is greater 
(hyperref)                than one, level fixed on input line 2043.


Overfull \hbox (3.9325pt too wide) in paragraph at lines 2043--2044
 [][][][][][] 
 []

[30]
Overfull \hbox (3.9325pt too wide) in paragraph at lines 2127--2128
 [][][][][][] 
 []


Overfull \hbox (3.9325pt too wide) in paragraph at lines 2148--2149
 [][][][][][] 
 []

[31]
Overfull \hbox (3.9325pt too wide) in paragraph at lines 2221--2222
 [][][][][][] 
 []

[32]
Overfull \hbox (3.9325pt too wide) in paragraph at lines 2240--2241
 [][][][][][] 
 []


Package hyperref Warning: Token not allowed in a PDF string (Unicode):
(hyperref)                removing `math shift' on input line 2251.


Package hyperref Warning: Token not allowed in a PDF string (Unicode):
(hyperref)                removing `superscript' on input line 2251.


Package hyperref Warning: Token not allowed in a PDF string (Unicode):
(hyperref)                removing `math shift' on input line 2251.


Overfull \hbox (3.9325pt too wide) in paragraph at lines 2251--2252
 [][][][][][] 
 []


Overfull \hbox (3.9325pt too wide) in paragraph at lines 2283--2284
 [][][][][][] 
 []

[33]
Overfull \hbox (3.9325pt too wide) in paragraph at lines 2303--2304
 [][][][][][] 
 []


Overfull \hbox (3.9325pt too wide) in paragraph at lines 2333--2334
 [][][][][][] 
 []

[34]
Overfull \hbox (3.9325pt too wide) in paragraph at lines 2470--2471
 [][][][][][] 
 []

[35]
Underfull \hbox (badness 10000) in paragraph at lines 2479--2480

 []


Underfull \hbox (badness 10000) in paragraph at lines 2511--2513

 []


Package hyperref Warning: Difference (2) between bookmark levels is greater 
(hyperref)                than one, level fixed on input line 2536.

[36]
LaTeX Font Info:    Font shape `FMX/futm/m/n' will be
(Font)              scaled to size 11.03998pt on input line 2552.
LaTeX Font Info:    Font shape `FMX/futm/m/n' will be
(Font)              scaled to size 8.27998pt on input line 2552.
LaTeX Font Info:    Font shape `FMX/futm/m/n' will be
(Font)              scaled to size 6.43999pt on input line 2552.
LaTeX Font Info:    Font shape `T1/futs/bx/n' in size <12> not available
(Font)              Font shape `T1/futs/b/n' tried instead on input line 2552.
LaTeX Font Info:    Font shape `T1/futs/bx/n' in size <9> not available
(Font)              Font shape `T1/futs/b/n' tried instead on input line 2552.
LaTeX Font Info:    Font shape `T1/futs/bx/n' in size <7> not available
(Font)              Font shape `T1/futs/b/n' tried instead on input line 2552.
LaTeX Font Info:    Font shape `U/futm/m/n' will be
(Font)              scaled to size 11.03998pt on input line 2552.
LaTeX Font Info:    Font shape `U/futm/m/n' will be
(Font)              scaled to size 8.27998pt on input line 2552.
LaTeX Font Info:    Font shape `U/futm/m/n' will be
(Font)              scaled to size 6.43999pt on input line 2552.


Package hyperref Warning: Token not allowed in a PDF string (Unicode):
(hyperref)                removing `math shift' on input line 2552.


Package hyperref Warning: Token not allowed in a PDF string (Unicode):
(hyperref)                removing `subscript' on input line 2552.


Package hyperref Warning: Token not allowed in a PDF string (Unicode):
(hyperref)                removing `math shift' on input line 2552.

Package svg Info: Last page of `./svg-inkscape/isometrie_svg-tex.pdf' is 1 on input line 2569.
(./svg-inkscape/isometrie_svg-tex.pdf_tex
<./svg-inkscape/isometrie_svg-tex.pdf, id=725, page=1, 742.78407pt x 352.806pt>
File: ./svg-inkscape/isometrie_svg-tex.pdf Graphic file (type pdf)
<use ./svg-inkscape/isometrie_svg-tex.pdf, page 1>
Package pdftex.def Info: ./svg-inkscape/isometrie_svg-tex.pdf , page1 used on input line 56.
(pdftex.def)             Requested size: 259.97896pt x 123.48395pt.
)

Package hyperref Warning: Token not allowed in a PDF string (Unicode):
(hyperref)                removing `math shift' on input line 2573.


Package hyperref Warning: Token not allowed in a PDF string (Unicode):
(hyperref)                removing `subscript' on input line 2573.


Package hyperref Warning: Token not allowed in a PDF string (Unicode):
(hyperref)                removing `math shift' on input line 2573.


Overfull \hbox (3.9325pt too wide) in paragraph at lines 2581--2582
 [][][][][][] 
 []

[37 <./svg-inkscape/isometrie_svg-tex.pdf>]
Package svg Info: Last page of `./svg-inkscape/quad_svg-tex.pdf' is 1 on input line 2607.
 (./svg-inkscape/quad_svg-tex.pdf_tex
<./svg-inkscape/quad_svg-tex.pdf, id=749, page=1, 167.20915pt x 127.01016pt>
File: ./svg-inkscape/quad_svg-tex.pdf Graphic file (type pdf)
<use ./svg-inkscape/quad_svg-tex.pdf, page 1>
Package pdftex.def Info: ./svg-inkscape/quad_svg-tex.pdf , page1 used on input line 56.
(pdftex.def)             Requested size: 133.7678pt x 101.6102pt.
)
Underfull \hbox (badness 10000) in paragraph at lines 2658--2660

 []

[38 <./svg-inkscape/quad_svg-tex.pdf>]
Package svg Info: Last page of `./svg-inkscape/matriceblu_svg-tex.pdf' is 1 on input line 2678.
 (./svg-inkscape/matriceblu_svg-tex.pdf_tex
<./svg-inkscape/matriceblu_svg-tex.pdf, id=760, page=1, 256.14406pt x 105.7417pt>
File: ./svg-inkscape/matriceblu_svg-tex.pdf Graphic file (type pdf)
<use ./svg-inkscape/matriceblu_svg-tex.pdf, page 1>
Package pdftex.def Info: ./svg-inkscape/matriceblu_svg-tex.pdf , page1 used on input line 56.
(pdftex.def)             Requested size: 179.30003pt x 74.01866pt.
)
Underfull \hbox (badness 10000) in paragraph at lines 2687--2689

 []

Package svg Info: Last page of `./svg-inkscape/matricelunga_svg-tex.pdf' is 1 on input line 2699.
(./svg-inkscape/matricelunga_svg-tex.pdf_tex
<./svg-inkscape/matricelunga_svg-tex.pdf, id=762, page=1, 420.68227pt x 187.10251pt>
File: ./svg-inkscape/matricelunga_svg-tex.pdf Graphic file (type pdf)
<use ./svg-inkscape/matricelunga_svg-tex.pdf, page 1>
Package pdftex.def Info: ./svg-inkscape/matricelunga_svg-tex.pdf , page1 used on input line 56.
(pdftex.def)             Requested size: 294.47629pt x 130.97656pt.
) [39 <./svg-inkscape/matriceblu_svg-tex.pdf> <./svg-inkscape/matricelunga_svg-tex.pdf

pdfTeX warning: pdflatex (file ./svg-inkscape/matricelunga_svg-tex.pdf): PDF inclusion: multiple pdfs with page group included in a single page
>]
Overfull \hbox (3.9325pt too wide) in paragraph at lines 2781--2782
 [][][][][][] 
 []

[40]
Overfull \hbox (3.9325pt too wide) in paragraph at lines 2833--2834
 [][][][][][] 
 []


Underfull \hbox (badness 10000) in paragraph at lines 2905--2907

 []


Underfull \hbox (badness 10000) in paragraph at lines 2920--2922

 []


Underfull \hbox (badness 10000) in paragraph at lines 2920--2922

 []

[41] [42] [43]
Overfull \hbox (3.9325pt too wide) in paragraph at lines 2999--3000
 [][][][][][] 
 []


Overfull \hbox (4.72964pt too wide) in paragraph at lines 3009--3010
[]\T1/futs/m/n/10 Da no-tare come sia pos-si-bile definire in modo nat-u-rale na strut-tura di spazio vet-to-ri-ale su $\U/futm/m/n/10 R$ \T1/futs/m/n/10 sull'insieme
 []

[44]
Underfull \hbox (badness 10000) in paragraph at lines 3065--3066

 []


Overfull \hbox (3.9325pt too wide) in paragraph at lines 3088--3089
 [][][][][][] 
 []


Package hyperref Warning: Token not allowed in a PDF string (Unicode):
(hyperref)                removing `math shift' on input line 3098.


Package hyperref Warning: Token not allowed in a PDF string (Unicode):
(hyperref)                removing `\oldphi' on input line 3098.


Package hyperref Warning: Token not allowed in a PDF string (Unicode):
(hyperref)                removing `math shift' on input line 3098.


Overfull \hbox (3.9325pt too wide) in paragraph at lines 3117--3118
 [][][][][][] 
 []

[45]
Overfull \hbox (3.9325pt too wide) in paragraph at lines 3143--3144
 [][][][][][] 
 []


Underfull \hbox (badness 10000) in paragraph at lines 3153--3155

 []


Overfull \hbox (4.4025pt too wide) in paragraph at lines 3166--3167
[]\T1/futs/b/n/10 Semidefinita \T1/futs/m/n/10 pos-i-tiva (neg-a-tiva) se $\FML/futmi/m/it/10 Q\T1/futs/m/n/10 ([]) \FMS/futm/m/n/10 ^^U \T1/futs/m/n/10 0(\FMS/futm/m/n/10 ^^T \T1/futs/m/n/10 0)$ ma es-istono vet-tori che an-nul-lano la forma quadrat-
 []


Overfull \hbox (3.9325pt too wide) in paragraph at lines 3197--3198
 [][][][][][] 
 []

[46]
Underfull \hbox (badness 10000) in paragraph at lines 3215--3217

 []


Underfull \hbox (badness 10000) in paragraph at lines 3218--3220

 []


Overfull \hbox (3.9325pt too wide) in paragraph at lines 3240--3241
 [][][][][][] 
 []


Overfull \hbox (3.9325pt too wide) in paragraph at lines 3250--3251
 [][][][][][] 
 []

[47]
Underfull \hbox (badness 10000) in paragraph at lines 3267--3269

 []


Underfull \hbox (badness 10000) in paragraph at lines 3267--3269

 []


Underfull \hbox (badness 10000) in paragraph at lines 3281--3283

 []


Underfull \hbox (badness 10000) in paragraph at lines 3281--3283

 []


Overfull \hbox (3.9325pt too wide) in paragraph at lines 3320--3321
 [][][][][][] 
 []

[48]
Overfull \hbox (3.9325pt too wide) in paragraph at lines 3333--3334
 [][][][][][] 
 []


Overfull \hbox (3.9325pt too wide) in paragraph at lines 3389--3390
 [][][][][][] 
 []

[49]
Underfull \hbox (badness 10000) in paragraph at lines 3417--3419

 []


Underfull \hbox (badness 10000) in paragraph at lines 3420--3421

 []

[50] (./gal.aux)

LaTeX Font Warning: Size substitutions with differences
(Font)              up to 0.43996pt have occurred.

Package rerunfilecheck Info: File `gal.out' has not changed.
(rerunfilecheck)             Checksum: 5EB760858243CC9C88CCD656835B5B99;16442.
 ) 
Here is how much of TeX's memory you used:
 51435 strings out of 477985
 1171317 string characters out of 5840058
 1958635 words of memory out of 5000000
 70402 multiletter control sequences out of 15000+600000
 629909 words of font info for 156 fonts, out of 8000000 for 9000
 14 hyphenation exceptions out of 8191
 112i,17n,109p,718b,1439s stack positions out of 10000i,1000n,20000p,200000b,200000s
</usr/share/texmf-dist/fonts/type1/public/amsfonts/cm/cmmi10.pfb></usr/share/texmf-dist/fonts/type1/public/fourier/fourier-bb.pfb></usr/share/texmf-dist/fonts/type1/public/fourier/fourier-mcl.pfb></usr/share/texmf-dist/fonts/type1/public/fourier/fourier-mex.pfb></usr/share/texmf-dist/fonts/type1/public/fourier/fourier-mlit.pfb></usr/share/texmf-dist/fonts/type1/public/fourier/fourier-ms.pfb></usr/share/texmf-dist/fonts/type1/public/amsfonts/symbols/msam10.pfb></usr/share/texmf-dist/fonts/type1/adobe/utopia/putb8a.pfb></usr/share/texmf-dist/fonts/type1/adobe/utopia/putbi8a.pfb></usr/share/texmf-dist/fonts/type1/adobe/utopia/putr8a.pfb></usr/share/texmf-dist/fonts/type1/adobe/utopia/putri8a.pfb></usr/share/texmf-dist/fonts/type1/public/rsfs/rsfs10.pfb>
Output written on gal.pdf (51 pages, 897465 bytes).
PDF statistics:
 949 PDF objects out of 1000 (max. 8388607)
 823 compressed objects within 9 object streams
 242 named destinations out of 1000 (max. 500000)
 829 words of extra memory for PDF output out of 10000 (max. 10000000)

