\BOOKMARK [0][-]{chapter.1}{\376\377\000O\000n\000d\000e}{}% 1
\BOOKMARK [1][-]{section.1.1}{\376\377\000O\000n\000d\000e\000\040\000m\000e\000c\000c\000a\000n\000i\000c\000h\000e}{chapter.1}% 2
\BOOKMARK [2][-]{subsection.1.1.1}{\376\377\000O\000n\000d\000e\000\040\000i\000n\000\040\000u\000n\000a\000\040\000s\000b\000a\000r\000r\000a\000\040\000s\000o\000l\000i\000d\000a}{section.1.1}% 3
\BOOKMARK [2][-]{subsection.1.1.2}{\376\377\000O\000n\000d\000e\000\040\000i\000n\000\040\000u\000n\000a\000\040\000c\000o\000r\000d\000a\000\040\000t\000e\000s\000a}{section.1.1}% 4
\BOOKMARK [2][-]{subsection.1.1.3}{\376\377\000O\000n\000d\000e\000\040\000n\000e\000i\000\040\000g\000a\000s}{section.1.1}% 5
\BOOKMARK [3][-]{section*.2}{\376\377\000D\000e\000n\000s\000i\000t\000\340}{subsection.1.1.3}% 6
\BOOKMARK [3][-]{equation.1.1.4}{\376\377\000P\000r\000e\000s\000s\000i\000o\000n\000e}{subsection.1.1.3}% 7
\BOOKMARK [3][-]{equation.1.1.5}{\376\377\000F\000o\000r\000z\000a}{subsection.1.1.3}% 8
\BOOKMARK [3][-]{equation.1.1.6}{\376\377\000M\000o\000d\000u\000l\000o\000\040\000d\000i\000\040\000c\000o\000m\000p\000r\000e\000s\000s\000i\000b\000i\000l\000i\000t\000\340\000\040\000a\000d\000i\000a\000b\000a\000t\000i\000c\000a}{subsection.1.1.3}% 9
\BOOKMARK [1][-]{section.1.2}{\376\377\000O\000n\000d\000e\000\040\000p\000i\000a\000n\000e\000\040\000a\000r\000m\000o\000n\000i\000c\000h\000e}{chapter.1}% 10
\BOOKMARK [2][-]{subsection.1.2.1}{\376\377\000P\000r\000o\000p\000a\000g\000a\000z\000i\000o\000n\000e\000\040\000d\000e\000l\000l\000'\000e\000n\000e\000r\000g\000i\000a\000\040\000i\000n\000\040\000u\000n\000a\000\040\000b\000a\000r\000r\000a\000\040\000s\000o\000l\000i\000d\000a}{section.1.2}% 11
\BOOKMARK [3][-]{equation.1.2.8}{\376\377\000E\000n\000e\000r\000g\000i\000a\000\040\000p\000e\000r\000\040\000u\000n\000i\000t\000\340\000\040\000d\000i\000\040\000v\000o\000l\000u\000m\000e}{subsection.1.2.1}% 12
\BOOKMARK [3][-]{equation.1.2.9}{\376\377\000I\000n\000t\000e\000n\000s\000i\000t\000\340\000\040\000d\000e\000l\000l\000'\000o\000n\000d\000a}{subsection.1.2.1}% 13
\BOOKMARK [2][-]{subsection.1.2.2}{\376\377\000P\000r\000o\000p\000a\000g\000a\000z\000i\000o\000n\000e\000\040\000d\000e\000l\000l\000'\000e\000n\000e\000r\000g\000i\000a\000\040\000i\000n\000\040\000u\000n\000a\000\040\000c\000o\000r\000d\000a\000\040\000t\000e\000s\000a}{section.1.2}% 14
\BOOKMARK [3][-]{equation.1.2.10}{\376\377\000E\000n\000e\000r\000g\000i\000a\000\040\000p\000e\000r\000\040\000u\000n\000i\000t\000\340\000\040\000d\000i\000\040\000l\000u\000n\000g\000h\000e\000z\000z\000a}{subsection.1.2.2}% 15
\BOOKMARK [1][-]{section.1.3}{\376\377\000O\000n\000d\000e\000\040\000s\000o\000n\000o\000r\000e}{chapter.1}% 16
\BOOKMARK [2][-]{subsection.1.3.1}{\376\377\000P\000r\000e\000s\000s\000i\000o\000n\000e}{section.1.3}% 17
\BOOKMARK [2][-]{subsection.1.3.2}{\376\377\000P\000o\000t\000e\000n\000z\000a}{section.1.3}% 18
\BOOKMARK [2][-]{subsection.1.3.3}{\376\377\000I\000n\000t\000e\000n\000s\000i\000t\000\340}{section.1.3}% 19
\BOOKMARK [2][-]{subsection.1.3.4}{\376\377\000F\000o\000n\000o\000m\000e\000t\000r\000i\000a}{section.1.3}% 20
\BOOKMARK [3][-]{section*.3}{\376\377\000L\000i\000v\000e\000l\000l\000o\000\040\000s\000o\000n\000o\000r\000o}{subsection.1.3.4}% 21
\BOOKMARK [1][-]{section.1.4}{\376\377\000O\000n\000d\000e\000\040\000i\000n\000\040\000p\000i\000\371\000\040\000d\000i\000m\000e\000n\000s\000i\000o\000n\000i}{chapter.1}% 22
\BOOKMARK [2][-]{subsection.1.4.1}{\376\377\000O\000n\000d\000e\000\040\000e\000l\000a\000s\000t\000i\000c\000h\000e\000\040\000i\000n\000\040\000u\000n\000a\000\040\000m\000e\000m\000b\000r\000a\000n\000a\000\040\000t\000e\000s\000a}{section.1.4}% 23
\BOOKMARK [2][-]{subsection.1.4.2}{\376\377\000O\000n\000d\000e\000\040\000s\000f\000e\000r\000i\000c\000h\000e}{section.1.4}% 24
\BOOKMARK [3][-]{equation.1.4.16}{\376\377\000I\000n\000t\000e\000n\000s\000i\000t\000\340}{subsection.1.4.2}% 25
\BOOKMARK [2][-]{subsection.1.4.3}{\376\377\000O\000n\000d\000e\000\040\000c\000i\000l\000i\000n\000d\000r\000i\000c\000h\000e}{section.1.4}% 26
\BOOKMARK [2][-]{subsection.1.4.4}{\376\377\000A\000s\000s\000o\000r\000b\000i\000m\000e\000n\000t\000o\000\040\000d\000e\000l\000l\000'\000e\000n\000e\000r\000g\000i\000a}{section.1.4}% 27
\BOOKMARK [1][-]{section.1.5}{\376\377\000P\000a\000c\000c\000h\000e\000t\000t\000i\000\040\000d\000'\000o\000n\000d\000e}{chapter.1}% 28
\BOOKMARK [2][-]{subsection.1.5.1}{\376\377\000V\000e\000l\000o\000c\000i\000t\000\340\000\040\000d\000i\000\040\000f\000a\000s\000e\000\040\000e\000\040\000v\000e\000l\000o\000c\000i\000t\000\340\000\040\000d\000i\000\040\000g\000r\000u\000p\000p\000o}{section.1.5}% 29
\BOOKMARK [1][-]{section.1.6}{\376\377\000E\000f\000f\000e\000t\000t\000o\000\040\000D\000o\000p\000p\000l\000e\000r}{chapter.1}% 30
\BOOKMARK [2][-]{subsection.1.6.1}{\376\377\000S\000o\000r\000g\000e\000n\000t\000e\000\040\000i\000n\000\040\000m\000o\000t\000o}{section.1.6}% 31
\BOOKMARK [2][-]{subsection.1.6.2}{\376\377\000R\000i\000v\000e\000l\000a\000t\000o\000r\000e\000\040\000i\000n\000\040\000m\000o\000t\000o}{section.1.6}% 32
\BOOKMARK [2][-]{subsection.1.6.3}{\376\377\000E\000s\000p\000r\000e\000s\000s\000i\000o\000n\000e\000\040\000g\000e\000n\000e\000r\000a\000l\000e}{section.1.6}% 33
\BOOKMARK [2][-]{subsection.1.6.4}{\376\377\000O\000n\000d\000a\000\040\000d\000'\000u\000r\000t\000o}{section.1.6}% 34
\BOOKMARK [2][-]{subsection.1.6.5}{\376\377\000O\000n\000d\000e\000\040\000s\000f\000e\000r\000i\000c\000h\000e}{section.1.6}% 35
\BOOKMARK [1][-]{section.1.7}{\376\377\000I\000n\000t\000e\000r\000f\000e\000r\000e\000n\000z\000a}{chapter.1}% 36
\BOOKMARK [2][-]{subsection.1.7.1}{\376\377\000I\000n\000t\000e\000r\000f\000e\000r\000e\000n\000z\000a\000\040\000c\000o\000n\000\040\000s\000t\000e\000s\000s\000a\000\040\000a\000m\000p\000i\000e\000z\000z\000a}{section.1.7}% 37
\BOOKMARK [2][-]{subsection.1.7.2}{\376\377\000I\000n\000t\000e\000r\000f\000e\000r\000e\000n\000z\000a\000\040\000c\000o\000s\000t\000r\000u\000t\000t\000i\000v\000a\000\040\000e\000\040\000d\000i\000s\000t\000r\000u\000t\000t\000i\000v\000a}{section.1.7}% 38
